<?xml version="1.0" encoding="UTF-8"?>
<robot generator="Robot 6.0.2 (Python 3.10.6 on win32)" generated="20230330 11:22:28.959" rpa="false" schemaversion="3">
<suite id="s1" name="provaMobile" source="C:\Users\nincanti\IdeaProjects\provaRobotFrameworkMobile\provaMobile.robot">
<kw name="Open nexipay" type="SETUP">
<kw name="Open Application" library="AppiumLibrary">
<arg>${DEV.APPIUM_SERVER}</arg>
<arg>platformName=android</arg>
<arg>platformVersion=${DEV.PLATFORM_VERSION}</arg>
<arg>deviceName=${DEV.DEVICE_NAME}</arg>
<arg>appPackage=${DEV.PACKAGE_NAME}</arg>
<arg>appActivity=${DEV.ACTIVITY_NAME}</arg>
<arg>automationName=UiAutomator2</arg>
<arg>newCommandTimeout=2500</arg>
<doc>Opens a new application to given Appium server.
Capabilities of appium server, Android and iOS,
Please check https://github.com/appium/appium/blob/master/docs/en/writing-running-appium/server-args.md
| *Option*            | *Man.* | *Description*     |
| remote_url          | Yes    | Appium server url |
| alias               | no     | alias             |
| strict_ssl          | No     | allows you to send commands to an invalid certificate host like a self-signed one. |</doc>
<status status="PASS" starttime="20230330 11:22:29.278" endtime="20230330 11:22:35.737"/>
</kw>
<status status="PASS" starttime="20230330 11:22:29.277" endtime="20230330 11:22:35.737"/>
</kw>
<test id="s1-t1" name="Open Application" line="51">
<kw name="Open Application" library="AppiumLibrary">
<arg>${DEV.APPIUM_SERVER}</arg>
<arg>platformName=android</arg>
<arg>platformVersion=${DEV.PLATFORM_VERSION}</arg>
<arg>deviceName=${DEV.DEVICE_NAME}</arg>
<arg>appPackage=${DEV.PACKAGE_NAME}</arg>
<arg>appActivity=${DEV.ACTIVITY_NAME}</arg>
<arg>automationName=UiAutomator2</arg>
<arg>newCommandTimeout=2500</arg>
<doc>Opens a new application to given Appium server.
Capabilities of appium server, Android and iOS,
Please check https://github.com/appium/appium/blob/master/docs/en/writing-running-appium/server-args.md
| *Option*            | *Man.* | *Description*     |
| remote_url          | Yes    | Appium server url |
| alias               | no     | alias             |
| strict_ssl          | No     | allows you to send commands to an invalid certificate host like a self-signed one. |</doc>
<status status="PASS" starttime="20230330 11:22:35.738" endtime="20230330 11:22:42.917"/>
</kw>
<kw name="Wait Until Page Contains Element" library="AppiumLibrary">
<arg>//android.widget.TextView[@text="SETTINGS"]</arg>
<doc>Waits until element specified with `locator` appears on current page.</doc>
<msg timestamp="20230330 11:22:43.822" level="INFO">xpath criteria: //android.widget.TextView[@text="SETTINGS"]</msg>
<status status="PASS" starttime="20230330 11:22:42.917" endtime="20230330 11:22:43.822"/>
</kw>
<kw name="Click Element" library="AppiumLibrary">
<arg>id=android:id/text1</arg>
<doc>Click element identified by `locator`.</doc>
<msg timestamp="20230330 11:22:43.827" level="INFO">Clicking element 'id=android:id/text1'.</msg>
<msg timestamp="20230330 11:22:43.912" level="INFO">criteria is android:id/text1</msg>
<status status="PASS" starttime="20230330 11:22:43.823" endtime="20230330 11:22:43.912"/>
</kw>
<kw name="Wait Until Page Contains Element" library="AppiumLibrary">
<arg>//android.widget.CheckedTextView[@text="Staging"]</arg>
<doc>Waits until element specified with `locator` appears on current page.</doc>
<msg timestamp="20230330 11:22:44.775" level="INFO">xpath criteria: //android.widget.CheckedTextView[@text="Staging"]
xpath criteria: //android.widget.CheckedTextView[@text="Staging"]</msg>
<status status="PASS" starttime="20230330 11:22:43.912" endtime="20230330 11:22:44.775"/>
</kw>
<kw name="Click Element" library="AppiumLibrary">
<arg>//android.widget.CheckedTextView[@text="Staging"]</arg>
<doc>Click element identified by `locator`.</doc>
<msg timestamp="20230330 11:22:44.777" level="INFO">Clicking element '//android.widget.CheckedTextView[@text="Staging"]'.</msg>
<msg timestamp="20230330 11:22:45.399" level="INFO">xpath criteria: //android.widget.CheckedTextView[@text="Staging"]</msg>
<status status="PASS" starttime="20230330 11:22:44.775" endtime="20230330 11:22:45.399"/>
</kw>
<kw name="Click Element" library="AppiumLibrary">
<arg>//android.widget.Switch[@class="android.widget.Switch"]</arg>
<doc>Click element identified by `locator`.</doc>
<msg timestamp="20230330 11:22:45.402" level="INFO">Clicking element '//android.widget.Switch[@class="android.widget.Switch"]'.</msg>
<msg timestamp="20230330 11:22:45.568" level="INFO">xpath criteria: //android.widget.Switch[@class="android.widget.Switch"]</msg>
<status status="PASS" starttime="20230330 11:22:45.400" endtime="20230330 11:22:45.570"/>
</kw>
<kw name="Click Element" library="AppiumLibrary">
<arg>//android.widget.Button[@text="SAVE &amp; RESTART"]</arg>
<doc>Click element identified by `locator`.</doc>
<msg timestamp="20230330 11:22:45.571" level="INFO">Clicking element '//android.widget.Button[@text="SAVE &amp; RESTART"]'.</msg>
<msg timestamp="20230330 11:22:46.203" level="INFO">xpath criteria: //android.widget.Button[@text="SAVE &amp; RESTART"]</msg>
<status status="PASS" starttime="20230330 11:22:45.570" endtime="20230330 11:22:46.203"/>
</kw>
<kw name="Wait Until Page Contains Element" library="AppiumLibrary">
<arg>//android.widget.Button[@text="ACCONSENTO"]</arg>
<doc>Waits until element specified with `locator` appears on current page.</doc>
<msg timestamp="20230330 11:22:51.567" level="INFO">xpath criteria: //android.widget.Button[@text="ACCONSENTO"]</msg>
<status status="PASS" starttime="20230330 11:22:46.203" endtime="20230330 11:22:51.567"/>
</kw>
<kw name="Click Element" library="AppiumLibrary">
<arg>//android.widget.Button[@text="ACCONSENTO"]</arg>
<doc>Click element identified by `locator`.</doc>
<msg timestamp="20230330 11:22:51.570" level="INFO">Clicking element '//android.widget.Button[@text="ACCONSENTO"]'.</msg>
<msg timestamp="20230330 11:23:22.823" level="INFO">xpath criteria: //android.widget.Button[@text="ACCONSENTO"]</msg>
<status status="PASS" starttime="20230330 11:22:51.568" endtime="20230330 11:23:22.823"/>
</kw>
<kw name="Wait Until Page Contains Element" library="AppiumLibrary">
<arg>${LOGIN-SUBMIT-BUTTON2}</arg>
<doc>Waits until element specified with `locator` appears on current page.</doc>
<msg timestamp="20230330 11:23:26.064" level="INFO">xpath criteria: //android.widget.TextView[@text="ACCEDI"]
xpath criteria: //android.widget.TextView[@text="ACCEDI"]
xpath criteria: //android.widget.TextView[@text="ACCEDI"]
xpath criteria: //android.widget.TextView[@text="ACCEDI"]
xpath criteria: //android.widget.TextView[@text="ACCEDI"]
xpath criteria: //android.widget.TextView[@text="ACCEDI"]
xpath criteria: //android.widget.TextView[@text="ACCEDI"]
xpath criteria: //android.widget.TextView[@text="ACCEDI"]
xpath criteria: //android.widget.TextView[@text="ACCEDI"]
xpath criteria: //android.widget.TextView[@text="ACCEDI"]
xpath criteria: //android.widget.TextView[@text="ACCEDI"]</msg>
<status status="PASS" starttime="20230330 11:23:22.824" endtime="20230330 11:23:26.064"/>
</kw>
<kw name="Click Element" library="AppiumLibrary">
<arg>${LOGIN-SUBMIT-BUTTON2}</arg>
<doc>Click element identified by `locator`.</doc>
<msg timestamp="20230330 11:23:26.068" level="INFO">Clicking element '//android.widget.TextView[@text="ACCEDI"]'.</msg>
<msg timestamp="20230330 11:23:26.229" level="INFO">xpath criteria: //android.widget.TextView[@text="ACCEDI"]</msg>
<status status="PASS" starttime="20230330 11:23:26.065" endtime="20230330 11:23:26.229"/>
</kw>
<kw name="Wait Until Page Contains Element" library="AppiumLibrary">
<arg>//android.widget.EditText[@text="Email"]</arg>
<doc>Waits until element specified with `locator` appears on current page.</doc>
<msg timestamp="20230330 11:23:27.089" level="INFO">xpath criteria: //android.widget.EditText[@text="Email"]
xpath criteria: //android.widget.EditText[@text="Email"]</msg>
<status status="PASS" starttime="20230330 11:23:26.230" endtime="20230330 11:23:27.089"/>
</kw>
<kw name="Input Text" library="AppiumLibrary">
<arg>//android.widget.EditText[@text="Email"]</arg>
<arg>${Email}</arg>
<doc>Types the given `text` into text field identified by `locator`.</doc>
<msg timestamp="20230330 11:23:27.093" level="INFO">Typing text 'carta.excellence@yopmail.com' into text field '//android.widget.EditText[@text="Email"]'</msg>
<msg timestamp="20230330 11:23:27.811" level="INFO">xpath criteria: //android.widget.EditText[@text="Email"]</msg>
<status status="PASS" starttime="20230330 11:23:27.090" endtime="20230330 11:23:27.811"/>
</kw>
<kw name="Input Text" library="AppiumLibrary">
<arg>//android.widget.EditText[@text="Password"]</arg>
<arg>${Password}</arg>
<doc>Types the given `text` into text field identified by `locator`.</doc>
<msg timestamp="20230330 11:23:27.813" level="INFO">Typing text 'Cartasi02' into text field '//android.widget.EditText[@text="Password"]'</msg>
<msg timestamp="20230330 11:23:29.033" level="INFO">xpath criteria: //android.widget.EditText[@text="Password"]</msg>
<status status="PASS" starttime="20230330 11:23:27.811" endtime="20230330 11:23:29.033"/>
</kw>
<kw name="Click Element" library="AppiumLibrary">
<arg>//android.widget.Button[@text="ENTRA"]</arg>
<doc>Click element identified by `locator`.</doc>
<msg timestamp="20230330 11:23:29.036" level="INFO">Clicking element '//android.widget.Button[@text="ENTRA"]'.</msg>
<msg timestamp="20230330 11:23:29.624" level="INFO">xpath criteria: //android.widget.Button[@text="ENTRA"]</msg>
<status status="PASS" starttime="20230330 11:23:29.033" endtime="20230330 11:23:29.624"/>
</kw>
<kw name="Wait Until Page Contains Element" library="AppiumLibrary">
<arg>id=it.icbpi.mobile:id/second_button</arg>
<doc>Waits until element specified with `locator` appears on current page.</doc>
<msg timestamp="20230330 11:23:30.237" level="INFO">criteria is it.icbpi.mobile:id/second_button
criteria is it.icbpi.mobile:id/second_button</msg>
<status status="PASS" starttime="20230330 11:23:29.625" endtime="20230330 11:23:30.237"/>
</kw>
<kw name="Click Element" library="AppiumLibrary">
<arg>id=it.icbpi.mobile:id/second_button</arg>
<doc>Click element identified by `locator`.</doc>
<msg timestamp="20230330 11:23:30.240" level="INFO">Clicking element 'id=it.icbpi.mobile:id/second_button'.</msg>
<msg timestamp="20230330 11:23:30.339" level="INFO">criteria is it.icbpi.mobile:id/second_button</msg>
<status status="PASS" starttime="20230330 11:23:30.237" endtime="20230330 11:23:30.339"/>
</kw>
<kw name="Sleep" library="BuiltIn">
<arg>5s</arg>
<doc>Pauses the test executed for the given time.</doc>
<msg timestamp="20230330 11:23:35.342" level="INFO">Slept 5 seconds</msg>
<status status="PASS" starttime="20230330 11:23:30.340" endtime="20230330 11:23:35.342"/>
</kw>
<kw name="Click Element" library="AppiumLibrary">
<arg>//hierarchy/android.widget.FrameLayout/android.widget.LinearLayout/android.widget.FrameLayout/android.widget.RelativeLayout/android.widget.Button</arg>
<doc>Click element identified by `locator`.</doc>
<msg timestamp="20230330 11:23:35.343" level="INFO">Clicking element '//hierarchy/android.widget.FrameLayout/android.widget.LinearLayout/android.widget.FrameLayout/android.widget.RelativeLayout/android.widget.Button'.</msg>
<msg timestamp="20230330 11:23:35.459" level="INFO">xpath criteria: //hierarchy/android.widget.FrameLayout/android.widget.LinearLayout/android.widget.FrameLayout/android.widget.RelativeLayout/android.widget.Button</msg>
<status status="PASS" starttime="20230330 11:23:35.343" endtime="20230330 11:23:35.459"/>
</kw>
<kw name="Wait Until Page Contains Element" library="AppiumLibrary">
<arg>//android.widget.Button[@text="ACCETTA LE CONDIZIONI"]</arg>
<doc>Waits until element specified with `locator` appears on current page.</doc>
<msg timestamp="20230330 11:23:36.402" level="INFO">xpath criteria: //android.widget.Button[@text="ACCETTA LE CONDIZIONI"]</msg>
<status status="PASS" starttime="20230330 11:23:35.459" endtime="20230330 11:23:36.402"/>
</kw>
<kw name="Click Element" library="AppiumLibrary">
<arg>//android.widget.Button[@text="ACCETTA LE CONDIZIONI"]</arg>
<doc>Click element identified by `locator`.</doc>
<msg timestamp="20230330 11:23:36.405" level="INFO">Clicking element '//android.widget.Button[@text="ACCETTA LE CONDIZIONI"]'.</msg>
<msg timestamp="20230330 11:23:36.516" level="INFO">xpath criteria: //android.widget.Button[@text="ACCETTA LE CONDIZIONI"]</msg>
<status status="PASS" starttime="20230330 11:23:36.403" endtime="20230330 11:23:36.516"/>
</kw>
<kw name="Sleep" library="BuiltIn">
<arg>8s</arg>
<doc>Pauses the test executed for the given time.</doc>
<msg timestamp="20230330 11:23:44.517" level="INFO">Slept 8 seconds</msg>
<status status="PASS" starttime="20230330 11:23:36.516" endtime="20230330 11:23:44.517"/>
</kw>
<kw name="Wait Until Page Contains Element" library="AppiumLibrary">
<arg>//android.widget.TextView[@text="Scegline uno"]</arg>
<doc>Waits until element specified with `locator` appears on current page.</doc>
<msg timestamp="20230330 11:23:45.279" level="INFO">xpath criteria: //android.widget.TextView[@text="Scegline uno"]
xpath criteria: //android.widget.TextView[@text="Scegline uno"]</msg>
<status status="PASS" starttime="20230330 11:23:44.517" endtime="20230330 11:23:45.279"/>
</kw>
<kw name="Click Element" library="AppiumLibrary">
<arg>//android.widget.TextView[@text="Scegline uno"]</arg>
<doc>Click element identified by `locator`.</doc>
<msg timestamp="20230330 11:23:45.281" level="INFO">Clicking element '//android.widget.TextView[@text="Scegline uno"]'.</msg>
<msg timestamp="20230330 11:23:45.387" level="INFO">xpath criteria: //android.widget.TextView[@text="Scegline uno"]</msg>
<status status="PASS" starttime="20230330 11:23:45.280" endtime="20230330 11:23:45.387"/>
</kw>
<kw name="Wait Until Page Contains Element" library="AppiumLibrary">
<arg>//android.widget.TextView[@text="********00"]</arg>
<doc>Waits until element specified with `locator` appears on current page.</doc>
<msg timestamp="20230330 11:23:46.259" level="INFO">xpath criteria: //android.widget.TextView[@text="********00"]
xpath criteria: //android.widget.TextView[@text="********00"]</msg>
<status status="PASS" starttime="20230330 11:23:45.388" endtime="20230330 11:23:46.260"/>
</kw>
<kw name="Click Element" library="AppiumLibrary">
<arg>//android.widget.TextView[@text="********00"]</arg>
<doc>Click element identified by `locator`.</doc>
<msg timestamp="20230330 11:23:46.262" level="INFO">Clicking element '//android.widget.TextView[@text="********00"]'.</msg>
<msg timestamp="20230330 11:23:46.363" level="INFO">xpath criteria: //android.widget.TextView[@text="********00"]</msg>
<status status="PASS" starttime="20230330 11:23:46.260" endtime="20230330 11:23:46.363"/>
</kw>
<kw name="Click Element" library="AppiumLibrary">
<arg>//android.widget.Button[@text="CONTINUA"]</arg>
<doc>Click element identified by `locator`.</doc>
<msg timestamp="20230330 11:23:46.366" level="INFO">Clicking element '//android.widget.Button[@text="CONTINUA"]'.</msg>
<msg timestamp="20230330 11:23:47.242" level="INFO">xpath criteria: //android.widget.Button[@text="CONTINUA"]</msg>
<status status="PASS" starttime="20230330 11:23:46.364" endtime="20230330 11:23:47.242"/>
</kw>
<kw name="Wait Until Page Contains Element" library="AppiumLibrary">
<arg>//android.widget.TextView[@text="VERIFICA D'IDENTITÀ"]</arg>
<doc>Waits until element specified with `locator` appears on current page.</doc>
<msg timestamp="20230330 11:23:48.704" level="INFO">xpath criteria: //android.widget.TextView[@text="VERIFICA D'IDENTITÀ"]
xpath criteria: //android.widget.TextView[@text="VERIFICA D'IDENTITÀ"]
xpath criteria: //android.widget.TextView[@text="VERIFICA D'IDENTITÀ"]</msg>
<status status="PASS" starttime="20230330 11:23:47.243" endtime="20230330 11:23:48.704"/>
</kw>
<kw name="Sleep" library="BuiltIn">
<arg>8s</arg>
<doc>Pauses the test executed for the given time.</doc>
<msg timestamp="20230330 11:23:56.706" level="INFO">Slept 8 seconds</msg>
<status status="PASS" starttime="20230330 11:23:48.704" endtime="20230330 11:23:56.706"/>
</kw>
<kw name="Run Keyword" library="BuiltIn">
<arg>Get OTP from API Response</arg>
<doc>Executes the given keyword with the given arguments.</doc>
<kw name="Get OTP from API Response" library="GetRequest">
<tag>get</tag>
<kw name="GET" library="RequestsLibrary">
<var>${resp}</var>
<arg>url=https://stgapi.nexi.it/mfa/getlastotp?user=carta.excellence@yopmail.com</arg>
<doc>Sends a GET request.</doc>
<msg timestamp="20230330 11:23:56.908" level="INFO">GET Request : url=https://stgapi.nexi.it/mfa/getlastotp?user=carta.excellence@yopmail.com 
 path_url=/mfa/getlastotp?user=carta.excellence@yopmail.com 
 headers={'User-Agent': 'python-requests/2.28.2', 'Accept-Encoding': 'gzip, deflate', 'Accept': '*/*', 'Connection': 'keep-alive'} 
 body=None 
 </msg>
<msg timestamp="20230330 11:23:56.908" level="INFO">GET Response : url=https://stgapi.nexi.it/mfa/getlastotp?user=carta.excellence@yopmail.com 
 status=200, reason=OK 
 headers={'Content-Type': 'text/html;charset=UTF-8', 'Date': 'Thu, 30 Mar 2023 09:23:55 GMT', 'Set-Cookie': 'lb_cookie=rd9o00000000000000000000ffff0a0a08c9o8443; expires=Fri, 31-Mar-2023 09:23:56 GMT; path=/, erps=56e971bea9f2a7a318fc3c9a6e89dd3c; Path=/; Domain=stgapi.nexi.it; Expires=Thu, 30-Mar-2023 09:53:56 GMT, erbn=b78ef047e1ff5e0619c65a6b4754f00e; Path=/; Domain=stgapi.nexi.it; Expires=Fri, 29-Mar-2024 09:23:56 GMT, TS01e3ab9a=01fedd29962bf4f66043d1ad4d15447374c15f6b03d6e21edad7e9048e1a505661fbf79e6eacf8f2109a4aa2e0db463b16d3407e6c; Path=/, TS0112bee4=01fedd29962bf4f66043d1ad4d15447374c15f6b03d6e21edad7e9048e1a505661fbf79e6eacf8f2109a4aa2e0db463b16d3407e6c; path=/; domain=stgapi.nexi.it', 'uniqueid': 'a29da17753479bf47ff81850f4864370', 'Vary': 'Accept-Encoding', 'Content-Encoding': 'gzip', 'Transfer-Encoding': 'chunked'} 
 body=&lt;html&gt;
&lt;/br&gt;
user: carta.excellence@yopmail.com OTP 990745
&lt;/html&gt;
&lt;br&gt;
&lt;/html&gt; 
 </msg>
<msg timestamp="20230330 11:23:56.908" level="INFO">${resp} = &lt;Response [200]&gt;</msg>
<status status="PASS" starttime="20230330 11:23:56.707" endtime="20230330 11:23:56.908"/>
</kw>
<kw name="Split String" library="String">
<var>${otp_string}</var>
<arg>${resp.text}</arg>
<arg>OTP</arg>
<doc>Splits the ``string`` using ``separator`` as a delimiter string.</doc>
<msg timestamp="20230330 11:23:56.909" level="INFO">${otp_string} = ['&lt;html&gt;\n&lt;/br&gt;\r\nuser: carta.excellence@yopmail.com ', ' 990745\n&lt;/html&gt;\r\n&lt;br&gt;\n&lt;/html&gt;']</msg>
<status status="PASS" starttime="20230330 11:23:56.908" endtime="20230330 11:23:56.909"/>
</kw>
<kw name="Split String" library="String">
<var>${otp_string2}</var>
<arg>${otp_string[1]}</arg>
<arg>&lt;/</arg>
<doc>Splits the ``string`` using ``separator`` as a delimiter string.</doc>
<msg timestamp="20230330 11:23:56.910" level="INFO">${otp_string2} = [' 990745\n', 'html&gt;\r\n&lt;br&gt;\n', 'html&gt;']</msg>
<status status="PASS" starttime="20230330 11:23:56.909" endtime="20230330 11:23:56.910"/>
</kw>
<kw name="Set Variable" library="BuiltIn">
<var>${numero}</var>
<arg>${otp_string2[0].strip()}</arg>
<doc>Returns the given values which can then be assigned to a variables.</doc>
<msg timestamp="20230330 11:23:56.911" level="INFO">${numero} = 990745</msg>
<status status="PASS" starttime="20230330 11:23:56.910" endtime="20230330 11:23:56.911"/>
</kw>
<kw name="Split String To Characters" library="String">
<var>${lista}</var>
<arg>${numero}</arg>
<doc>Splits the given ``string`` to characters.</doc>
<msg timestamp="20230330 11:23:56.911" level="INFO">${lista} = ['9', '9', '0', '7', '4', '5']</msg>
<status status="PASS" starttime="20230330 11:23:56.911" endtime="20230330 11:23:56.911"/>
</kw>
<kw name="Sleep" library="BuiltIn">
<arg>8s</arg>
<doc>Pauses the test executed for the given time.</doc>
<msg timestamp="20230330 11:24:04.912" level="INFO">Slept 8 seconds</msg>
<status status="PASS" starttime="20230330 11:23:56.911" endtime="20230330 11:24:04.912"/>
</kw>
<kw name="Input Text" library="AppiumLibrary">
<arg>//android.widget.RelativeLayout[1]/android.widget.RelativeLayout[1]//android.widget.EditText</arg>
<arg>${lista[0]}</arg>
<doc>Types the given `text` into text field identified by `locator`.</doc>
<msg timestamp="20230330 11:24:04.913" level="INFO">Typing text '9' into text field '//android.widget.RelativeLayout[1]/android.widget.RelativeLayout[1]//android.widget.EditText'</msg>
<msg timestamp="20230330 11:24:05.051" level="INFO">xpath criteria: //android.widget.RelativeLayout[1]/android.widget.RelativeLayout[1]//android.widget.EditText</msg>
<status status="PASS" starttime="20230330 11:24:04.912" endtime="20230330 11:24:05.052"/>
</kw>
<kw name="Input Text" library="AppiumLibrary">
<arg>//android.widget.RelativeLayout[2]/android.widget.RelativeLayout//android.widget.EditText</arg>
<arg>${lista[1]}</arg>
<doc>Types the given `text` into text field identified by `locator`.</doc>
<msg timestamp="20230330 11:24:05.055" level="INFO">Typing text '9' into text field '//android.widget.RelativeLayout[2]/android.widget.RelativeLayout//android.widget.EditText'</msg>
<msg timestamp="20230330 11:24:05.849" level="INFO">xpath criteria: //android.widget.RelativeLayout[2]/android.widget.RelativeLayout//android.widget.EditText</msg>
<status status="PASS" starttime="20230330 11:24:05.053" endtime="20230330 11:24:05.849"/>
</kw>
<kw name="Input Text" library="AppiumLibrary">
<arg>//android.widget.RelativeLayout[3]//android.widget.EditText</arg>
<arg>${lista[2]}</arg>
<doc>Types the given `text` into text field identified by `locator`.</doc>
<msg timestamp="20230330 11:24:05.852" level="INFO">Typing text '0' into text field '//android.widget.RelativeLayout[3]//android.widget.EditText'</msg>
<msg timestamp="20230330 11:24:06.488" level="INFO">xpath criteria: //android.widget.RelativeLayout[3]//android.widget.EditText</msg>
<status status="PASS" starttime="20230330 11:24:05.849" endtime="20230330 11:24:06.489"/>
</kw>
<kw name="Input Text" library="AppiumLibrary">
<arg>//android.widget.RelativeLayout[4]//android.widget.EditText</arg>
<arg>${lista[3]}</arg>
<doc>Types the given `text` into text field identified by `locator`.</doc>
<msg timestamp="20230330 11:24:06.491" level="INFO">Typing text '7' into text field '//android.widget.RelativeLayout[4]//android.widget.EditText'</msg>
<msg timestamp="20230330 11:24:07.147" level="INFO">xpath criteria: //android.widget.RelativeLayout[4]//android.widget.EditText</msg>
<status status="PASS" starttime="20230330 11:24:06.489" endtime="20230330 11:24:07.147"/>
</kw>
<kw name="Input Text" library="AppiumLibrary">
<arg>//android.widget.RelativeLayout[5]//android.widget.EditText</arg>
<arg>${lista[4]}</arg>
<doc>Types the given `text` into text field identified by `locator`.</doc>
<msg timestamp="20230330 11:24:07.149" level="INFO">Typing text '4' into text field '//android.widget.RelativeLayout[5]//android.widget.EditText'</msg>
<msg timestamp="20230330 11:24:07.799" level="INFO">xpath criteria: //android.widget.RelativeLayout[5]//android.widget.EditText</msg>
<status status="PASS" starttime="20230330 11:24:07.147" endtime="20230330 11:24:07.799"/>
</kw>
<kw name="Input Text" library="AppiumLibrary">
<arg>//android.widget.RelativeLayout[6]//android.widget.EditText</arg>
<arg>${lista[5]}</arg>
<doc>Types the given `text` into text field identified by `locator`.</doc>
<msg timestamp="20230330 11:24:07.801" level="INFO">Typing text '5' into text field '//android.widget.RelativeLayout[6]//android.widget.EditText'</msg>
<msg timestamp="20230330 11:24:08.399" level="INFO">xpath criteria: //android.widget.RelativeLayout[6]//android.widget.EditText</msg>
<status status="PASS" starttime="20230330 11:24:07.799" endtime="20230330 11:24:08.399"/>
</kw>
<kw name="Click Element" library="AppiumLibrary">
<arg>id=it.icbpi.mobile:id/second_button</arg>
<doc>Click element identified by `locator`.</doc>
<msg timestamp="20230330 11:24:08.401" level="INFO">Clicking element 'id=it.icbpi.mobile:id/second_button'.</msg>
<msg timestamp="20230330 11:24:09.006" level="INFO">criteria is it.icbpi.mobile:id/second_button</msg>
<status status="PASS" starttime="20230330 11:24:08.399" endtime="20230330 11:24:09.006"/>
</kw>
<status status="PASS" starttime="20230330 11:23:56.707" endtime="20230330 11:24:09.006"/>
</kw>
<status status="PASS" starttime="20230330 11:23:56.707" endtime="20230330 11:24:09.006"/>
</kw>
<kw name="Sleep" library="BuiltIn">
<arg>8s</arg>
<doc>Pauses the test executed for the given time.</doc>
<msg timestamp="20230330 11:24:17.007" level="INFO">Slept 8 seconds</msg>
<status status="PASS" starttime="20230330 11:24:09.007" endtime="20230330 11:24:17.007"/>
</kw>
<kw name="Wait Until Page Contains Element" library="AppiumLibrary">
<arg>//android.widget.TextView[@content-desc="VISUALIZZA DATI CARTA button"]</arg>
<doc>Waits until element specified with `locator` appears on current page.</doc>
<msg timestamp="20230330 11:24:19.705" level="INFO">xpath criteria: //android.widget.TextView[@content-desc="VISUALIZZA DATI CARTA button"]</msg>
<status status="PASS" starttime="20230330 11:24:17.008" endtime="20230330 11:24:19.705"/>
</kw>
<tag>GET</tag>
<status status="PASS" starttime="20230330 11:22:35.737" endtime="20230330 11:24:19.706"/>
</test>
<kw name="Close Application" library="AppiumLibrary" type="TEARDOWN">
<doc>Closes the current application and also close webdriver session.</doc>
<status status="PASS" starttime="20230330 11:24:19.707" endtime="20230330 11:24:20.033"/>
</kw>
<status status="PASS" starttime="20230330 11:22:28.963" endtime="20230330 11:24:20.033"/>
</suite>
<statistics>
<total>
<stat pass="1" fail="0" skip="0">All Tests</stat>
</total>
<tag>
<stat pass="1" fail="0" skip="0">GET</stat>
</tag>
<suite>
<stat pass="1" fail="0" skip="0" id="s1" name="provaMobile">provaMobile</stat>
</suite>
</statistics>
<errors>
</errors>
</robot>
