<?xml version="1.0" encoding="UTF-8"?>
<robot generator="Robot 6.0.2 (Python 3.10.6 on win32)" generated="20230331 11:32:36.457" rpa="false" schemaversion="3">
<suite id="s1" name="provaMobile &amp; provaMobile2">
<suite id="s1-s1" name="provaMobile" source="C:\Users\nincanti\IdeaProjects\provaRobotFrameworkMobile\ProvaSuite\provaMobile.robot">
<test id="s1-s1-t1" name="LoginLunga" line="6">
<kw name="Open nexipay" library="settings">
<kw name="Open Application" library="AppiumLibrary">
<arg>${DEV.APPIUM_SERVER}</arg>
<arg>platformName=android</arg>
<arg>platformVersion=${DEV.PLATFORM_VERSION}</arg>
<arg>deviceName=${DEV.DEVICE_NAME}</arg>
<arg>appPackage=${DEV.PACKAGE_NAME}</arg>
<arg>appActivity=${DEV.ACTIVITY_NAME}</arg>
<arg>automationName=UiAutomator2</arg>
<arg>newCommandTimeout=2500</arg>
<doc>Opens a new application to given Appium server.
Capabilities of appium server, Android and iOS,
Please check https://github.com/appium/appium/blob/master/docs/en/writing-running-appium/server-args.md
| *Option*            | *Man.* | *Description*     |
| remote_url          | Yes    | Appium server url |
| alias               | no     | alias             |
| strict_ssl          | No     | allows you to send commands to an invalid certificate host like a self-signed one. |</doc>
<status status="PASS" starttime="20230331 11:32:36.703" endtime="20230331 11:32:44.045"/>
</kw>
<status status="PASS" starttime="20230331 11:32:36.702" endtime="20230331 11:32:44.045"/>
</kw>
<kw name="Wait Until Page Contains Element" library="AppiumLibrary">
<arg>//android.widget.TextView[@text="SETTINGS"]</arg>
<doc>Waits until element specified with `locator` appears on current page.</doc>
<msg timestamp="20230331 11:32:44.700" level="INFO">xpath criteria: //android.widget.TextView[@text="SETTINGS"]</msg>
<status status="PASS" starttime="20230331 11:32:44.045" endtime="20230331 11:32:44.701"/>
</kw>
<kw name="Click Element" library="AppiumLibrary">
<arg>id=android:id/text1</arg>
<doc>Click element identified by `locator`.</doc>
<msg timestamp="20230331 11:32:44.703" level="INFO">Clicking element 'id=android:id/text1'.</msg>
<msg timestamp="20230331 11:32:44.776" level="INFO">criteria is android:id/text1</msg>
<status status="PASS" starttime="20230331 11:32:44.701" endtime="20230331 11:32:44.777"/>
</kw>
<kw name="Wait Until Page Contains Element" library="AppiumLibrary">
<arg>//android.widget.CheckedTextView[@text="Staging"]</arg>
<doc>Waits until element specified with `locator` appears on current page.</doc>
<msg timestamp="20230331 11:32:45.633" level="INFO">xpath criteria: //android.widget.CheckedTextView[@text="Staging"]
xpath criteria: //android.widget.CheckedTextView[@text="Staging"]</msg>
<status status="PASS" starttime="20230331 11:32:44.777" endtime="20230331 11:32:45.633"/>
</kw>
<kw name="Click Element" library="AppiumLibrary">
<arg>//android.widget.CheckedTextView[@text="Staging"]</arg>
<doc>Click element identified by `locator`.</doc>
<msg timestamp="20230331 11:32:45.635" level="INFO">Clicking element '//android.widget.CheckedTextView[@text="Staging"]'.</msg>
<msg timestamp="20230331 11:32:46.241" level="INFO">xpath criteria: //android.widget.CheckedTextView[@text="Staging"]</msg>
<status status="PASS" starttime="20230331 11:32:45.634" endtime="20230331 11:32:46.241"/>
</kw>
<kw name="Click Element" library="AppiumLibrary">
<arg>//android.widget.Switch[@class="android.widget.Switch"]</arg>
<doc>Click element identified by `locator`.</doc>
<msg timestamp="20230331 11:32:46.243" level="INFO">Clicking element '//android.widget.Switch[@class="android.widget.Switch"]'.</msg>
<msg timestamp="20230331 11:32:46.385" level="INFO">xpath criteria: //android.widget.Switch[@class="android.widget.Switch"]</msg>
<status status="PASS" starttime="20230331 11:32:46.241" endtime="20230331 11:32:46.386"/>
</kw>
<kw name="Click Element" library="AppiumLibrary">
<arg>//android.widget.Button[@text="SAVE &amp; RESTART"]</arg>
<doc>Click element identified by `locator`.</doc>
<msg timestamp="20230331 11:32:46.387" level="INFO">Clicking element '//android.widget.Button[@text="SAVE &amp; RESTART"]'.</msg>
<msg timestamp="20230331 11:32:46.932" level="INFO">xpath criteria: //android.widget.Button[@text="SAVE &amp; RESTART"]</msg>
<status status="PASS" starttime="20230331 11:32:46.386" endtime="20230331 11:32:46.932"/>
</kw>
<kw name="Wait Until Page Contains Element" library="AppiumLibrary">
<arg>//android.widget.Button[@text="ACCONSENTO"]</arg>
<doc>Waits until element specified with `locator` appears on current page.</doc>
<msg timestamp="20230331 11:32:52.265" level="INFO">xpath criteria: //android.widget.Button[@text="ACCONSENTO"]</msg>
<status status="PASS" starttime="20230331 11:32:46.932" endtime="20230331 11:32:52.265"/>
</kw>
<kw name="Click Element" library="AppiumLibrary">
<arg>//android.widget.Button[@text="ACCONSENTO"]</arg>
<doc>Click element identified by `locator`.</doc>
<msg timestamp="20230331 11:32:52.267" level="INFO">Clicking element '//android.widget.Button[@text="ACCONSENTO"]'.</msg>
<msg timestamp="20230331 11:33:23.585" level="INFO">xpath criteria: //android.widget.Button[@text="ACCONSENTO"]</msg>
<status status="PASS" starttime="20230331 11:32:52.266" endtime="20230331 11:33:23.586"/>
</kw>
<kw name="Wait Until Page Contains Element" library="AppiumLibrary">
<arg>${LOGIN-SUBMIT-BUTTON2}</arg>
<doc>Waits until element specified with `locator` appears on current page.</doc>
<msg timestamp="20230331 11:33:26.692" level="INFO">xpath criteria: //android.widget.TextView[@text="ACCEDI"]
xpath criteria: //android.widget.TextView[@text="ACCEDI"]
xpath criteria: //android.widget.TextView[@text="ACCEDI"]
xpath criteria: //android.widget.TextView[@text="ACCEDI"]
xpath criteria: //android.widget.TextView[@text="ACCEDI"]
xpath criteria: //android.widget.TextView[@text="ACCEDI"]
xpath criteria: //android.widget.TextView[@text="ACCEDI"]
xpath criteria: //android.widget.TextView[@text="ACCEDI"]
xpath criteria: //android.widget.TextView[@text="ACCEDI"]
xpath criteria: //android.widget.TextView[@text="ACCEDI"]
xpath criteria: //android.widget.TextView[@text="ACCEDI"]</msg>
<status status="PASS" starttime="20230331 11:33:23.586" endtime="20230331 11:33:26.692"/>
</kw>
<kw name="Click Element" library="AppiumLibrary">
<arg>${LOGIN-SUBMIT-BUTTON2}</arg>
<doc>Click element identified by `locator`.</doc>
<msg timestamp="20230331 11:33:26.695" level="INFO">Clicking element '//android.widget.TextView[@text="ACCEDI"]'.</msg>
<msg timestamp="20230331 11:33:26.843" level="INFO">xpath criteria: //android.widget.TextView[@text="ACCEDI"]</msg>
<status status="PASS" starttime="20230331 11:33:26.693" endtime="20230331 11:33:26.843"/>
</kw>
<kw name="Wait Until Page Contains Element" library="AppiumLibrary">
<arg>//android.widget.EditText[@text="Email"]</arg>
<doc>Waits until element specified with `locator` appears on current page.</doc>
<msg timestamp="20230331 11:33:27.637" level="INFO">xpath criteria: //android.widget.EditText[@text="Email"]
xpath criteria: //android.widget.EditText[@text="Email"]</msg>
<status status="PASS" starttime="20230331 11:33:26.844" endtime="20230331 11:33:27.637"/>
</kw>
<kw name="Input Text" library="AppiumLibrary">
<arg>//android.widget.EditText[@text="Email"]</arg>
<arg>${Email}</arg>
<doc>Types the given `text` into text field identified by `locator`.</doc>
<msg timestamp="20230331 11:33:27.639" level="INFO">Typing text 'carta.excellence@yopmail.com' into text field '//android.widget.EditText[@text="Email"]'</msg>
<msg timestamp="20230331 11:33:28.338" level="INFO">xpath criteria: //android.widget.EditText[@text="Email"]</msg>
<status status="PASS" starttime="20230331 11:33:27.638" endtime="20230331 11:33:28.338"/>
</kw>
<kw name="Input Text" library="AppiumLibrary">
<arg>//android.widget.EditText[@text="Password"]</arg>
<arg>${Password}</arg>
<doc>Types the given `text` into text field identified by `locator`.</doc>
<msg timestamp="20230331 11:33:28.339" level="INFO">Typing text 'Cartasi02' into text field '//android.widget.EditText[@text="Password"]'</msg>
<msg timestamp="20230331 11:33:28.985" level="INFO">xpath criteria: //android.widget.EditText[@text="Password"]</msg>
<status status="PASS" starttime="20230331 11:33:28.338" endtime="20230331 11:33:28.985"/>
</kw>
<kw name="Click Element" library="AppiumLibrary">
<arg>//android.widget.Button[@text="ENTRA"]</arg>
<doc>Click element identified by `locator`.</doc>
<msg timestamp="20230331 11:33:28.988" level="INFO">Clicking element '//android.widget.Button[@text="ENTRA"]'.</msg>
<msg timestamp="20230331 11:33:29.643" level="INFO">xpath criteria: //android.widget.Button[@text="ENTRA"]</msg>
<status status="PASS" starttime="20230331 11:33:28.985" endtime="20230331 11:33:29.643"/>
</kw>
<kw name="Wait Until Page Contains Element" library="AppiumLibrary">
<arg>id=it.icbpi.mobile:id/second_button</arg>
<doc>Waits until element specified with `locator` appears on current page.</doc>
<msg timestamp="20230331 11:33:30.250" level="INFO">criteria is it.icbpi.mobile:id/second_button
criteria is it.icbpi.mobile:id/second_button</msg>
<status status="PASS" starttime="20230331 11:33:29.644" endtime="20230331 11:33:30.250"/>
</kw>
<kw name="Click Element" library="AppiumLibrary">
<arg>id=it.icbpi.mobile:id/second_button</arg>
<doc>Click element identified by `locator`.</doc>
<msg timestamp="20230331 11:33:30.252" level="INFO">Clicking element 'id=it.icbpi.mobile:id/second_button'.</msg>
<msg timestamp="20230331 11:33:30.337" level="INFO">criteria is it.icbpi.mobile:id/second_button</msg>
<status status="PASS" starttime="20230331 11:33:30.250" endtime="20230331 11:33:30.337"/>
</kw>
<kw name="Sleep" library="BuiltIn">
<arg>5s</arg>
<doc>Pauses the test executed for the given time.</doc>
<msg timestamp="20230331 11:33:35.339" level="INFO">Slept 5 seconds</msg>
<status status="PASS" starttime="20230331 11:33:30.338" endtime="20230331 11:33:35.339"/>
</kw>
<kw name="Click Element" library="AppiumLibrary">
<arg>//hierarchy/android.widget.FrameLayout/android.widget.LinearLayout/android.widget.FrameLayout/android.widget.RelativeLayout/android.widget.Button</arg>
<doc>Click element identified by `locator`.</doc>
<msg timestamp="20230331 11:33:35.340" level="INFO">Clicking element '//hierarchy/android.widget.FrameLayout/android.widget.LinearLayout/android.widget.FrameLayout/android.widget.RelativeLayout/android.widget.Button'.</msg>
<msg timestamp="20230331 11:33:35.495" level="INFO">xpath criteria: //hierarchy/android.widget.FrameLayout/android.widget.LinearLayout/android.widget.FrameLayout/android.widget.RelativeLayout/android.widget.Button</msg>
<status status="PASS" starttime="20230331 11:33:35.339" endtime="20230331 11:33:35.495"/>
</kw>
<kw name="Wait Until Page Contains Element" library="AppiumLibrary">
<arg>//android.widget.Button[@text="ACCETTA LE CONDIZIONI"]</arg>
<doc>Waits until element specified with `locator` appears on current page.</doc>
<msg timestamp="20230331 11:33:36.422" level="INFO">xpath criteria: //android.widget.Button[@text="ACCETTA LE CONDIZIONI"]</msg>
<status status="PASS" starttime="20230331 11:33:35.495" endtime="20230331 11:33:36.423"/>
</kw>
<kw name="Click Element" library="AppiumLibrary">
<arg>//android.widget.Button[@text="ACCETTA LE CONDIZIONI"]</arg>
<doc>Click element identified by `locator`.</doc>
<msg timestamp="20230331 11:33:36.424" level="INFO">Clicking element '//android.widget.Button[@text="ACCETTA LE CONDIZIONI"]'.</msg>
<msg timestamp="20230331 11:33:36.538" level="INFO">xpath criteria: //android.widget.Button[@text="ACCETTA LE CONDIZIONI"]</msg>
<status status="PASS" starttime="20230331 11:33:36.423" endtime="20230331 11:33:36.538"/>
</kw>
<kw name="Sleep" library="BuiltIn">
<arg>8s</arg>
<doc>Pauses the test executed for the given time.</doc>
<msg timestamp="20230331 11:33:44.540" level="INFO">Slept 8 seconds</msg>
<status status="PASS" starttime="20230331 11:33:36.538" endtime="20230331 11:33:44.540"/>
</kw>
<kw name="Wait Until Page Contains Element" library="AppiumLibrary">
<arg>//android.widget.TextView[@text="Scegline uno"]</arg>
<doc>Waits until element specified with `locator` appears on current page.</doc>
<msg timestamp="20230331 11:33:45.762" level="INFO">xpath criteria: //android.widget.TextView[@text="Scegline uno"]
xpath criteria: //android.widget.TextView[@text="Scegline uno"]
xpath criteria: //android.widget.TextView[@text="Scegline uno"]</msg>
<status status="PASS" starttime="20230331 11:33:44.541" endtime="20230331 11:33:45.762"/>
</kw>
<kw name="Click Element" library="AppiumLibrary">
<arg>//android.widget.TextView[@text="Scegline uno"]</arg>
<doc>Click element identified by `locator`.</doc>
<msg timestamp="20230331 11:33:45.764" level="INFO">Clicking element '//android.widget.TextView[@text="Scegline uno"]'.</msg>
<msg timestamp="20230331 11:33:45.883" level="INFO">xpath criteria: //android.widget.TextView[@text="Scegline uno"]</msg>
<status status="PASS" starttime="20230331 11:33:45.763" endtime="20230331 11:33:45.883"/>
</kw>
<kw name="Wait Until Page Contains Element" library="AppiumLibrary">
<arg>//android.widget.TextView[@text="********00"]</arg>
<doc>Waits until element specified with `locator` appears on current page.</doc>
<msg timestamp="20230331 11:33:46.806" level="INFO">xpath criteria: //android.widget.TextView[@text="********00"]</msg>
<status status="PASS" starttime="20230331 11:33:45.883" endtime="20230331 11:33:46.806"/>
</kw>
<kw name="Click Element" library="AppiumLibrary">
<arg>//android.widget.TextView[@text="********00"]</arg>
<doc>Click element identified by `locator`.</doc>
<msg timestamp="20230331 11:33:46.808" level="INFO">Clicking element '//android.widget.TextView[@text="********00"]'.</msg>
<msg timestamp="20230331 11:33:46.941" level="INFO">xpath criteria: //android.widget.TextView[@text="********00"]</msg>
<status status="PASS" starttime="20230331 11:33:46.807" endtime="20230331 11:33:46.941"/>
</kw>
<kw name="Click Element" library="AppiumLibrary">
<arg>//android.widget.Button[@text="CONTINUA"]</arg>
<doc>Click element identified by `locator`.</doc>
<msg timestamp="20230331 11:33:46.943" level="INFO">Clicking element '//android.widget.Button[@text="CONTINUA"]'.</msg>
<msg timestamp="20230331 11:33:47.841" level="INFO">xpath criteria: //android.widget.Button[@text="CONTINUA"]</msg>
<status status="PASS" starttime="20230331 11:33:46.942" endtime="20230331 11:33:47.841"/>
</kw>
<kw name="Wait Until Page Contains Element" library="AppiumLibrary">
<arg>//android.widget.TextView[@text="VERIFICA D'IDENTITÀ"]</arg>
<doc>Waits until element specified with `locator` appears on current page.</doc>
<msg timestamp="20230331 11:33:49.368" level="INFO">xpath criteria: //android.widget.TextView[@text="VERIFICA D'IDENTITÀ"]
xpath criteria: //android.widget.TextView[@text="VERIFICA D'IDENTITÀ"]
xpath criteria: //android.widget.TextView[@text="VERIFICA D'IDENTITÀ"]</msg>
<status status="PASS" starttime="20230331 11:33:47.842" endtime="20230331 11:33:49.368"/>
</kw>
<kw name="Sleep" library="BuiltIn">
<arg>8s</arg>
<doc>Pauses the test executed for the given time.</doc>
<msg timestamp="20230331 11:33:57.370" level="INFO">Slept 8 seconds</msg>
<status status="PASS" starttime="20230331 11:33:49.368" endtime="20230331 11:33:57.370"/>
</kw>
<kw name="Run Keyword" library="BuiltIn">
<arg>Get OTP from API Response</arg>
<doc>Executes the given keyword with the given arguments.</doc>
<kw name="Get OTP from API Response" library="GetRequest">
<tag>get</tag>
<kw name="GET" library="RequestsLibrary">
<var>${resp}</var>
<arg>url=https://stgapi.nexi.it/mfa/getlastotp?user=carta.excellence@yopmail.com</arg>
<doc>Sends a GET request.</doc>
<msg timestamp="20230331 11:33:57.691" level="INFO">GET Request : url=https://stgapi.nexi.it/mfa/getlastotp?user=carta.excellence@yopmail.com 
 path_url=/mfa/getlastotp?user=carta.excellence@yopmail.com 
 headers={'User-Agent': 'python-requests/2.28.2', 'Accept-Encoding': 'gzip, deflate', 'Accept': '*/*', 'Connection': 'keep-alive'} 
 body=None 
 </msg>
<msg timestamp="20230331 11:33:57.691" level="INFO">GET Response : url=https://stgapi.nexi.it/mfa/getlastotp?user=carta.excellence@yopmail.com 
 status=200, reason=OK 
 headers={'Content-Type': 'text/html;charset=UTF-8', 'Date': 'Fri, 31 Mar 2023 09:33:56 GMT', 'Set-Cookie': 'lb_cookie=rd9o00000000000000000000ffff0a0a08c8o8443; expires=Sat, 01-Apr-2023 09:33:57 GMT; path=/, erps=0d04313b0590a66b5af56e17f3323c47; Path=/; Domain=stgapi.nexi.it; Expires=Fri, 31-Mar-2023 10:03:57 GMT, erbn=980f655eb16cd1f055e59c3fd552469b; Path=/; Domain=stgapi.nexi.it; Expires=Sat, 30-Mar-2024 09:33:57 GMT, TS01e3ab9a=01fedd2996af4c1ba4a9f47cf8172a715451907d05159e8e84e62d4614ff2ea99ba07524d069d4b5dd4b765ca2e98542d60ebcf093; Path=/, TS0112bee4=01fedd2996af4c1ba4a9f47cf8172a715451907d05159e8e84e62d4614ff2ea99ba07524d069d4b5dd4b765ca2e98542d60ebcf093; path=/; domain=stgapi.nexi.it', 'uniqueid': '268c169a3da3a1f05b74d068ddf68c4d', 'Vary': 'Accept-Encoding', 'Content-Encoding': 'gzip', 'Transfer-Encoding': 'chunked'} 
 body=&lt;html&gt;
&lt;/br&gt;
user: carta.excellence@yopmail.com OTP 233851
&lt;/html&gt;
&lt;br&gt;
&lt;/html&gt; 
 </msg>
<msg timestamp="20230331 11:33:57.691" level="INFO">${resp} = &lt;Response [200]&gt;</msg>
<status status="PASS" starttime="20230331 11:33:57.372" endtime="20230331 11:33:57.691"/>
</kw>
<kw name="Split String" library="String">
<var>${otp_string}</var>
<arg>${resp.text}</arg>
<arg>OTP</arg>
<doc>Splits the ``string`` using ``separator`` as a delimiter string.</doc>
<msg timestamp="20230331 11:33:57.692" level="INFO">${otp_string} = ['&lt;html&gt;\n&lt;/br&gt;\r\nuser: carta.excellence@yopmail.com ', ' 233851\n&lt;/html&gt;\r\n&lt;br&gt;\n&lt;/html&gt;']</msg>
<status status="PASS" starttime="20230331 11:33:57.691" endtime="20230331 11:33:57.692"/>
</kw>
<kw name="Split String" library="String">
<var>${otp_string2}</var>
<arg>${otp_string[1]}</arg>
<arg>&lt;/</arg>
<doc>Splits the ``string`` using ``separator`` as a delimiter string.</doc>
<msg timestamp="20230331 11:33:57.692" level="INFO">${otp_string2} = [' 233851\n', 'html&gt;\r\n&lt;br&gt;\n', 'html&gt;']</msg>
<status status="PASS" starttime="20230331 11:33:57.692" endtime="20230331 11:33:57.692"/>
</kw>
<kw name="Set Variable" library="BuiltIn">
<var>${numero}</var>
<arg>${otp_string2[0].strip()}</arg>
<doc>Returns the given values which can then be assigned to a variables.</doc>
<msg timestamp="20230331 11:33:57.693" level="INFO">${numero} = 233851</msg>
<status status="PASS" starttime="20230331 11:33:57.692" endtime="20230331 11:33:57.693"/>
</kw>
<kw name="Split String To Characters" library="String">
<var>${lista}</var>
<arg>${numero}</arg>
<doc>Splits the given ``string`` to characters.</doc>
<msg timestamp="20230331 11:33:57.693" level="INFO">${lista} = ['2', '3', '3', '8', '5', '1']</msg>
<status status="PASS" starttime="20230331 11:33:57.693" endtime="20230331 11:33:57.693"/>
</kw>
<kw name="Sleep" library="BuiltIn">
<arg>8s</arg>
<doc>Pauses the test executed for the given time.</doc>
<msg timestamp="20230331 11:34:05.693" level="INFO">Slept 8 seconds</msg>
<status status="PASS" starttime="20230331 11:33:57.693" endtime="20230331 11:34:05.693"/>
</kw>
<kw name="Input Text" library="AppiumLibrary">
<arg>//android.widget.RelativeLayout[1]/android.widget.RelativeLayout[1]//android.widget.EditText</arg>
<arg>${lista[0]}</arg>
<doc>Types the given `text` into text field identified by `locator`.</doc>
<msg timestamp="20230331 11:34:05.695" level="INFO">Typing text '2' into text field '//android.widget.RelativeLayout[1]/android.widget.RelativeLayout[1]//android.widget.EditText'</msg>
<msg timestamp="20230331 11:34:05.842" level="INFO">xpath criteria: //android.widget.RelativeLayout[1]/android.widget.RelativeLayout[1]//android.widget.EditText</msg>
<status status="PASS" starttime="20230331 11:34:05.693" endtime="20230331 11:34:05.843"/>
</kw>
<kw name="Input Text" library="AppiumLibrary">
<arg>//android.widget.RelativeLayout[2]/android.widget.RelativeLayout//android.widget.EditText</arg>
<arg>${lista[1]}</arg>
<doc>Types the given `text` into text field identified by `locator`.</doc>
<msg timestamp="20230331 11:34:05.845" level="INFO">Typing text '3' into text field '//android.widget.RelativeLayout[2]/android.widget.RelativeLayout//android.widget.EditText'</msg>
<msg timestamp="20230331 11:34:06.596" level="INFO">xpath criteria: //android.widget.RelativeLayout[2]/android.widget.RelativeLayout//android.widget.EditText</msg>
<status status="PASS" starttime="20230331 11:34:05.843" endtime="20230331 11:34:06.596"/>
</kw>
<kw name="Input Text" library="AppiumLibrary">
<arg>//android.widget.RelativeLayout[3]//android.widget.EditText</arg>
<arg>${lista[2]}</arg>
<doc>Types the given `text` into text field identified by `locator`.</doc>
<msg timestamp="20230331 11:34:06.597" level="INFO">Typing text '3' into text field '//android.widget.RelativeLayout[3]//android.widget.EditText'</msg>
<msg timestamp="20230331 11:34:07.236" level="INFO">xpath criteria: //android.widget.RelativeLayout[3]//android.widget.EditText</msg>
<status status="PASS" starttime="20230331 11:34:06.596" endtime="20230331 11:34:07.236"/>
</kw>
<kw name="Input Text" library="AppiumLibrary">
<arg>//android.widget.RelativeLayout[4]//android.widget.EditText</arg>
<arg>${lista[3]}</arg>
<doc>Types the given `text` into text field identified by `locator`.</doc>
<msg timestamp="20230331 11:34:07.239" level="INFO">Typing text '8' into text field '//android.widget.RelativeLayout[4]//android.widget.EditText'</msg>
<msg timestamp="20230331 11:34:07.852" level="INFO">xpath criteria: //android.widget.RelativeLayout[4]//android.widget.EditText</msg>
<status status="PASS" starttime="20230331 11:34:07.236" endtime="20230331 11:34:07.852"/>
</kw>
<kw name="Input Text" library="AppiumLibrary">
<arg>//android.widget.RelativeLayout[5]//android.widget.EditText</arg>
<arg>${lista[4]}</arg>
<doc>Types the given `text` into text field identified by `locator`.</doc>
<msg timestamp="20230331 11:34:07.854" level="INFO">Typing text '5' into text field '//android.widget.RelativeLayout[5]//android.widget.EditText'</msg>
<msg timestamp="20230331 11:34:08.515" level="INFO">xpath criteria: //android.widget.RelativeLayout[5]//android.widget.EditText</msg>
<status status="PASS" starttime="20230331 11:34:07.852" endtime="20230331 11:34:08.515"/>
</kw>
<kw name="Input Text" library="AppiumLibrary">
<arg>//android.widget.RelativeLayout[6]//android.widget.EditText</arg>
<arg>${lista[5]}</arg>
<doc>Types the given `text` into text field identified by `locator`.</doc>
<msg timestamp="20230331 11:34:08.516" level="INFO">Typing text '1' into text field '//android.widget.RelativeLayout[6]//android.widget.EditText'</msg>
<msg timestamp="20230331 11:34:09.161" level="INFO">xpath criteria: //android.widget.RelativeLayout[6]//android.widget.EditText</msg>
<status status="PASS" starttime="20230331 11:34:08.515" endtime="20230331 11:34:09.161"/>
</kw>
<kw name="Click Element" library="AppiumLibrary">
<arg>id=it.icbpi.mobile:id/second_button</arg>
<doc>Click element identified by `locator`.</doc>
<msg timestamp="20230331 11:34:09.165" level="INFO">Clicking element 'id=it.icbpi.mobile:id/second_button'.</msg>
<msg timestamp="20230331 11:34:09.764" level="INFO">criteria is it.icbpi.mobile:id/second_button</msg>
<status status="PASS" starttime="20230331 11:34:09.162" endtime="20230331 11:34:09.764"/>
</kw>
<status status="PASS" starttime="20230331 11:33:57.371" endtime="20230331 11:34:09.764"/>
</kw>
<status status="PASS" starttime="20230331 11:33:57.371" endtime="20230331 11:34:09.764"/>
</kw>
<kw name="Sleep" library="BuiltIn">
<arg>20s</arg>
<doc>Pauses the test executed for the given time.</doc>
<msg timestamp="20230331 11:34:29.766" level="INFO">Slept 20 seconds</msg>
<status status="PASS" starttime="20230331 11:34:09.765" endtime="20230331 11:34:29.766"/>
</kw>
<kw name="Wait Until Page Contains Element" library="AppiumLibrary">
<arg>//android.widget.TextView[@content-desc="VISUALIZZA DATI CARTA button"]</arg>
<doc>Waits until element specified with `locator` appears on current page.</doc>
<msg timestamp="20230331 11:34:29.927" level="INFO">xpath criteria: //android.widget.TextView[@content-desc="VISUALIZZA DATI CARTA button"]</msg>
<status status="PASS" starttime="20230331 11:34:29.766" endtime="20230331 11:34:29.927"/>
</kw>
<tag>GET</tag>
<status status="PASS" starttime="20230331 11:32:36.701" endtime="20230331 11:34:29.928"/>
</test>
<status status="PASS" starttime="20230331 11:32:36.485" endtime="20230331 11:34:29.929"/>
</suite>
<suite id="s1-s2" name="provaMobile2" source="C:\Users\nincanti\IdeaProjects\provaRobotFrameworkMobile\ProvaSuite\provaMobile2.robot">
<test id="s1-s2-t1" name="LoginCorta" line="6">
<kw name="Open nexipay" library="settings">
<kw name="Open Application" library="AppiumLibrary">
<arg>${DEV.APPIUM_SERVER}</arg>
<arg>platformName=android</arg>
<arg>platformVersion=${DEV.PLATFORM_VERSION}</arg>
<arg>deviceName=${DEV.DEVICE_NAME}</arg>
<arg>appPackage=${DEV.PACKAGE_NAME}</arg>
<arg>appActivity=${DEV.ACTIVITY_NAME}</arg>
<arg>automationName=UiAutomator2</arg>
<arg>newCommandTimeout=2500</arg>
<doc>Opens a new application to given Appium server.
Capabilities of appium server, Android and iOS,
Please check https://github.com/appium/appium/blob/master/docs/en/writing-running-appium/server-args.md
| *Option*            | *Man.* | *Description*     |
| remote_url          | Yes    | Appium server url |
| alias               | no     | alias             |
| strict_ssl          | No     | allows you to send commands to an invalid certificate host like a self-signed one. |</doc>
<status status="PASS" starttime="20230331 11:34:29.939" endtime="20230331 11:34:37.486"/>
</kw>
<status status="PASS" starttime="20230331 11:34:29.939" endtime="20230331 11:34:37.486"/>
</kw>
<kw name="Wait Until Page Contains Element" library="AppiumLibrary">
<arg>//android.widget.TextView[@text="SETTINGS"]</arg>
<doc>Waits until element specified with `locator` appears on current page.</doc>
<msg timestamp="20230331 11:34:38.362" level="INFO">xpath criteria: //android.widget.TextView[@text="SETTINGS"]</msg>
<status status="PASS" starttime="20230331 11:34:37.487" endtime="20230331 11:34:38.362"/>
</kw>
<kw name="Click Element" library="AppiumLibrary">
<arg>id=android:id/text1</arg>
<doc>Click element identified by `locator`.</doc>
<msg timestamp="20230331 11:34:38.363" level="INFO">Clicking element 'id=android:id/text1'.</msg>
<msg timestamp="20230331 11:34:38.438" level="INFO">criteria is android:id/text1</msg>
<status status="PASS" starttime="20230331 11:34:38.362" endtime="20230331 11:34:38.438"/>
</kw>
<kw name="Wait Until Page Contains Element" library="AppiumLibrary">
<arg>//android.widget.TextView[@content-desc="VISUALIZZA DATI CARTA button"]</arg>
<doc>Waits until element specified with `locator` appears on current page.</doc>
<msg timestamp="20230331 11:34:43.673" level="INFO">&lt;?xml version='1.0' encoding='UTF-8' standalone='yes' ?&gt;
&lt;hierarchy index="0" class="hierarchy" rotation="0" width="1080" height="2211"&gt;
  &lt;android.widget.FrameLayout index="0" package="it.icbpi.mobile" class="android.widget.FrameLayout" text="" checkable="false" checked="false" clickable="false" enabled="true" focusable="false" focused="false" long-clickable="false" password="false" scrollable="false" selected="false" bounds="[68,998][916,1928]" displayed="true"&gt;
    &lt;android.widget.FrameLayout index="0" package="it.icbpi.mobile" class="android.widget.FrameLayout" text="" checkable="false" checked="false" clickable="false" enabled="true" focusable="false" focused="false" long-clickable="false" password="false" scrollable="false" selected="false" bounds="[68,998][916,1928]" displayed="true"&gt;
      &lt;android.widget.ListView index="0" package="it.icbpi.mobile" class="android.widget.ListView" text="" checkable="false" checked="false" clickable="false" enabled="true" focusable="true" focused="false" long-clickable="false" password="false" scrollable="false" selected="false" bounds="[68,998][916,1928]" displayed="true"&gt;
        &lt;android.widget.CheckedTextView index="0" package="it.icbpi.mobile" class="android.widget.CheckedTextView" text="dev01" resource-id="android:id/text1" checkable="true" checked="false" clickable="true" enabled="true" focusable="false" focused="false" long-clickable="false" password="false" scrollable="false" selected="false" bounds="[68,998][916,1142]" displayed="true" /&gt;
        &lt;android.widget.CheckedTextView index="1" package="it.icbpi.mobile" class="android.widget.CheckedTextView" text="dev02" resource-id="android:id/text1" checkable="true" checked="false" clickable="true" enabled="true" focusable="false" focused="false" long-clickable="false" password="false" scrollable="false" selected="false" bounds="[68,1145][916,1289]" displayed="true" /&gt;
        &lt;android.widget.CheckedTextView index="2" package="it.icbpi.mobile" class="android.widget.CheckedTextView" text="dev03" resource-id="android:id/text1" checkable="true" checked="false" clickable="true" enabled="true" focusable="false" focused="false" long-clickable="false" password="false" scrollable="false" selected="false" bounds="[68,1292][916,1436]" displayed="true" /&gt;
        &lt;android.widget.CheckedTextView index="3" package="it.icbpi.mobile" class="android.widget.CheckedTextView" text="Staging" resource-id="android:id/text1" checkable="true" checked="false" clickable="true" enabled="true" focusable="false" focused="false" long-clickable="false" password="false" scrollable="false" selected="false" bounds="[68,1439][916,1583]" displayed="true" /&gt;
        &lt;android.widget.CheckedTextView index="4" package="it.icbpi.mobile" class="android.widget.CheckedTextView" text="Secondo Staging" resource-id="android:id/text1" checkable="true" checked="false" clickable="true" enabled="true" focusable="false" focused="false" long-clickable="false" password="false" scrollable="false" selected="false" bounds="[68,1586][916,1730]" displayed="true" /&gt;
        &lt;android.widget.CheckedTextView index="5" package="it.icbpi.mobile" class="android.widget.CheckedTextView" text="Production" resource-id="android:id/text1" checkable="true" checked="true" clickable="true" enabled="true" focusable="false" focused="false" long-clickable="false" password="false" scrollable="false" selected="false" bounds="[68,1733][916,1877]" displayed="true" /&gt;
        &lt;android.widget.CheckedTextView index="6" package="it.icbpi.mobile" class="android.widget.CheckedTextView" text="Hidden Production" resource-id="android:id/text1" checkable="true" checked="false" clickable="true" enabled="true" focusable="false" focused="false" long-clickable="false" password="false" scrollable="false" selected="false" bounds="[68,1880][916,1928]" displayed="true" /&gt;
      &lt;/android.widget.ListView&gt;
    &lt;/android.widget.FrameLayout&gt;
  &lt;/android.widget.FrameLayout&gt;
&lt;/hierarchy&gt;</msg>
<kw name="Capture Page Screenshot" library="AppiumLibrary">
<doc>Takes a screenshot of the current page and embeds it into the log.</doc>
<msg timestamp="20230331 11:34:44.050" level="INFO" html="true">&lt;/td&gt;&lt;/tr&gt;&lt;tr&gt;&lt;td colspan="3"&gt;&lt;img src="data:image/png;base64, iVBORw0KGgoAAAANSUhEUgAABDgAAAkkCAYAAAD508+vAAAAAXNSR0IArs4c6QAAAARzQklUCAgI
CHwIZIgAACAASURBVHic7N17XFR1/j/w1+fMAII6iPcLI941R00lU8hMs0W0spti94uKW9sN4btr
WXnJrG1LcyvbfuGt1nYLTdO2Qsu8Bt6wMsH7FbykIgIKwsycz++Pw4wMDDADA3jq9Xw8ZoOZOZ/z
GZydOed1Pp/3RwCQICIiIiIiIiLSMaW+O0BEREREREREVFMMOIiIiIiIiIhI9xhwEBEREREREZHu
MeAgIiIiIiIiIt1jwEFEREREREREuseAg4iIiIiIiIh0jwEHEREREREREekeAw4iIiIiIiIi0j0G
HERERERERESkeww4iIiIiIiIiEj3GHAQERERERERke4x4CAiIiIiIiIi3WPAQURERERERES6x4CD
iIiIiIiIiHSPAQcRERERERER6R4DDiIiIiIiIiLSPQYcRERERERERKR7DDiIiIiIiIiISPcYcBAR
ERERERGR7jHgICIiIiIiIiLdY8BBRERERERERLrHgIOIiIiIiIiIdI8BBxERERERERHpHgMOIiIi
IiIiItI9BhxEREREREREpHsMOIiIiIiIiIhI9xhwEBEREREREZHuMeAgIiIiIiIiIt1jwEFERERE
REREuseAg4iIiIiIiIh0jwEHEREREREREekeAw4iIiIiIiIi0j0GHERERERERESkeww4iIiIiIiI
iEj3GHAQERERERERke4x4CAiIiIiIiIi3WPAQURERERERES6x4CDiIiIiIiIiHSPAQcRERERERER
6R4DDiIiIiIiIiLSPQYcRERERERERKR7DDiIiIiIiIiISPcYcBARERERERGR7jHgICIiIiIiIiLd
Y8BBRERERERERLrHgIOIiIiIiIiIdI8BBxERERERERHpHgMOIiIiIiIiItI9BhxEREREREREpHsM
OIiIiIiIiIhI9xhwEBEREREREZHuMeAgIiIiIiIiIt1jwEFEREREREREuseAg4iIiIiIiIh0jwEH
EREREREREekeAw4iIiIiIiIi0j0GHERERERERESkeww4iIiIiIiIiEj3GHAQERERERERke4x4CAi
IiIiIiIi3TPWdweIiOpbRESEx8/Ny8tDenp6LfaGiIiIiIiqgwEHEf1hJSQkID4+3uvtJk+ejKSk
pFroUdUsFgtCQ0NhsVgAACaTCRaLBVlZWcjMzAQAZGZmIisrC6mpqfXSRwchAFOQwKRoP0wf64eg
BhIoloAqASFReBl47Ssb/rXWjtwCQMra6oeAv78/QkJCEB4ejiFDhuCee+5Bp06dYDAYqtWm3W7H
kSNH8OWXX2Ljxo1IS0tDTk4OiouLIWvrhRBRrTKbzejZs6fz8zU/Px+NGzd2+9z09HTk5eW5/Zw1
mUyIjY0t91mQnp6OjIwM52d1bXJ8N3gT4DukpqY6Xx8Rkd4IADwSI6I/nOqGGw51FXKYzWYMGjQI
kZGRiI6Ohslk8mr75ORkpKamOg9Y64IQwJK/BeKhm/0AW0mg4bhJCdgdvwNQJaQqIaTEsp9UPDhf
9WnQoSgK7rrrLjz++OOIjIxEs2bNIITw3Q4ASCmRnZ2NlJQULFmyBKtWrYKqqj7dh1716dMH/fv3
R5s2bQAAZ86cQVpaGnbv3l3PPSO6ymQyYebMmYiJiXG5PyoqCl988UWFIQegjepLTEzE3LlzXe6v
7DvG8fzaChBiY2MRHx/v9fdFaXl5eZgzZw4WLFjgw54REdU+BhxE9Id08uTJGrdRmyGHxWLBxIkT
yx1w10RKSgrmzp1bayM7FAVYObMhRvU3QsirAYYnAYfjcdUqEfSsCrsP8gFFUfDCCy9g2rRpCAgI
qHmDHigqKsKsWbPwxhtvVCvkOPjau2jpXwRAgZQqpE2FKiVgVwFVhVAl7KoKKSWkvQgG1Q4A2n2q
hALAYAekaoUKK6SqQlUlhF2FsKuQKMK5Yit6L63dcO7555/HY489hlatWrl9/LfffsMnn3yCefPm
1Wo/iDyxaNEijBgxotz97dq1g8ViqTLkAICkpCRMnjzZ5b5t27YhNDTU7fMXLFiA6dOnV7/TFYiO
jsbChQt91t6ECROQnJzss/aobjRv3hzNmjWr7254Zf/+/fXdBfqdYMBBRH84ERERWL58ufP3BQsW
eHQAN27cOIwdO9blPl+HHBEREYiPj0dkZKRHz8/Pz8eePXtgNpsrPJAuKzMzE3PmzMGyZctq0lUX
fkbg0v+awCChhRhq9QIOYZcY8KbET8dq/tUUFRWF//73v2jatGmN2/LGhQsX8MADD2Dt2rVebZf3
1ntQJGBXrYAiIe12KHYJm80OKW2AUCHsNgi7FnIAgFTtMNgBVVUhpR0QNqiqth1Uqd2vSgBS21aq
sKs22FQB8yef+vy1t23bFitXrvT4vZiVlYV7773XJ4EjUXWYzWZs3brV7WPt2rUDAI9DjrLfBzNn
zsTEiRMrfP6gQYN8Pl2lslClOjIzMzFo0CCftUe1q3nz5njiiSfQt29fBAYG1nd3vHLhwgWsXr0a
q1evru+ukM6xBgcR/eE5pnFUxfGc0iHHO++8AwA1DjlMJhPi4+MRGxtb4XPWrFmD1NRU7Nmzp9L+
WiwWWCwW57SWsgflZrMZ8+bNQ0xMDOLj42t8gN2lnYKMhcFQnOtylZoCUqwCxXav2kubBijjAQUC
nQOb4GBhTrX69fjjj3scbkgAp/OBn88Chy9IXLwC+BuBoe0FDArQJADoHKJNv6lK06ZN8cQTT3gV
cPgJBaqiQtglFGmHzarCIAQUVcIgBGxaGuQcpaFICUDApkrYpYQBKmwlIzbKhRuqCqGqkLBDqnZI
VYUBgJ8QsPpwPlDHjh3xww8/wN/f3+NtQkNDsWXLFtx66604evSoz/pC5ClHvY3KpKen47777qsy
5IiPj3f5LkhOTq404LBYLF59/kZERCAiIgJr1qypcMph6XBj2bJliIuL87h9h3nz5jm/58xmM0wm
k9vpNGazGSNGjEBSUlKNp9sYjUbceeed2LRpE7Kzs73atlGjRoiKikK3bt0QHByM/Px8HDlyBGvW
rEFOjnffH75oq0ePHoiOjkabNm1QUFCAnTt34uuvv/aqH9URFBSEl156CX379sW6detw4MABFBQU
1Pp+fcFsNqNv376YPHkypJT46quv6mS/NXnf1WZbZfXo0QO33HILWrdujQYNGiA3NxcZGRlYv349
8vPza9x++/bt0blzZwDaBZONGzfWuM36xICDiMgLjoNFX4YcFosF77zzjtsD7dTUVI9HmDikp6cj
PT3d2R+LxYLY2Nhyo08iIyOxdu1aTJ48udpDkFuFCOxdFFzxib+/ot0AIK9YG71RheLLgEHRBnv8
2Osh9Pl5Mc5YL3vVr+DgYNx2221VPq/ACvx6Fli+V2LnKSC/WItnFKGFHj+flnigl8BbqRImP2BM
T4GB7YAmDSpvd/jw4QgODkZubq5H/b2pWw/YVTuMqoBsHYqg63vi7C870fBYFkJin8LFBR+hsHlL
tJnwKA4t+AAtjp+B8fZRaNK3P4SaDwQ3w2+TJ8MgAemY3yO1+iCKKqFKK1RphygJPOx2OyLbt8PG
41ke9a8qQUFBWLt2rUu4YbPZYLPZ4O/vjytXruDf//43DAYDrrvuOvTt2xdBQUHOArDfffcd+vTp
o5uDcfr98CTgADwLOcxmMyIiIpwBdFV1jywWi8efvWaz2TnyMCEhwaPRg9UNr8tuZ7FYyoXqMTEx
zu++iRMnVnuUx4033oiYmBjcdtttaNGiBUaNGuXxyWFAQAD++te/4uGHH3b7bzJr1ix88cUXmD17
dpUngb5q68UXX8SkSZNcPgsnTZqEn376CU8//TSOHz/u0WurjptvvhnDhw/HG2+8gQ0bNuD8+fOw
Wq21tj9fCg4Oxvr165GQkIC4uDh8//33KCwsrLX91eR9V5ttlTVw4EBMmTIFN954o9v6Ybm5uVi2
bBlef/11FBUVVXs/H374Ia6//noAgNVqRYcOHard1rWAAQcRkZd8GXKUPkgsLTU1FXPmzPFJvYz0
9HTExcVhzpw5SEhIcOm3yWTCwoULkZSUhOnTp3t1FU4RQNZnTTwa1aDtzF9LD85VftBiVABV1UZL
CCHwa7/xaLn9fUgvZlTecMMNaN68eaXPOZgNLNwlseO0xOUibX/OQ9KSXR3JBn7KkohsK/DpHol9
5yV6NBcY308LOpQKXnvz5s1xww03YN26dR711yBKppxIiYa3DwKC2sEvbRsgFagGK5ok/AWNGwrk
LVqKLhPicH5TKgpWfg6lRRtc/ugjNJ83W6uxIQHV7mjLDtjtsEsJKSWEKgBVCzmMUsDgw9Ebs2bN
QlBQEK5cuQKr1YqGDRsiMTERK1euxMmTJzFw4EDExsaid+/e2L17N+68806cOnUKn376KcLDwxEY
GIjXXnutRoV/iWqbJyFHZGSk83Pbl0VEyxYM9dXoweoo+71V2SgPd1q2bIkHHngAt99+O3r27Fmt
ws+NGzfGokWLKp3OGRQUhEceeQR9+/bFo48+irNnz9ZqW5MmTcIzzzwDADh48CB++eUXNG/eHIMH
D0a/fv3wwQcf4Pbbb/fylXru1ltvxdmzZ7Fq1SoUFBSgY8eOaNiwYa3tz5cyMzOxb98+JCUlYcmS
JejYsSMyMjJ8ug9fvO9qo62KjBkzBm+88QaCgoIqfE5wcDAmTpyI8PBwPPTQQx5fVCktPj7eGW78
XjDgICKqQkREBPLy8lyuxvki5IiOji4XbmRlZSEuLq5WCoFmZmY6g45FixahZ8+ezsdiYmIghPB4
OLMQwJXvQiC8raMpATQPBC5c0aaveLCBgED2jc+i2fZ3PY44hg8fXukBx+7fgBe+U3GhQAspFEff
ylAAbDgBPDUAaGzURnzsOSPxtzUSLw5REN3FfcghhMDw4cM9DjgAQKgSUtpxacVa+HfsBOPpc2gy
aQLOvfsvNAgyovBSLmDzQ+YrL+G6h0Yj26YiIEAgIO5hqMeOQ7XaAGghiSolhKrV3JBSgYSEKJm+
IksCD19V4AoJCcH999+P4uJiPPDAA/j5558RHByMkSNH4uWXX8YNN9yArVu3Yt68eUhNTcX48eOx
YsUKHDlyBBMnTsQLL7yAmJgYjBs3DrNmzfJ6SDlRXaoq5Ci7LGtGRobLZ21N9rts2bJamSLpDXeh
/LJlyzwKN+6++27cc889GDx4MBo0qGIYXBVeeeUVZyBhs9mwYsUKfPbZZzhw4AA6duyI++67Dw8+
+CD8/f3Ru3dvzJ49u8IpoL5q68knnwQAbN++HQ8++KBzBMKECRPw6quvom/fvnjggQfw3//+t9y2
8+fPx//+9z98++231f6btG/fHhcvXkRBQYFzmeC6KrBdUw0aNMDOnTuxY8cOANqJu0PTpk3Rtm1b
5OTkVKteky/fd75sqzL9+/fH66+/7gw3Dh8+jI8//hibNm3CxYsX0bVrV4wePRr3338//Pz80K9f
P8yePdsZsHmqR48ezvft7wkDDiKiSixfvtx5wFq2mnxNQ46yQ6PXrFmDyZMnV5rAWywWjBgxwtkn
i8XivLJXelh0amoq1qxZ47aNzMxMREVFIT4+3uWKuTeF6V4dHwilJiudNG0AXLYCucVuH/YPECgu
0upMAIAKiVntb8bLJzZ71PyYMWMqfOyn08CMH1RcuAwIyCqXpS0qAkIaCMQNEliZIWFXgUYNBH44
ItGqoUD/ti5VR1z6MHXqVI/6C0godhV2uw3qb2dgPX0KsKvIfv99wK6i4GIRpF2BlEVoarfiVOLH
EKqKU2/+QxudAQDSDrWkkKuwqwBKap9IG4SqwgY7RMlrNQrFfaerYdSoUQAAf39/rFy5Ena7HWlp
afj2228RFxeHnJwc3H///XjrrbcghMCsWbPQq1cvzJ07F+vXr8d9992HW2+9Fc2bN8eoUaPw6ae+
L35K5Eue1uQAUK0rqhWp6DsnLy+vTlY6cRfKe1rn46abbsL8+fNd7lNVFb/++it69+4N5WoRpyp1
6tQJ48aNc/4+Z84cvPvuu87fc3JysGvXLuzduxd///vfIYTAyJEjMWDAAOcJtK/bioyMdK4atWDB
ApfpFQsXLkRsbCzMZjMGDx5cLuB48skncffddyMqKgpDhw6tdtFlPz8/58+BgYFo0qRJtdqpDyEh
IQCAixcvutzftGlTvPzyy2jTpg0uX76MefPmYc+ePR6368v3nS/bqsr//d//OUff7N69GzExMS5T
o86dO4eUlBTs27cPs2fPBgDccccdePvtt3Hs2DGP9/Paa6/pZpSPN3z3L0FE9DtU+mqcu7nacXFx
5VYjqaieRlmJiYlITU1Ffn4+Jk+ejPHjx7s9GDabzYiPj8fevXuxdu1aJCQkIDIyEpGRkQgODoYQ
AkII532xsbFYtGgRTp48WWFfpJSYM2cOxowZg6ysLGRlZXm8ZKFBAf421gdXLhr6AY393D6kqkDv
hi1czsFjW/WB4uEw0E6dOrm9/3gu8MIaO87mS20pW22BEbc3KYEiK9CrBTC0g8AdPQTeiFLwSD+B
IR0ASwtg3zmJcxWUB6moD+4oUsJqK4JaZINarEItssFWbIXNbofVZoNqK4K0XYEsLobNWgzVboPd
bi9ZBlaFTS2C3V4M1V4M1VYMabdCtdlht1phsxbDZiuG3WaHarNp99vt2igOH5g0aZLL7waDATfe
eCOmT5+OnTt3IikpCUePHkVkZCRmz56N9957D0lJSUhISMBHH32ERYsWOavml22L6FoRHR3tMk3E
EXKUrcfgyxVM3HE3wq+yQqa+NHPmTJffU1NTvRj1d/Wz+/jx41i4cCGio6MxatQo2O3eFaKOiYmB
0ahdo92/f79LIFHa0qVLsX37duf+y9ah8mVbrVu3dv7866+/lts+K0urd1S28LXZbHZedf/000+5
olQZQ4YMwT333IMhQ4Zg5MiRuOuuu7za3pfvO1+2VZlmzZq5HHtWVvdlyZIlzkDDz88PUVFRHu8n
NjbWuZ9du3ZVv8PXII7gICKqIXdX1crOl3YnLy+v0pEGJpMJM2fORExMTLX7FhMTg5iYGKSkpGDG
jBnlit6lpqZi4MCBXrX58sOBMJSJxyUAxQBcKpD4z/fFWPezHUVFVnTvZMTToxogtJ0RarGEoWw+
0dgfyLdqy8SWYrNKPBcW7nKfQSiYYb4J005sqbKPBoOh3H12Ffh8t8TFgsrTfSmBwACgUwjQr41A
9+YCBVagsQJsOirxwVYVV6zaKrcGAaSdFHjtTwqCymQ17vrgTqOGDTH+9rtgtxcDNgm7aoeq2iDt
2uonsNsAaYOU6tVQQpVQSvIZUTIdxaaipIio1EZywA6baoMiJVSpAhBQJaAoCoRU8cw9o7Fj4b9x
6bJ3BVzL6tKlS4WPKYqCAQMG4LPPPsP+/ftx//33o3///li/fj1SUlJw0003oV+/fmjRokWVbRHV
J4vFgvj4eIwZM8Y5HcPdSA6z2Vyr/YiOji43DaY2pjS6k56e7hLgREREICYmxqMRi5cvX8bKlSux
YsUK/PDDDzXqR3j41e+Gqtr6/vvvnd9x7uoM+Kqt0lfv3Z3sOj67y17lnzZtGkJCQnDs2DG8+eab
le6/PjVp0gRt27b1eV2MqnTu3NmlYKunRYEdfPm+82VbAPDoo4+iQ4cO+Pbbb11GA1ksFudrzs3N
xZYtlR/zHDhwwFkUtH379h7tOywszHnsmpeXh7fffhv/+c9/qvEqrk0MOIiIfODzzz93e3WouiIi
IrBo0aIKg5KsrCxkZmYiPT3debDtOOgte/ALXF0xZfr06ViwYEG1+yUEMO3RBpBXF+rAvdMv4X9b
rYBQENJvELonvA51gHYybmvcGB3vGahNmxBAm6YKUj80oa1JOIuTirYNIU9cvTrhOIcf26w7rNJ1
HszTrftj+okfvSo46lBgBX7JUrUQwA21JDC4vo1AVHeBQKPA9iyJ5H0q2pmA5g0FtmeqKHSstFLy
+rceldh0VCC6m/dzPuKeegZT/xaPwMtWXPwhGX6Z2VBLFTYREhAQkBCQqoCqqoAKSCmgqnbtr6Da
IKXQwhBVltTyUKFKFQocf2fF2aBNkShu3g63jXkY+x57Em9/OB/zEhO97ru3unfvjp07d2LChAkI
Dw/Hrl27sHz5csTFxXlVq4SovlgsFixfvrzKkKM29+9uisicOXNqdb8OcXFx+OKLL1xqing6LfOn
n37yuj5ARcLCwpw///LLL5U+t/SJo7uVIXzV1oULF5w/d+7cudxIjGbNmgFwLTx7xx13YOTIkZBS
Yvbs2bW6akhNhYSEYOTIkQgLC0NGRkatrgZTGW+WIQd8+77zZVvPPfccpkyZAgB48MEHMXToUJw5
cwaA9pnimDblycoopVfKKT1NqTKvvvqqcwrT+++/j3PnznnV/2sdAw4iomuMozZG2SKZWVlZWLBg
AdasWeOyjJ/jypDj+SaTyXllbcSIES5tzJgxAyNGjMCECROqXeFfqgCMQNt7L+LcRQkJgb6v/QsN
O10HCMdoDgVGRUHzQD9nYiElcCpbRdjYi1AEcPizJjCHaH0WbRtCZl0CoAUNRkVBkbRDKVMoQjrn
kHjZZwn8+hsQ3EDbvGwLAkA7ExDdTYE5RAsyNh5WkVekrepy9hLQKEDCai+/vV0FFqepGNbJgIBq
fKsaVBX2BgYEj7wdNpsNfkJF84sFOJH8NQJz8qHADjsUaGNGHGxQpYSUVggpYFe1CMMRujhft5Aw
qkCRqTVa3jMa2Y0DYIQRfkoAcv0UCGmvcfV3KWWVbTjqvkRGRmLJkiV47LHHMGTIEKSnp6Nt27Y4
dOgQevfu7bNpM0S1paKQIy4uDgsXLqy1/TqWiS0denta/8JX8vLynGFO2ZAjNTW12svSeqtly5bO
nw8ePFjpc/fs2QNVVaEoCho1agSz2ezST1+1tX37dly6dAmNGjXC/fffj02bNjm3Gzp0KLp16wZA
q6cAAI0aNcLUqVMhhMDXX3+Nb775xsNXXz+MRiPCwsLQqlUrdOjQAUeOHMHevXtx4sSJ+u6aLpX+
/0/jxo3RpUsXZ8CRnZ1d5aiN0kqPGjty5EiVz3csaQtoU1Pmz5/vk0LI1xLW4CAiuoZYLBYkJCS4
nDBmZWVh8uTJGDhwIBITE3HixAnnShilTwgdv+fm5iI5ORnjx4/HoEGDXIqNOmp1VFRNvip33eSP
uH8VwHhrDs5elGh9cxRu+XwjTF0tMBgUKEKBIgQUCXRp0wo7PnA/5FaVQMdxF9HqvotQVZSsDau9
FoM/kNTtrnLhhsN9zbp73e+cQmDJdjvCQwUM0KZxQJWAXaKBIjGih8Dj4QouFEh88KMd32SouHxF
wljyXIOUeKy/gn5tBKS91PaqhCIlDv+mYt+56pycq7DDDikAm6oFGMIukN+4IULGxiDozxMR8Owk
mB59AHmBJvhJAwwwwCC06T6KVCGkhAECBiGgCBVCAXIbBMEw7l4oTz0F5S/PIPDhschvGAA/qcAg
AKkAEEKbrlLDYqOVHYgdOnQI48aNw+DBgzFs2DB8+OGH+O677/Dxxx9DSol//OMfeOSRR7SRKQB+
/PHHmnWGqA44Qo7SYYMvi4m6ExoaWm5EX2IdjLwqKy8vD9OmTSt3f23XHnEICQlxuUpd1ZXnwsJC
FBdfLWZdevlwX7Z16dIl5yiWu+66C4sXL8ZTTz2FadOm4YMPPoAQAqdPn8Ynn3wCAJgyZQrCwsKQ
k5ODWbNmVbrfa0mDBg1w3XXXYfjw4Rg1ahSGDh1a5ZLsVN63337rHJ2xb98+pKWlVaudqKgo9O7d
GwCQn5+PFStWVPr8li1b4sUXXwQAXLlyBa+88kq19nut4wgOIqJr2Jo1axAXF1ft0RaZmZkYP348
YmNjMWPGjBr358stJQd3QuCWT9ZCCdSWMJNSltSD0H7u0FarqbBv1WeVtpedLxEwMgfF34VAtA4C
Theg3V+B3d3bVrhNQrsBWJ6936t+H82W2H5cxY2hCkZ0V7A6XYVBagVT7+utoFtrBR9vs+PAWQmj
odQCI46SF9DqbTQNLHmsTJZhtwPpZySub+NdWuB4tuqot+GG0W6AMDVD+0kToBgE7LDBcOEkTn28
CgGX82FXVBQq/gi5dziKTMFQbUYEA4AQMJR+EY59Cm1kR3UYDAaXZQcLCgrw7rvv4uabb3bed/jw
YWzatAn//Oc/UVhYiOjoaGzfvh2XL1/GAw88gLS0NOzZswdLly7F888/j/j4eOewY0eBP8fSeIA2
RNeXBdyIaiI/Px+NGzd2O5LDndTUVLfTBr2VmppabslZx/7L1laqTRaLBYsWLXK5LyMjo87qgDhW
23DIzs6ucpvi4mLnkp6lVxbxZVuAtiJFWFgYhg8fjqioKJeCjxcuXEB8fDxyc3MRHh6Ohx9+GID2
mVdXI1/cadasGfr164fAwMBKn1e2OGqDBg3Qs2dPmM1mhIWF4eDBg9i/f79Hf0MCVq1ahZ9//hlm
sxlpaWnVmp509913Y9asWc4LYh9//HGVId2MGTOco5YWL16Mn3/+2fvO6wADDiKia0h6ejrmzp2L
iIgILFiwoNKl/8xms8tVM0ddDncSExORkpKChIQE5OXl1ezKnxD404oUbeZJSbAhhdB+FoCAAoMi
nM+tah1WKYGAqBxcWRsCAWBr11gYRMUDDMMCqi7gWlZmnjZa45t0FRMHKejc3IDsSxKr96j4fr+K
VXtU5BZooyKkm3NpCeCKVSLAoI3aKPuSDBI4nSu1Ip5ejogQqgJAQApA2m0AAKXsn0xKKEJAtSuQ
ArCGtEPLyc9ASOD8mVMItgM2VcJgA5ylTaXjf642JoSAKOmjWtJRT2eFdOjQAWvXrnVZUm7s2LHY
tWsXiouLoSgKbr/9dmRnZ2Po0KF4++23ceutt2LHjh2YMmUK1q1bh3vvvdf5vh4xYgSaNGniw6EI
BgAAIABJREFUDDesVit27dqFyMhIl5WJCgoKEBUVhaNHj3r8NyWqLYmJiTCbzRg7dqxLyFEXyk4P
MZlMWL58OaKiourkJNndNJmMjAzcd999tb5vB0e44I3SIx0dK6b4ui1AC2MfffRRjBkzBlFRUWjZ
siWKiorw66+/YuHChTh9+jQA7STT398faWlp+Oijj7zugy9JKWG1WtGhQwd07dq1yqCjrMaNGyM8
PBwdO3ZE586dcfDgQWRkZFT7oswfyfHjxz2uZTJ+/HgMHjwYgLYEcMeOHZ1TU6SU+PTTT/HGG29U
2saoUaNw5513AtAKk7711ls16P21jQEHEdE1Zs6cORBCuK1HYDKZMHHiRIwYMcJtNfHMzEysWbMG
CxcuLHfAm56ejgkTJgBA9WsdCIGRX+2AatNOxGWpfjpOpUObl1zpUVWPz55VFWgQlYPEMc1wlyGg
0uf6VRJ+VCS/5OLI8fMSe09LxA83QEKryfH+RjsUUTJns4LuSgkU2wCjEK6lMErv4wq8DjikAAyq
gJQq7Kpa5bxRKVWUnblTLgzxaMfebxIeHu4SbgDAokWL0KNHD0ydOhVvv/22czpUdnY2XnrpJUyZ
MgWBgYF49NFH8eabb2L37t0YO3Ysjh07hnvuuQerVq1ytvXiiy+isLCwXB2DoKAghIeHM+Cga0bp
lbMcIcfcuXNrfb95eXkYP348tm7d6rzPZDIhNDS0TgKOskvlAtoqIDyZdbV8+XIsX77c7WNPPfUU
+vfvj6KiIo+XZq9NFy5cwMaNG3H48GEcOnQIXbt2RdeuXb0Of5o2bYqmTZuic+fOCAsLw969e3Hw
4MFrunCqnvTu3btcTTVAuzAwe/bsKi9aNW7cGK+88goURYHNZsPMmTM9KmCqV6zBQURUidLDblNS
Uupsv+4CiNjYWGzbtg0JCQno1auXdjW+zK19+/aIjY3F1q1bER8f77bdmhRyHPz2YghVwqAoEIoC
RQEMitDqbiiK8+fqMEgFdx59oMrnVaf3QgDCJiEABPpdbaOtSaCRn4Rapq5GuZtd21YCkG4eF3bp
9ciNq33TNiz9d1Ol1IqIqlf/vZz3SQGo2k1KLSCpkCwpuOG4VbBvT5Rd3hDQDppGjBiBpKQkbN68
2Xl/s2bNMH/+fGzatAlbtmzBgw8+iDNnzqB169ZYvHgxDhw4AEVRnFdAt2zZgqSkJIwYMcLtykHu
9k1Un+Li4pwjjdytblIbLBZLuQAwIyOjzqaoJCcnIz8/3+W+RYsWeb105x9V+/btnatw/Pvf/8ZP
P/1Uzz26KisrCxs2bMC3336LdevW4fDhw7CVXMjwRtOmTXHTTTchOjoaI0aMQK9evbweFULlFRYW
Ij8/H/n5+S7/Ln5+fpg2bRo++ugjBAcHV7j9yy+/7FxCdtmyZdiwYUNtd7lecQQHEVElxowZg4iI
COTl5dXpPOey5s2b5/UytAkJCYiOjq5yjrg3gjt200aXQMAgJKQ0AEKbsiEhoZQeXaEoHk1RAQCj
UHBqwNMVlBV1Vax6X48huAFglwLXtQB6tFYw93sbcgoASxuBxwYa8elOO7IvSRgr6oAE/BTAZtWm
oZQtYWGXQOMArU6Ht2q6coi3p/7aNCLfmT9/PiwWCx5++GEkJyfjuuuuA6DV63CM+GjUqBGuv/56
t9vv3bsXDz30EAwGA+bPn+/DnhHVrtIjOSpa0ttXTCYTFi5c6LJigmN6SF2NoMjMzCy3JG5dT5Op
KV+u1ORtW9OmTUOTJk1w7Ngx/P3vfwcA9OjRA08//TT69++Pxo0bIzc3Fzt37sR7773n0YoYvpaV
lYXffvsNx44dQ7du3dC5c2e0b9++3HScnJwcjwpj+vn51XilLgKmTp2KqVOnOn8fOHAg7rnnHowd
OxYNGjTA7bffjpCQELfHiUOGDHEuO3vq1CnMnj27zvpdXxhwEBFVoa6Kp1XEYrGU+9LKyspCcnKy
S42OXr16ISYmxqUIncViwbhx43xWbf/yicMI7tqzJNDQxjRIiJKilQLNGzdyeb6iGKDaK78K5CcU
nBrwl8pPulVVC0wAZBR6X8SsfRPA3yDxpx5GfL3bjnX7VSgC2HwIGBduQMIwI1bttuOXTBVWO8qt
LCIEEGgECoql2ykqdhUIbSKqsSKJBwfIJYVbRVVDRDwZQiIFVMUAgyKc06C87fOMGTNc3k8nT57E
5s2bMXjwYNx222345z//iXvvvbfKUReqqmLFihV4/vnn4e/vj82bNyMwMBChoaHOEwdfFccl8pWy
yymWDjlqk8VicQk3AG1efl1PD0lPT8cTTzzhMgXDZDLBYrHUScBRUFDg8ntgYGCV0yBKfxaV3t6X
bVXljjvuQHR0NKSUeP3111FYWIjIyEgkJia6FCtt1qwZOnXqhKFDh+KJJ56olyKQVqsV+/fvx5Ej
R9C5c2d0794d3bp1c3n/ZWdnY/Xq1XXeN9Js27YN27ZtQ3JyMhYsWIDAwEBERkZi9OjRLv8uAQEB
mDlzJvz8/JzvvZycnHrsed3gmE8iokqYzWZnzYv6kpeX5xwWnJ+fjxkzZmDQoEGYMWMGUlNTnbfE
xERERUVh7NixLsOIfXnQmb5wHhRFaDdR6r9CgQIBg8Hg8vx+45+rsC0BYErbgSUjN9yfZUvVDtVW
DAkVkFqyMP2E90uJdmymYGhXBZeLJDYfssNPSBiEROEViaXbbFj5sx3DuiuIHWxAl1YCqpSwq1eX
4jUAMDUQuFQE57SR0jejAvTxcgUVT0hFdd4A91NKrAYFasmUoapu0miAoiiwGwSEI+TwQbfbtWuH
7du3IzQ0FM8//zx69uyJ9evXIzs7u9xSxtnZ2Vi/fj169uyJ559/HqGhodi2bZvbZSZ9ebWVyBei
o6PLTUcpPV2ltqSnp5ebHlJ2REddMJlMmDlzpst9+fn5dTaF87fffnP5vezqHu6UXvmpdCDky7Yq
06hRI0ydOhVCCHzzzTf4+uuvYTQa8eabb6JJkybOmkWjR4/G9OnTkZOTg5YtW+LNN90vs15XrFYr
9u3bh2+++QZr1qzB1q1bcebMmXrtE7nasGEDvvrqK+fvZQse/+1vf0O3bt0AADt27MDp06cxaNCg
crfOnTs7txFCuDzWpk2bunkxPsQRHEREFXAUj3MMPU5JSan1q3TuOIYFR0dHIykpqdLAQkqJlJQU
3HjjjYiNjUV6enqlK7F469yeXVCEAimuriRS+r9lT0h7PzARaYnli++ZAxojo+8EFLlbsqSE9cpl
GBQFUAyQsmRahQC25p/0ut+mBsBjkUbMXWO9ukpKSVdtVmDXUTv2nbTj7nAjnrzZiLTjKr791Y6L
BdqTAoxAowAg51LJCI5SoYAdQJ/2Al1bVicpEFAFAKFAShWOhV21HEOFFNrOhAAgtMKoQmjbKCWd
UAwGbZSHo0XVTShgUJztCoP2NxUGA4RigN3LIRy9evVCeHg4ALjMrW7RogW2bduGN998E4sXL3Yu
g9igQQPnSVhmZiauXLkCQKvf8eyzz+KFF15waX/w4MHOK6O9e/f2qm9EdSEmJgYAMHnyZOd9tT2S
Iy8vr9z0EIvFgrVr12LgwIF1MpLDMR2ldM2N/Pz8Op0mU1hYiMLCQudnT7t27XDyZMXfCS1btnSu
1CSldAk1fNlWZV544QWEhYUhJycHs2bNAgDceeed6NSpEwCtPoLjqntaWhpyc3Mxb9489OrVC8OG
DcP69es92k9tsVqt2L17Nw4fPoyePXuie/fuDJ+vIdu3b3d+JjneUwAQFhaGxx9/3Pn7jTfeiC++
+KLK9oxGo8vzXn/9dd1NH2XAQURUgdjYWJd51ZGRkbBYLPVSiyM9Pd2r/ebl5WHOnDnO3x1hTVJS
krNy+3fffQcpJaKiojzviJQwBgTAXlwMCG2CiqP+Rtm6FAAAg6KNOigJKKaGDsL/tbsRNqm6DzeE
QNHlXAhICEUpKZJZkigIiQDFUK0iowDQqZlAsR1lV051ulwEfJpiQ+pBgciuBkwaYsTKXTYc/E1i
2HUGdGwhYLdrr9f5WgUQ4AdMutmvWkVGFUVAGhRtJRQpyhT3MDqnjwgISEVbktcgFO3PAa3WqOLn
5/KSSrdQdsSHlpMoUAwGqEYFCgyudVM8MGbMmEqXxZwyZQr++te/YsWKFdi8eTN2796N8+fPA9CK
7PXp0wc333xzhdNYPvvsM6/6Q1QfKgs5akt6ejruu+8+rF271nmfyWRyht+1bdy4ceUKij7xxBN1
/p146tQp5xXnbt26Yfv27RU+t1evXs6fz58/j3PnztVaW+6Eh4fjoYceAgC89957zgsUjvA2Ly+v
3FSPZcuW4Y033kBgYCD69OlT7wGHw+XLl7Fjxw5kZGSgXbt29dKH4uLietlvXRo8eDAiIiIAaBcF
qvpOzM3Ndf7cqNHVacLNmzev1lLIvwcMOIiIdCwmJgahoaHIy8tDUlKS26toJpMJ77zzjnOetEPZ
ueSe2vzCJNw8a752Ul1yUn61DocrIQSm3PcsHvv1NFoGtwEEYJMqtNNwASEUSGnH5Us5sNuKYRAK
hGLQVmmRClRI7eRfSEhI3LN3ZbX6DGirp0R0VrAvy+42jHDcdfScxNFzKhoGCBTZgC6tBP4WbUSg
H/BwhBGzvyrGpSLH6wOie/rhhvbVXkLFuWOtJob2szM/KQkAtJEbCgxCQCiKtlwttHmmqp8RikSl
q9eUDjoMBgPsjn1DQNawANzs2bOdB+CDBw/GjBkzcOjQIXz44YcAtAMux+OjR492hnV9+vRBt27d
MGPGDGzZsgUAMGzYMLz00ks16g9RXamPkCM2Ntbl9/z8/DqrE5WcnFyuJs7MmTN9WsjaE4cPH3aG
EgMGDMDSpUsrfK7jRBEATpw4UattuTNjxgz4+/tj165d+H//7/857w8KCgLgenJaWl5eHgIDA11O
WK8Vly9fxoEDB+pkX0eOHIHVaoWfnx8ArbDu712fPn2cnyMZGRlVBhylp5CU/v/hqVOnMG/ePI/2
2bBhQ+dni91ux3vvved8bMeOHR73/VrBgIOIqAKJiYmIjo52DgdOTU2t15VUynrnnXdchkNPnDgR
UVFR5Q40582bV+kyfoMGDXL+nJGRUeWB6ukdKdp5ufOEXJQMV3V/onwu/nkcu+thnL54Cn7CAH/F
CGNJiGEUBhgUI4yKAkUYIA0l1Tgc011KpmoAWl2M9XmeHVQWFRW5zJUGtBqcY/obkHpY1UIOVNhl
AMClK9qICWkXsNkB+AHtmgg8fZs/rlglCq1AowYCo3op8DeU396TNeaVkiTDEUA4/uusi1F6GeCS
sEMo2uQUWZLSGPwCnO2U5WyvdB2MktopZfdZXb/88gv27t0L4Ooc9jNnzjjvcxyYAsDu3bthtVoB
AKdPn0a3bt2QkZHhfG5ISEiN+kLkS2az2XnFPSUlxe3S2+5CjtpSdjUtx/SQulq9JDMzE5MnT3ap
QeIYHViXIceWLVucIw+HDx+OkJCQCgsnlq6f5QhSa6utsp566in0798fRUVFzpGTDo6lPh1TXspy
fG5WZ6nW35ONGzdi5cqVaNOmDS5evIgvv/yyvrtU6/bs2eP8uWvXrujZs2elwc6QIUOcP+/bt8/5
8+nTp/HWW295tM+ePXs6Aw5VVT3e7lrFIqNERBVIT0/Hn/70J8ydOxeTJ0+udFh+XbNYLIiJibl6
8isEzGYzEhISXJ43c+bMKgukfvHFF85bZGRklfuWqh0pr/0VihAwlCk26u5UWbXZEDcwtCS0AFSp
QnUW6AQAteQEXLsPJY9rD6ra8AVVYuKRtbB7OO/XccJcVmuTwNtj/NCltXJ1MRTp/iagfUkePqfi
h712JG6yYcqyYizcZMUXO2zYclDFjR0UNGvoPiCoqA+llX01QgioBuHy7yqEAiEUQBFQFQFpuPoc
7W+vQBjc36AIQBHl7isdatS0xmjpaSaOn0sXm3XZV5mRJGW3L1uklqg+lS58m5WVVeHzYmJiyhUe
9bWIiAi34UZdh+5JSUnlwhyLxYLo6Og67YNj5ENISAjmzJlTbhlTQBs94RidceXKFZeVX2qjrdLa
t2+PZ555BgCwdOlS7Nq1y+VxR7HOZs2aISwszOWxbt26OcPeU6dOVbqf0hzhMaDVF8nNzXXWGbnW
b45QqfSKMgBw4cIFzJo1C7Nnz8bUqVNdTv717tFHH8W0adMwYMAAl/s3bdqEY8eOAdCCrrfeegst
W7assI1hw4YB0C5krFq1qlb7rBccwUFEVInMzEyXWhbXiooOJkuP1IiJicHEiRM9bnPZsmUeFyQ9
sWkthKpCGA0lNTgASECV0u2IgIi/vopbb7kOm1vdDBWyJOQQkEKFqioQBglFq+gBVUooJVNShJSw
Q0KFiv/lHPH4tXz22Wfo27ev28faBAvMvtcfM1ZZse+UVgekopN8CSAkSKCgWGLJFhuKrFok0bqp
gqduNaJ7q4rjAU9qScx5/338ZfwENAkpqd7vdlRFScDhKDbqGN7hDD8qWoOmYmrJBnn5+Xjn/ZoV
D3P3Om+66Sa3xfqOHj3q0fZE1wKz2eyc/pGZmYmsrCy3q/0AtT+So/ToiPoKNxwc9T5Khzp1uZx6
fn4+3nnnHed0mREjRuDrr7/Gl19+iRMnTqBly5YYOXIkbrrpJuc2ixYtwpEj5b9DfNlWaVarFT/+
+CMsFgv+8Y9/lHv8m2++QXx8PAICAjBjxgw8+eSTKCoqQmBgIKZNmwYhBC5duoTvvvvO479LZmYm
+vXrh6CgIOTl5WHPnj1o2LChx9vXJ8coJMfJfumpOxcuXMCFCxfqpV+15bnnnsOUKVMAAA8++CCG
Dh3qskLNm2++iXfffRd+fn7o27cvkpOTsXr1avz6668oLCxEu3btcMstt2Do0KHO44U1a9bg66+/
rpfXc61hwEFEf3il59XWZxveqOjAtuxVxrlztRVMzGZzpdX9MzIyvJs7LiX+M6IvHl67G6LkqrsU
Kqx2O/zdXP0SQsETm/fjlluuw4+tbgZcwgwVUgqoqoQQjgqeV5dgtUs7wtI/8aq46MaNG6Gqqtsi
lgDQpYXA2zF+WLFLwRdpNmTnS/hpJSlchlVIAH+yGHDsvMTlYomgAIE/9TLikUEGdG5ecaygqio2
btzoUV879+8HAGjUsCEy0/cBClwLmZZiEKLaRVYBbbKPFEC3G8Jx6fLlGrRUsY0bN+L48eMePTcs
LAy33HJLrfSDyBOVhQRlp/YlJSW5nabi4G3I4U1AkZ6ejjFjxiAyMhLJyckebVtRGFOVskvPuttX
UlIS0tPTER0djeTk5DqbJuOQmJiI0NBQTJgwAUII9OrVy6UIaGlffvklZs+eXSdtOZw+fRqTJk1C
cHAwLl26VO7xI0eOYMmSJfjzn/+MqKgopKSk4MSJEwgLC0OrVq0AAB999JFXy7KuW7cO0dHRGD16
NDZs2ICsrCyXUR3XsuDgYHTv3h1jx47F/v373Ybhvyela6A1btwYXbp0cfm3Xr16NUwmE1555RU0
atQIrVq1Kld/p7Tvv//eOWKIGHAQ0R9Q2StNZad11MY+fC05ORlbt251qZ+Rn5/vMtqkdFX9yMjI
CgOOrKysak2/kaqKf/+pNx79IV0rFgql8pNvCTyUvAuRI/rhkUYd8IypE9SSoMN5Ri8d01QcAYiK
9ulLvT6p/+mnn3Dy5MlyB+qltTYJ/GWoEXf2NeDjFBs27FORc1l11D8FJGAJVdCrvRELNxdjmMWI
J24yoncbgarKVpw8eRI//fSTV32+dPkyQjpo/fX380fmgQMwGrRpKPJqLVKvRmtIbQEb2FQ7uvTt
i6I6ONidMWOGxwXounXrds2sEEB/TJUFBWWD68TERMTGxjrrMrnjTcjh7QiM1NTUKr9bSo8yiYmJ
cfanurKysiqsreHt6l6+Nn36dOzatQtPPfUULBZLuUD78OHDWLhwIT7++OM6bau0ioqIAsCrr74K
VVXx+OOPo3Xr1mjdujUArYjnggULvB49unnzZqxfvx5//vOf0blzZxw4cMC55Pa1zmw2o2/fvuja
tSvmzp2LwsLC+u5Srfr2228RFRWFgIAA7Nu3D2lpaeWes3TpUuzcuRPPPvsshg8fXu5zR0qJjIwM
fPLJJ5UWx/0jKnOtiojojyEhIaHSK3E1MXfu3DqZ1iKEwMSJExEREYH09HQsWLCgwoMpi8WCtWvX
IjU11RlmnDx5Evn5+RgzZkyN5rUaAhrg0e93Q6rayIuqilbarhRiaXR/QFUxr0V/DA1sAaMwwmAw
wKgYoAgDFEWBQRjR9cDnKFZVZ+agevGV9d577+Hpp5/2qIimBHD+EnD0vIqzeRL5VwA/I9ArVIG/
AvgbgXbBVQcbgHbQ8cEHH/jsakp4//5IXvUVAgwGCMW1noUiFOSdP+829LBD4s4H7kfaL7/4pB9j
x471qCL7sGHDfB5wTJ48uU6WwaQ/ppkzZ1Y4nW/MmDEuoYKn9TYctSoq+q5ZsGBBucKTvhAdHY2F
Cxf6rL0JEyZ4PHWxPnXq1Al9+/ZFkyZNkJeXh71791Y7fPFlW55o0aIFbrnlFjRt2hTZ2dnYsGED
srOzq9VW8+bNMX78eFgsFpdl7vXgwoULWL169R+mjkRYWBjMZjPS0tKqDHSMRiMiIyPRvn17+Pv7
IycnB2lpaR6v5vNHw4CDiP6wKjuora7aOmj1hejoaKSnpzuHEkdERCArK8s3Q4uFgvFbDkDa7Z5u
gMW3dAekhAKBDn4NsbTtTWhjCIINAkF+/jDv/wwqgNMDnsbxolxctlkxPONzj7sUHh6Or776ymUJ
tbpw+vRpjB49Gjt37vR5231698YP//taWyGmpMBo3vnzAEpWZPEzIuqeu/FLLRRi8zTg2LJlC86e
PetRmy1btsTgwYOrfB4DDqpNJpMJCQkJbr8P0tPTnatsOERERCAhIaHKqYlJSUnIysoqF3A4rs7X
1qojsbGxSEhIqHSkSVUcIwITExN92DOqK0FBQWjfvn19d8MrpVcAIaoJBhxE9IdmMpkqXULVG+np
6XW2TN61KqRLD9y1YKVzSdNKSYkTKevxw9SnIaW2pom2comA3QdfTUIIxMTE4LXXXkOnTp0qrMfh
K6qq4siRI3jppZewbNkyl6VZa8OTkybhH6+9gfycC5j59zfw0eJFtbq/yMhILFu2rFb3UZGYmBj8
+OOP9bJv+uMwm82wWCzlvhMqqnlhNpsRGhqKXr16VXi1/PTp086Q1TGloy7qVTi+2zxZGauslJQU
fp8RkW4x4CAiIt8SAqEDh+C2N/4FKEqVU0SkakNmygasm/p0LXRFoHv37nj88cdx//33w2w2+zzo
UFUVmZmZ+Oyzz/Dxxx9j3759tR5u1AchBFq0aIEWLVrU6X7PnTuHc+fO/S7/pkRERORbDDiIiKjW
CEVB47ZmdLrtTnS87XY0bt0OEkDBmVM4vO5rHPnuK+SfOgGpqrXel6CgIAwYMAC33norYmJi0LVr
VxhKVoDxlt1ux8GDB/H5559j/fr12LlzJy7X0qokREREROQZBhxEREREREREpHu1OyGZiIiIiIiI
iKgOMOAgIiIiIiIiIt1jwEFEREREREREuseAg4iIiIiIiIh0jwEHEREREREREekeAw4iIiIiIiIi
0j0GHERERERERESkeww4iIiIiIiIiEj3GHAQERERERERke4x4CAiIiIiIiIi3WPAQURERERERES6
x4CDiIiIiIiIiHSPAQcRERERERER6R4DDiIiIiIiIiLSPQYcRERERERERKR7DDiIiIiIiIiISPcY
cBARERERERGR7jHgICIiIiIiIiLdY8BBRERERERERLrHgIOIiIiIiIiIdI8BBxERERERERHpHgMO
IiIiIiIiItI9BhxEREREREREpHsMOIiIiIiIiIhI9xhwEBEREREREZHuMeAgIiIiIiIiIt1jwEFE
REREREREuseAg4iIiIiIiIh0jwEHEREREREREekeAw4iIiIiIiIi0j0GHERERERERESkeww4iIiI
iIiIiEj3jDl5hfXdByIiIiIiIiKiGuEIDiIiIiIiIiLSPQYcRERERERERKR7DDiIiIiIiIiISPcY
cBARERERERGR7jHgICIiIiIiIiLdY8BBRERERERERLrHgIOIiIiIiIiIdI8BBxERERERERHpHgMO
IiIiIiIiItI9BhxEREREREREpHsMOIiIiIiIiIhI9xhwEBEREREREZHuMeAgIiIiIiIiIt1jwEFE
REREREREuseAg4iIiIiIiIh0jwEHEREREREREekeAw4iIiIiIiIi0j0GHERERERERESkeww4iIiI
iIiIiEj3GHAQERERERERke4x4CAiIiIiIiIi3WPAQURERERERES6x4CDiIiIiIiIiHSPAQcRERER
ERER6R4DDiIiIiIiIiLSPQYcRERERERERKR7DDiIiIiIiIiISPcYcBARERERERGR7jHgICIiIiIi
IiLdY8BBRERERERERLrHgIOIiIiIiIiIdI8BBxERERERERHpHgMOIiIiIiIiItI9BhxERERERERE
pHsMOIiIiIiIiIhI9xhwEBEREREREZHuMeAgIiIiIiIiIt1jwEFEREREREREuseAg4iIiIiIiIh0
jwEHEREREREREekeAw4iIiIiIiIi0j0GHERERERERESkeww4iIiIiIiIiEj3GHAQERERERERke4x
4CAiIiIiIiIi3WPAQURERERERES6x4CDiIiIiIiIiHSPAQcRERERERER6R4DDiIiIiIiIiLSPQYc
RERERERERKR7DDiIiIiIiIiISPcYcBARERERERGR7jHgICIiIiIiIiLdY8BBRERERERERLrHgIOI
iIiIiIiIdI8BBxERERERERHpHgMOIiIiIiIiItI9BhxEREREREREpHsMOIiIiIiIiIij8PbqAAAg
AElEQVRI9xhwEBEREREREZHuGeu7A0RERERERER6cOZMARYvOYAzZwrQpUswnni8Gxo18qvvbuHS
JSsWLzmAQ4dy0aVLMMaO6YjWrYPqu1t1TuTkFcr67gQRERERERHRtezMmQKMn7gJly5Znfc1auSH
f86LRNcupnrr18FDeXg+LqVcvxYtGPKHCzkYcBARkW5IKfHrr7uxLTUFW7em4MTx4zhx4jiKi61o
3rw5mjRpApMpGG3btUOHDh0RajajXbtQDL55SH13nXTm7Nmz2LxpI3al7cS+vRk4fPgQsrOzYTQa
ERISglatW6N9+zC0DwtD167d0LlLV/To0QMNGzbyel98XxMR6cPrf/8ZycmZ5e6vz5DDXbjhMGZM
Rzz3TK8671N9YsBBRES68OOWzfjnvLn4bm2y19vm5BVW+FiIKbAm3apyP75s/1ralyf788XfPWPf
YbRp27ba7VTWB3cOHz6E+e+/i6WfLIHVWv5gsTJ+fn4YMmQolq9c7fE2tfW+JiIi33vu+RT8/Eu2
28fqI+SoLNwAgL7XN8O7/4yss/5cC1hklIiIrmlXCgsx69XpuGNUVLVOAknfUlNT6mQ/UkosWbwQ
N0cOxOKFiV6HGwBgtVqxbt13Hj2X72siIv3p0rXi8OLSJSuej0vBwUN5ddKXqsINoPL+/l4x4CAi
omvWlcJCjH/iEcx9+x/13RWqJxvWr6v1fUgp8erMaZj8/DMoLCyo9f3xfU1EpE/jH++Ohg0rXqej
rkIOT8KNhg2NGP9491rtx7WIAQcREV2TVFXF1Bf/hm+/+bq+u0L16KvV/5+9O4+Tq6rzPv6991ZX
753O0p09IRtb2BL2QAhL0EF2kXHcGFBhAB8hDDM6PurojAqoOGJAUUYFHl6MDIuiAiIQwiYESMIS
wpZOIBvZ00nvXVX3nuePququ7lq6uru6qm735/2y0lX33OVc+irWN+f8zh/V0T60UzHu+NUvdMt/
3Tyk14jjuQYA/6qqKtHSn51U0JAj23Bj6c9OKorVXfKNgAMAUJSefOJx3fnbXxe6Gyiwffsa9dpr
q4fs/GvfWqNvf/MbQ3b+3niuAcDf5syuKVjI0Z9wo5CruhQSAQcAoOiEw2H96KYbCt0NFInnn3t2
SM4bCoX0L9cvGVC9jYHguQaA4WHO7BotvWVBnyHHkuteVEOOQo6GhiYtuS6LcKPAS9YWWvrfCAAA
BfLG669p9epVGfeZPv0Afe3f/q9OXniKxo+foJKSEoU6O9Xc0qL9+/dpX2Ojdu/epZ07d+ap1xgq
jzzyJ/3r178hy7Jyet5nli/Tij6KmI6fMEFLrrtep556uqZMnaqKikqFQyE1NTdr375G7dq5U9u2
faTNmzZp3br39dZba9Kei+caAIaPOXNGaektC3TNkhfV2hpJuU9zc1jXXveifvbTBZo9iNChoaFJ
1173opqbswg35owa8HWGAwIOAEDR6WvljEPnHqaHfv8nTZg4scf2svJylZWXq66uLmd9GexSnINZ
KrW/187ntfJpzZtvaMOG9Zo1a3ZOz/vr/74jY/sJJy7Qb++8J2mZ2tKyMtWVlamurk5z5hyY9fWK
6bkGAAxePkIOwo3+YYoKAKDovPLyiozt3/r2d5K+BGL4OHTuYUnbXnrxbzm9xoYN6zMuz1pbO1q/
vOM3SeHGYPBcA8DwEw85Mk1XiYcc/Z2uQrjRfwQcAICi89HWLRnbjz9hQZ56gkI49tjjkrYte+qJ
nF7jjddfz9j+pcuv0PTpB+T0mjzXADA8zZkzqs/Co83NYV3Tj8Kj6xqadM2SLMKNn51EuJGAgAMA
UHS2bNmcsb2qqipPPUEhHDp3btK2v/zlMTU17c/ZNVatfCVj++LFH8vZteJ4rgFg+Mrl6iqsljJw
BBwAgKITCmVe1WLvnj156gkKYeas2Sovr+ixrbOjQ6+88nLOrvHee+9lbJ/dj9oa2eK5BoDhLRch
B+HG4BBwAACKTl91D1aseClPPUFBGKPTz1ictPn5Z5/J2SV27tyRsb26ujpn14rjuQaA4W8wIQfh
xuARcAAAis7cFEUmE/3y9tvU0V68q35gcJqbW3TSyQuTtv/x4T/Idd2cXKOvehilpaU5uU4inmsA
GBnmzK7ps/BoS0tYSxIKjzY0NGnJdVmEG7csINzIgIADAFB05h99TMb2l1e8pP/47rcViaRekg3+
1tLSrHnz5idt37jxQ729dm1OrrF79+6cnKc/eK4BYOToz+oqf3l8M6ul5AgBBwCg6JxyyqI+9/nl
7T/XlVd8SXuoWzDsNDc367DDD1dJSUlS24svPl+AHuUGzzUAjCzZrq5y402vs1pKjhBwAACKzqFz
D9MZWaxi8dCD9+vvzjxNf3vBv196kay5qUlVVdVadOrpSW1//ctfCtCj3OC5BoCRJ5uaHJlQc6N/
CDgAAEXHsixd/y9fy2rfhoZ1OucTH9NNN35fnR0dOe/L6JryrF7Inebm6HzkkxeektS2fPky7dyR
uUBosSqm5xoAkD8DDTkIN/qPgAMAUJROXHCSrv7KNVnv/8Mbf6DPfPpT2rx50xD2CvnQ1BQNOI5O
U7Ni1apXu97X1o7OS59yhecaAEam/oYchBsDQ8ABACha3/7372Y1pD9u+fJlOv+cs7T2rTVD2CsM
tcbGRknSYYcfkbJ95crugGP8hAl56VMu8VwDwMg0Z3aNrvlq5hW14q756mGEGwNAwAEAKFpl5eX6
9W/v7teXwQ8+2KBPXnCO3nk7N6ttIP/27YsGHLW1tTpl0alJ7c88vazrfV1dXb66lTM81wAwMjU0
NOm227L73/HbblvbtYQsskfAAQAoarW1tbr7nnt1+RVXZX3Mzp079fnPflrbt20bwp5hqCSuILJw
YfLKI6tXr9LOnTsl+W+KShzPNQCMLA0NTdGlYFvSr5aSqLkluoQsIUf/EHAAAIpeZWWVfvjjn+jO
u+9VfX19Vsds2LBe//b16+W67hD3Drm2Y3v3F/ijjz025T5vvvm6JGn0aH8GHBLPNQCMFF3hRoal
YFNpbibk6C8CDgCAL1iWpQsu/KSefuZvOve887M65o8P/0GPPfrIEPcMubZ3796u9/PmHa2SkpKk
fVavXClJqqkpzPzkXK2qw3MNAMPbQMONOEKO/iHgAAD4yuQpU3Tn3ffqv265NeUX395u/vFNikQi
A75eY1N7Vi8MjdraWn3s42clbX/++WclSTU1o/LdpSGR7+caADD0sgk3KisD+revH5VxdRVCjuwR
cAAAfMdxHF32xS/rz4/+VePGjcu475tvvK7Vq1bmqWcYCovPTC7G+cLzz2nfvn2qLtAIjqHAcw0A
w8e6hiZds6TvcGPpz07SJ86a2ucSss3NYV2z5EWtI+TIiIADAOBbx59wou74zV197vfsM8uHvjMY
MgsWnJRy+1tr3lR1dXWeezP0eK4BwN/WNTTp2iUvqiVDQdF4uBFfCnbO7Jo+Q46WlrCuJeTIiIAD
AOBrp512Rp8rUazib7p9bc6BB+mggw9J2r5q1UpVVQ0s4OhrhESh8VwDgD8NJNyII+QYPAIOAIDv
/cNnP5exfX3Dujz1BEPBsiydc+55Sdv/9sLzqqquGtA5p0yZmrE9FAoN6Ly5xHMNAP4ymHAjjpBj
cAg4AAC+N3PmrIzt27dvz1NPMFQWLlyUtO2Z5cskYwZ0vvETJmZsb21tHdB5c4nnGgD8o6GhSUuu
yyLcuGVB2nAjbs7sGi29ZUGfIccSCo8mIeAAAPheRUVFxvZJkyfnqScYKscce6zKy3v+nsPhsBoG
OIrhoIMOyti+efOmAZ03l3iuAcAfsl0tZektCzRnTnarf82ZM6rPkIPVVZIRcAAAfG/79m0Z2ydO
zPy39Sh+lZVVOvucc5O2v7127YDOd8yxx2dsf/XlFQM6by7xXANA8RuKcCOOkKP/CDgAAL637Kkn
M7bPnDU7Tz3BUDpj8ZlJ21aufHVA55o3f37G9rvvvlMd7e0DOneu8FwDQHEbynAjjpCjfwg4AAC+
tvatNbrh+/+RcZ90y4zCX044cUHStnfeHtgIjilTpurCT16Utn3Nm2/ohz+8QWaANT4Gi+caAIpb
PsKNOEKO7FmNTe2F+Tc3AABp3HjD9zR16jRNmDhR48bVacyYMaqpGaXy8nIFg0GFQiFt2bJZTz7x
uG78wffU1JT5X+avr3lH06cfkLJtdE15zvr9znsbNKEf0wb6unZjU+5GEAzFtQZzzoEee/qik/Ta
a6v77lwWfXjh+ed07tkfz3j8Jy/6lC6/4iodOneuKiur1Nraos2bNunkBcf1+7r5fK4BAEMnn+FG
onXr9uuaJS+qtTWSdp/q6hL97KcLNLuPQqbDFQEHAKDo5DJ0+MIll2rpbbfn5VoEHNmfc6DH3vyj
m/SDPkY2ZNsHY4w+8+lP6a+PP5b1+QZz3Xw+1wCAoVGocCOOkCMzpqgAAIa1//PVawvdBeTQyQtP
ydm5LMvSj27+L40bNy5n58wXnmsAyL+WlnBBww2pf9NVMi1ZO1wRcAAAhq1blv5cBx50cKG7gRya
N2++amtH5+x806ZN109+emvOzpcPPNcAUBh33vV+QcONuGxDjjvven9I+1GMCDgAAMPSddf/qy75
x8sK3Q3kWGlZmc47/4KcnvO88y/QzT+5JafnHCo81wBQOOsa9qdty1e4EZdNyJGpv8MVAQcAYFgp
L6/Qz2+/Q9/+9/+QZVmF7g6GwKJTT8/5Ob90+T/pf+57QPX19YM+18JTFuWgRz3xXANA4U0YX5Fy
e77Djbi+Qo7Zs6jBAQCAL5WUlOjLV1ypZ194SZ/93Bf4EjiMnZhiudhcOOsT5+jZ51fo2iX/rPLy
1P8nNp0TTlyg7/3gJr2y6g396ZHHc9YnnmsAKB6XXXZgUphQqHAjLl3IUVkZ0MUXzyxInwqJVVQA
AEVn3br31bDufa1fv14bN36oDz/4QB99tFXbt32k1rY2lQaDmjBxkurr6zV37mE67vgTdfzxJ2jy
lCmF7jqGib179+r5557VKy+v0Nq1a7S+oUF79uxR7ehaja8fr1mz52ju3MN08CGHaN68o7NaPYfn
GgD8b9u2Nj3w4AY1NDRp9uwaXXbpQaquLil0t2I1N97r6tfFn5qpiRP7F9YPBwQcAAAAAAD0gzFS
MQ6qK9Z+5QtTVAAAAAAA6IdiDRGKtV/5QsABAAAAAAB8j4ADAAAAAAD4HgEHAAAAAADwPQIOAAAA
AADgewQcAAAAAADA9wg4AAAAAACA7xFwAAAAAAAA3yPgAAAAAAAAvkfAAQAAAAAAfI+AAwAAAAAA
+B4BBwAAAAAA8D0CDgAAAAAA4HsEHAAAAAAAwPcIOAAAAAAAgO8RcAAAAAAAAN8j4AAAAAAAAL5H
wAEAAAAAAHyPgAMAAAAAAPgeAQcAAAAAAPA9Ag4AAAAAAOB7BBwAAAAAAMD3CDgAAAAAAIDvEXAA
AAAAAADfI+AAAAAAAAC+R8ABAAAAAAB8j4ADAAAAAAD4HgEHAAAAAADwPQIOAAAAAADgewQcAAAA
AADA9wg4AAAAAACA7xFwAAAAAAAA3yPgAAAAAAAAvkfAAQAAAAAAfI+AAwAAAAAA+B4BBwAAAAAA
8D0CDgAAAAAA4HsEHAAAAAAAwPcIOAAAAAAAgO8RcAAAAAAAAN8j4AAAAAAAAL5HwAEAAAAAAHyP
gAMAAAAAAPgeAQcAAAAAAPA9Ag4AAAAAAOB7BBwAAAAAAMD3CDgAAAAAAIDvEXAAAAAAAADfI+AA
AAAAAAC+R8ABAAAAAAB8j4ADAAAAAAD4HgEHAAAAAADwPQIOAAAAAADgewQcAAAAAADA9wg4AAAA
AACA7xFwAAAAAAAA3yPgAAAAAAAAvkfAAQAAAAAAfI+AAwAAAAAA+B4BBwAAAAAA8D0CDgAAAAAA
4HvW4fPvN4XuBAAAAAAAwGAwggMAAAAAAPgeAQcAAAAAAPA9Ag4AAAAAAOB7BBwAAAAAAMD3CDgA
AAAAAIDvEXAAAAAAAADfI+AAAAAAAAC+R8ABAAAAAAB8j4ADAAAAAAD4HgEHAAAAAADwPQIOAAAA
AADgewQcAAAAAADA9wg4AAAAAACA7xFwAAAAAAAA3yPgAAAAAAAAvkfAAQAAAAAAfI+AAwAAAAAA
+B4BBwAAAAAA8D0CDgAAAAAA4HsEHAAAAAAAwPcIOAAAAAAAgO8RcAAAAAAAAN8j4AAAAAAAAL5H
wAEAAAAAAHyPgAMAAAAAAPgeAQcAAAAAAPA9Ag4AAAAAAOB7BBwAAAAAAMD3CDgAAAAAAIDvEXAA
AAAAAADfI+AAAAAAAAC+R8ABAAAAAAB8j4ADAAAAAAD4HgEHAAAAAADwPQIOAAAAAADgewQcAAAA
AADA9wg4AAAAAACA7xFwAAAAAAAA3yPgAAAAAAAAvkfAAQAAAAAAfI+AAwAAAAAA+B4BBwAAAAAA
8D0CDgAAAAAA4HsEHAAAAAAAwPcIOAAAAAAAgO8RcAAAAAAAAN8j4AAAAAAAAL5HwAEAAAAAAHyP
gAMAAAAAAPgeAQcAAAAAAPA9Ag4AAAAAAOB7BBwAAAAAAMD3CDgAAAAAAIDvEXAAAAAAAADfCxS6
Axg6b666OOX2I45+YFhdEwAAAAAARnAAAAAAAADfYwSHD5x4/Hhd+U+H6tCDR0uS3lq7V7f+4i2t
fm13gXuGYsJzAgAAAGAkYwRHkTv+uHrd8pMFmnfkOJWWOiotdXT0/Dr9/Gcna/68cYXuHooEzwkA
AACAkc73Izg+/9k5mjypUvV15RozplS1taWqrAyoojyg0lJHgYAty5I6O111dLpqbOzUtm1t+nBj
s55/YZteXLGj0LeQ0dVXzlV5efKvqbKyRF+9+jBddvkz+e8Uig7PCQAAAICRzvcBx9euPyqr/crL
AyovD2h0balmzqjRSQsm6HOfmaPtO9r0wEMb9P/ueV+dIXeIe9t/8ekGqcw9dEwee4JixnMCAAAA
YKQb8VNUJoyv0FevPkz/+z+LNWf2qEJ3J5mVoSlDG0YYnhMAAAAAI5zvR3DkyswZNbrjF6fo8que
U8P6/YXuTpd3392nI48Ym7Lt7Xca89wbFCuek55YrhgAAAAYeUb8CI5EY8eW6d+/eXShu9HDL365
Vu3tkaTtra1hLf35WwXoEYoRzwkAAACAkY6Ao5ejjhyrv/v41EJ3o8tLL+/Qkutf1Otv7FFnp6vO
TlerX9utr1z7glat3lXo7qFI8JwAAAAAGOmG9RSVL13xjDZtadH+/SGVlwc0c0aNTjiuXuefd4Am
jK9Ie9xZH5+mx/+6OW/97MtLL+/QSy8X92ovKDyeEwAAAAAj2bAOOF5d1f031x0drlY17tKq1bt0
3/3r9atfnKID56QuKlqUxUYBAAAAAEBawzrgSGfP3g7992/e0Y9vOiFle+2oYJ57VPwOPqhWp506
WcccXafJEytUXR1URUVAnZ2uWlvD2r6zXStXDt+pEMcdU6/TT5us2bNrNHVKlaqrSlReHpDrGrW3
R7R9R5s2bGjSk8u26Kmntxa6uwOWr/s8en6djp4/TtOnVWvSxArV15erqqpE5WUBBYO2wmFPbe0R
7dzZro2bWvTSih169C8b1dFRfEs5AwAAACgO1uHz7zeF7sRgpFstQcq8YsLo0aV69qnzUra5rtG8
4x7M6fUGelymY4fquESHHjJa/3T5oVq0cKJse+DrjQ509YpH/nCWpk2rStn21SUv6Nnnt2V9rkUL
J+rWW05O2bZxY7PO/eTjPbYFArb+4e9n6dOfmqXp06uzvs6atXt1w02rtfbt7FcvKQ06Ov30yTru
mDpNm1atyZMqVV1VorIyR4GArVDYVXNzWJu3tGj9+ib95q53tXVra49zDPT3nY/7nDihQn/38ak6
acEEHXLQaFVXl2R9nbjGfZ369W/f1T33vp/UdustJ2vRwon9Pmfcrl3tOuPvHhnw8QAAAAAKb0SO
4JCk6qr0X7CaW8J57Enx+txn5mjJNYerNOgUrA9PPLVZX/7iISnbzj5rer8CjrM/MT1t25PLtiRt
O//cA/S164/K+vxxh88do9tuOVlfufaFPpdoPejAWl16yUFatHCiqjI8k6VBR6VjHY0bW6Z5R47T
X5/cnBRwDFQ+7vPRP56lQGBwNY1H15bqX//5SB18YK2++Z1XBnUuAAAAAMPPiF1FZdEpk9K2ffBB
Ux57Upyuv+5Ife36owoabkjSAw9tUGdn6mkJJy2YoMqK7DK6yoqATjpxQsq2zk5XDzy0IWm7PYj/
dowdW6bvfvuYPvf73T1n6OyzpmUMN4ZaPu5zsOFGonPPma6rr5ybs/MBAAAAGB5GZMAxZ/YoXfqF
A9O2P73cvzUUcuHii2bqks8dKGvgM1JyZtv2Nr20IvXKINXVJTr3nAOyOs955x6QdlrEipd3aNv2
toF2Ma2DD6rVJy+YkXGfXH7xL5Rs7jPXPvvp2aqvL8/rNQEAAAAUN/9/u8pCIGBr4oQKnXbqJH3r
G/N1929OU11d6i9H76/br/vuX5/nHhaPmTNq9M9LjiyKcCPuj3/+MG3bmYunZHWOM89Iv1+m8w/W
KYOoC+En+b7PmpqgPnl+fkMVAAAAAMVtWNfgyFTYM5WtW1v1jW+9rM7QyF2p4UuXHpxx2kco5GnZ
01u0bPlWrX2nUa0tYU2bVq05s0dp0cKJOnVR+qk/A7Vs+VZt2tSSstjovCPHatrUKm3a3JL2+OnT
qzXvqHEp2zZtbslqNZB339unV17dqVWv7dLmza3auatdUyZX6ojDx+rC8w/QIQePTnncwQfW9nnu
YpLv+1y2fKvWvt2ot99p1K5d7dq2vU2ja0t13LH1+vTFs3TwQenPO29e6t8pAAAAgJFpWAcc2YpE
PD3z7Ef64U9e144d7YXuTsFMnFCRcUTErt0d+sa3XtYrr+7ssX3fmj16c80ePfSHDf0OlbKVrtho
IGDrwgtm6Ge3rkl77IXnHSDHST0kJVVx0ThjpJWrdum/f/OOXno5eZrM200hvf1Oo+67v0FL/+uk
lOFOTc3Alhz+9Z3vatXqXdq8uUV7GztVX1eucWPLNHt2jY6ZX6e2tsiAzptKIe/zun95MWlbS0t0
tZhHHt2ou397mg49JHWoMuOA7hVfvrrkhR5tuVhBCAAAAIC/jPiAY9PmFv3xzx/q93/4QHv2dhS6
OwV1xumTVVaWuqhoOOzp2995JSncyJcHHtqgL3zuQJWWJvfvtEWTMgYcp506OeX2UMhLWVw07s+P
bNSDv0/fnuiue95L+cW/IssiqL0tva3n/bS0hLXhgya9snKn/ue+hgGdM51C3mcmnSFX9/5unX7w
n8elbK+qLFxhVgAAAADFZ0TU4Mhk2tQqffXqw/TXR8/WbT87Oe1UhpFg/ry6tG0vvLhdL6Yp9pkP
27a3aUWK0QVStG7I8cfVp2w7/rj6Hn/Tn+jlV3foo4/SL7Xan6lKa9emXibVtouomEkaxXyfr6xM
H6gNRagCAAAAwL9GfMARFwzaOuXkifrv2xfpmq8cVujuFMTsWTVp2557flsee5Law3/6MG3beWcf
0K/tkvSnP28cXIcSjJS6Lfm+z0xTxvwQHgEAAADIH/4KtJdg0NaXv3iIysoC+tFPXi90d/Kquir9
kP833tyTx56klqnY6MknT1Bp0OnxBbw06OjkkyekPNfWra3665Obs7ru6NGlOuO0yTrm6DpNmVyp
8fUVqqoKKBh0VFIyfDLCkXKfAAAAAIanYR1w9C4oWDsqqPHjKzRrZo3mzxun006drLpxZSmP/ew/
zI5Oy3hpez66WhSqq9MXity+oy2PPUnviWVb9OXLDk7aPrq2VGd/Ypp+//AHXdvOOXu6RteWpj7P
U+mLi8ZNnlypq644VItPnzKsp0OMlPsEAAAAMLyNqL+W3bc/pPfe36fHHt+k79+4Whf9/V/12hu7
U+5r25YuvmhmnntYWFaGEf+ZRnfk0wMPrldnZ+ppEh//2NQenz92ZuoVYUIhr8+imgtPnqh77jxd
551zwLD+0j9S7hMAAADA8DeiAo7e9u0P6ee3r03bfvjcMXnsTeG1tITTtk2dmjwtpBAyFRs9el6d
Jk6okBRd8vboNEVTX125U5u3tKS9xvTp1fred47VuLGpR/cMFyPlPgEAAACMDCP+r2zXNexP2zaq
Nv2UjVQCAVuRiDfYLhVMc3NYo0enntJx7NF1BVsitrc//vlDLToleanSYNDWBefP0O2/WqsLL5ih
YDB1fvenRzMXF730CwdqzJjU/xxef2OPnn5mq95cs0ebN7eocV+o63f+5qqL+3knhTVS7hMAAADA
yDDiA450y4tKkhsxSduMST+Vo76+POOyo8Vu0+bUBTwl6czFU/TzX6Yf7ZJPTz29NdrXFKNKzjht
sm7/1VqdfurklMd+tK1Nf3l8U8bzn3Dc+JTbH/z9Bv3nD1b1v8NFaqTcZ6LehWgBAAAADB8jeorK
3ENH69qvHJ62vbGxM2lbe3sk7f5HHjE2J/0qlJWrd6VtmzmjRl+5cm4ee5NZuiKhc2aP0oXnz9Cc
2aNStj+5rO/iouPSFJ698+73su+gD4yU+0yULsADAAAA4H/DOuCYe+ho1dREp5lUVZVo6pQqLThx
gr506cH6xdKFuvs3p2vy5Mq0x69ZuzdpW2tr+joVF5x3wKD7XEjLlm/NOMXmy188RFcXScjxwIPr
U/5NvGVJ1y85IuUom3DY0wMPru/z3CZ54E7XuYeT4Xyfnpf65s5cnLrwrCQdfFDtUHUHAAAAQB4M
6ykqv7tn8YCPNSZa66G3LVtbVVdXnvKYE48fr58vPVn3P7hBb67ZI9c1mjghuiytH2zc2Kynn/lI
H0vzJdBxLF15+aE68/QpevyJzXp11U5t3tyi5paw6saVa9as/N3ntu1tWrFiR4vQtFYAACAASURB
VMpaHPFQq7dXV+3Sps3pi4vG7dnTkTL4uuTzB+r7N67uf2eL1HC+z9bWiKqrk1f+ueySg1RW6ujx
JzZry9ZWTZtapROOq9fiM6aotS2iL13xTL67CgAAACBHhnXAMRh/fvRD/e3F7UnbV7++W/OOGpf2
uIUnTdTCkyYOZdeG1C/veFuLFk5UaamTdp9Zs2r0lavmSirsaI50xUbTeaSP4qJxr6zcqQsnz0ja
/vefmqVZM2v01NNbteatvdq6tVUdHRGNqyvXnDyGO7kynO9z1+72lAFHaamjSy85SJdeclBS28pV
6adoAQAAACh+BBwpvPTyDt34w9dStv35kY36zN/PVkXF8PxH17B+v265dY2+dv1RRT9VIVOx0d62
72jTI49lF3Dcc+86nXHa5JQjQY6eX6ej56deftZvhvN9vrV2r2bO8EcYAwAAACA3hnUNjv4Khz39
7n8b9E9XP6fWttTFRDd80KT77m/Ic8/y697frdM9976ftkZDMUlXbLS3p5ZtzfqcDev367vfW6nm
5vT1VoaD4XyfDzy0Qa7rgwcYAAAAQM4QcEhq3NepRx7bqEu++LRu/FHqkRuJbrl1jX7/8Ad56Fnh
3PzTN/SDm1arpaW4v/ymKzaaKBLxdH8WxUUTPfX0Vl365eV67oVtGQuv+t1wvc833tzT7985AAAA
AH/z/TyLu/7fe5owoUJjx5ZpdG1QFRUlKg3aKi11FAw6KimxZYxRJGLU0RFRS2tEe/d2aPuOdn24
sVmvvb5bL63Y0e8vd9/93kqteWuvvnzZwRlXYunLrl3tAz52qN3/4Hqtfm23LrvkIJ1x+uQBT8vJ
tLTuYGUqNhq3ctUufbixud/nXtewX//n2hc0c0aNzjh9sg6fO0aTJlWqblyZKioCKimJ5oPhiKdQ
p6eW1rCamkLas7dT27e36cONzXpzzZ4B31u+DNf7vPFHrykQsHXRhTNk25nnWxkjfbStNU89AwAA
ADAUrMPn38847kE6ddEkLVo4UTMOqNHEiRWqripRWZkjx7EVDnsKhVw1t4S1f39Iu3a3a8uWVn24
sVmvrtylhvX7C939rNTXl+vM06foiMPHaM6cURo1qlSVFQGVlwfkup7CYU9tbRE1t4TVuK9TO7a3
a/OWFr351l6tWLGjz1EWwFA57th6ferCmTr00NGqG1em0lJH4bCn5pawPvqoVW+/06gnn9qiVyky
CgAAAPgaAQcAAAAAAPA9anAAAAAAAADfI+AAAAAAAAC+R8ABAAAAAAB8j4ADAAAAAAD4HgEHAAAA
AADwPQIOAAAAAADgewQcAAAAAADA9wg4AAAAAACA7xFwAAAAAAAA3yPgAAAAAAAAvkfAAQAAAAAA
fI+AAwAAAAAA+B4BBwAAAAAA8D0CDgAAAAAA4HsEHAAAAAAAwPcIOAAAAAAAgO8RcAAAAAAAAN8j
4AAAAAAAAL5HwAEAAAAAAHyPgAMAAAAAAPgeAQcAAAAAAPA9Ag4AAAAAAOB7BBwAAAAAAMD3CDgA
AAAAAIDvEXAAAAAAAADfI+AAAAAAAAC+R8ABAAAAAAB8j4ADAAAAAAD4HgEHAAAAAADwPQIOAAAA
AADgewQcAAAAAADA9wg4AAAAAACA7xFwAAAAAAAA3yPgAAAAAAAAvkfAAQAAAAAAfI+AAwAAAAAA
+B4BBwAAAAAA8D0CDgAAAAAA4HsEHAAAAAAAwPcIOAAAAAAAgO8RcAAAAAAAAN8j4AAAAAAAAL5H
wAEAAAAAAHyPgAMAAAAAAPgeAQcAAAAAAPA9Ag4AAAAAAOB7BBwAAAAAAMD3CDgAAAAAAIDvEXAA
AAAAAADfI+AAAAAAAAC+R8ABAAAAAAB8j4ADAAAAAAD4HgEHAAAAAADwPQIOAAAAAADge1ZjU7sp
dCcAAAAAAAAGgxEcAAAAAADA9wg4AAAAAACA7xFwAAAAAAAA3yPgAAAAAAAAvkfAAQAAAAAAfI+A
AwAAAAAA+B4BBwAAAAAA8D0CDgAAAAAA4HsEHAAAAAAAwPcIOAAAAAAAgO8RcAAAAAAAAN8j4AAA
AAAAAL5HwAEAAAAAAHyPgAMAAAAAAPgeAQcAAAAAAPA9Ag4AAAAAAOB7gUJ3oG9GxhS6DwAAAAAA
jFyWJUlWobuRUVEFHIYkAwAAAACAohP9up78nd2yiif0KHjAQagBAAAAAIA/JX6nL3TYUZCAY2Ch
BlNVAAAAAADIp/5MTSl02JHXgCObYIMRHQAAAAAAFId0U1OkzCFG/Lt9PoOOvAQcfYUW/Qs1CEAA
AAAAABh6mcOJbEZs5DPoGNKAI1NwMdA2AAAAAACQD+m/m/cOLPoKO/IRdAxJwNH/8CJTfQ0T/w8A
AAAAAMgzq+cfknoHGqnb8h105DzgSBdupNqe7baB7AMAAAAAAAYmMYAwPf9I2iexTkeP4/oIOnId
cuQw4Eg9CiM5jEjer699+g40CDwAAAAAABi49FNOpJ4hRXzERqppKd2hRvc50wUd0ZAj+doDlZOA
I7tpJ70+G9Mzluj12Rivx9SUgY72AAAAAAAA2Uk1qsKyomFGdxZhq2vERnSH7hCj67MkmaSgI3k6
S3y/wYccgw44sgkeTM/hGAlBRvJIjcR9jfG62ru3Z6rXAQAAAAAABisxiIiHD5YlWbKjAxLi2y0r
nlJE3yr6OTno6DmdJfVojsGFHIMKOPoMN9KFGYnbY++jx0X3iZ8jHnB0fybkAAAAAABgKKUONyzF
84zu7UbGWNE2xcKN+J+x4CNxOovVffKUgcZgQ44BBxx9hRup35ukERk9R2l48rzEMMNEP3cFIsnT
XhJ/AAAAAACAAbCS3nSFE/FgwrZjAUYshLBtS5Zld009sWR3HxjbZkz3MdHBG4mjOXIbcgwo4EgK
N5LqZ2QKNLrb4mGG53mxtmjA0TWawzPyEvaPJkHR1MeSkayklWoAAAAAAMAAxBdDiX7zljwT/fbd
VUPDs2TZ0c/REMLqGtFh29GpK7ZtJQxMSAg3eo/mSAw5pO6hIRp4yNHvgCNzuJEcaHRv6/7ZPUoj
OnrD87xY/Y34T3W9t2RkW5JlGXIMAAAAAACGSHwAgaWE7/OKjsLwjOQaS5aJjtqIj86wLKPEGh2e
Fy1AGg864iU6kkZzJAYekqz4TvErDyDk6FfA0d9wI9XPnq+eAUf8p2U8yZIcKxpuAAAAAACA/LMU
HXBgW5JnjDxjyXiePMuWZVmy7V5FSK3oZ89LrOVhlDyaIx6ARNtyEXJkH3Ak1dxILhQa70Dyz9io
DM+LDnPpEWjEp6VEt9mWkW2LYAMAAAAAgCJiW5JtGXlG8owrz7NkjBerwxH9GQ88bNuO5gi2nTCK
IzHcSAg5FA02EqKO7ov2Cj0yyTrgSIo3utONNOFGzxVRonU2otNTegQbnicvNmrDsSXHzrZHAAAA
AAAg36JBh+R6se/40WVTZNlSdJRG9Iu9bUdHe9h2dNqKpNRhh7qDjd55Rq+4I6OsAo7eU1N6rpDS
c1tyuGG6CofGQ43EgMPzPNmWp4BjZRvKAAAAAACAAnNisy8inivXs2NrqCR+t4/W6/C8xOKj0bod
ySM6uoON3lNTsp2q0mfAkTncyDAdJfqHvFi9jd6hhvFcecaTY1kKOCQbAAAAAAD4jWVJJY6liGvk
ehHJ2LGRHFI87LBtW54XDUNM1/ZUIUf6JWSzCTkGXGQ0m3DDqDvc6A44Yu+96JSUgNOfHgAAAAAA
gGITcCS5kut58UVlJdk9l5G1JMsMPOTosw+ZGpNWTem9PSnk6BludBcP7Q41PJMYbjByAwAAAACA
4SD6Hd/I9Tx5kmQky+6uu+F5sSKkPUKOhCAjNk8lXbDRV+CRNuDINDWla1u0oau9axSH1FV3w/MS
CovGRm84DuEGAAAAAADDTcCxZGTkup5kx5eZjQYftm2iU1VsS1ZsBoji7cbIWFZSQdH+TFXJcopK
hqkpXe97juJInJqSOC3FtoxKWCoFAAAAAIBhqcSxugY4dAccUbZtxzKEeDHSWNARCzdSTVXJdi2V
lElD8uiNnm96hBwmdbCRKuSQjAIBRm4AAAAAADCcRb/798wEUmUGiXlD7wEViXlDonTlNPoewZFY
WDTF9vgIjq4pKvEaHL1HbxhPJQFbNmvBAgAAAAAwrNmWpYAjhSKePC+aA1ixURqWbcdqdyaIT09J
WC+2x7iNxHVk010zeZNJ+Snt1JSE6SmSiRYRjf9MWDnFsVkOFgAAAACAkSLgWHJsq2vQQ9fCI7HM
IDFLiI/gyJRB9JS8JSng6DnSo49VVBQPOtQ1tCRaGTU27MR4Ml50I+EGAAAAAAAjS8CJFRD1YhmB
ia+42itLSDgm3RSUnvVBk1szVvtMV3sj/j5xSoqSam90z61xHMmxCTgAAAAAABhJHNuS46grL4hn
BfG8IDFT6F6dNaqvWhy99Qg40qUkmZIUk/CSumtvdHfWU8Bm1RQAAAAAAEaigG1LpmdWYGILkfTM
FLr1njmSSu98Im3ykBR29E5Rer26h5V0j+bwPCPLtuQwPQUAAAAAgBHJcSxZtiXP6x61YRSfppI6
X+iStMpr+mEcfQ6t6FnQo1ftjcSXiXXSKFosJJbMEG4AAAAAADCyOY4VzRfihUZjBT2N8ZLyhW7J
RUcz6Qo4stk53oEelU7VPXrDiy0Pa4wU7SLTUwAAAAAAGOmi2YAnLz5yw/OiGUJ8FId6ZQ2xtr4k
Zhkp04eM01OUvGpKvMXEh5nERm/YliWb4qIAAAAAAIxotm3JtqKjOIznxaaoJFT0zLCqSrbTVPpY
RSX19JRee3V1oGfIEQ04AAAAAAAAbMuS8UyPcKPnCI5Usp+mkvX8kXiAkXgR9RpO0p22RDvM6A0A
AAAAACBFR3GYrkESvQZKJJXEiLf14/zxg7LRdcGkISOJHeseUsIIDgAAAAAAIMVGcCRkBolZQvzP
3rlDdqI72oqfIO1+vWuYpqhqGuuQ55mEz54sRnAAAAAAAAAplhF4aTKE5FVbe8gQXMSbkqao9J7T
kjkwSUhUevyMj+DIeDAAAAAAABghbCuh/EWvLCG5LEZPvVtS1eNIX4Ojx86pLpI4XMTEyn4YdfXJ
GFlMUQEAAAAAAFI0I4jVu4hPSjEJ4zXShxwJ2zKM5EgbcJi0H2IbUuQfXXNo0vUJAAAAAACMXInh
Ru8ZIV3vTdIxKd4myWoVlVTLxPYoMJq4JTHkAAAAAAAAiOnKD3rMCOnRknREtvlC1svEdnfFpI5M
SDQAAAAAAEB/pM0XUpYazSj7gCPdedOOHCHxAAAAAAAAidKM1Mgyc8iknyM4AAAAAAAAig8BBwAA
AAAA8D0CDgAAAAAA4HsEHAAAAAAAwPcIOAAAAAAAgO8RcAAAAAAAAN8j4AAAAAAAAL5HwAEAAAAA
AHyPgAMAAAAAAPgeAQcAAAAAAPA9Ag4AAAAAAOB7BBwAAAAAAMD3CDgAAAAAAIDvEXAAAAAAAADf
I+AAAAAAAAC+R8ABAAAAAAB8j4ADAAAAAAD4HgEHAAAAAADwPQIOAAAAAADgewQcAAAAAADA9wg4
AAAAAACA7xFwAAAAAAAA3yPgAAAAAAAAvkfAAQAAAAAAfI+AAwAAAAAA+B4BBwAAAAAA8D0CDgAA
AAAA4HsEHAAAAAAAwPcIOAAAAAAAgO8RcAAAAAAAAN8j4AAAAAAAAL5HwAEAAAAAAHwvUOgOIHe2
hqU32z1t8gJ6ryWkD0JGjZ6tFldq9aQOI1XYlsotoypHGm17mhG0NKvU0sygpSMqbE0uKfRdAAAA
AADQfwQcPtbqGi1vs/TcvrBWemVa3xqS8Vwp3CEFo0mFZfU8ps1ILZ60y5U2GGlVu5FkJM+T5QQ0
tURaWONoQbl0RqVRhWMlXxgAAAAAgCJDwOEznjFa2RzR/za6erRJapOlktJShUPtcpyAXMuSU1Ym
13P7dd5ASVARN6JNIene7a7uLSnVRNvoE3ajzq0v01GjymT3TksAAAAAACgSBBw+EfGM/tgc0a3b
Q9qqcrkmoIhCCpQEFW5pVdmoUepo3Cunskq2Y/c74LAdW45xZFmWIjKSa7Qt5OpOp0S/2dyumY2u
vjK2UhdWSwGCDgAAAABAkbEam9qNMaZrQ/x94k9jjGSMjKLvjWfkmfh7T67nyXiuIq4n13XluhG5
kYhqayoKclPDiTFGj+4O6Se7W/WhMQq4FZIJKGxLXkLOYFnRerG2ZclL+H3G9R590XufeLtnjGxj
y3GDMpYUDrRJgZCk6P6TnaCurbX16dHRMAQAAAAAgGzta2qTEwjIcQJyHEcBx5ZlO3JsW5Zty7Is
2ZYly7ZkWZYsWZIVex/7Dtr7Z/w9q6gUsbUdni54N6yvbi/RepXItQOKWD2Djd5ShRsDYnmSPMmS
ZNmSHX2otobD+toOVxd9ENB7bf0bJQIAAAAAwFAh4ChCESP958YOnbutRq9ZZTJlAckpk+wyuSVS
uCQiz/aG5uKWJ8+OyLVD8uyQ5HmSa0ueHR3EYTzZnqfX2j19eqP0ow07FMlVqAIAAAAAwAARcBSZ
jzpcfW6jo183V8n1LMm2oiM2TImkkuhvLA8zQzzbi4YoRpKnWMARe0ly21u0t6lZv+gM6qIPW7Q5
RMgBAAAAACgcAo4i8lKTp0+96+idcLUsy8h0tkhuRFYkInkm+nIDkheQpYAsy+569Zcdm9cUf3Vt
lyNbTleYYVkBSQHJxK8blLEDcirL5dTUyLIqtaajVGc1RLS8eYhGlQAAAAAA0AcCjiLxp52t+vym
sLa40r59jZI8WYrIMp7kGVnGk+VJlmfLMvn9tVlGXddOHMUhSTIBGQXUFIroiw0d+t3Ozrz2DQAA
AAAAiYCjKPx60159Y1+r3GpXKnWlsbXKc4YxaE5pqVxJX9/q6le7IoXuDgAAAABghPHZ1+jh59eb
GvWfez21BUvktTZLti3b9t+vxTNGgfJyybL0g11hLd3ZXuguAQAAAABGkEChOzCS/WFbk27Y2yKr
pkKea8sO1MpEymW3RaLr+Vp5qCaahj2Aa7ueJysYlLGkm3eHVW936h/GlQ5B7wAAAAAA6Ml/QwWG
ib/ti+ifN3tya8fIdBpZboUct0xBY8kxEVl+X5QkLH1jV1BP7afwKAAAAABg6DGCowC2trv6t61l
ckaNkmtLVpUlp93I9jzJCim6Lqtb6G7GxDOw3kFFuu3RoqQqKZVnPF23zdNj5ZamBgs3GgUAAAAA
MPwxgiPPIka6Yn1IO02JQrsbpXZPMkGZSHdg4NkRmaLLA6Krt0RXcOnrsbFlPEsmHNH+/c26cmtI
Yb+PSAEAAAAAFDVGcOTZzTultYFaGTckq7ZUxuuQae2QsazYmA1XxljyzOASgYHU0Oh1Bkmx0RiK
Lg3bFcEYRdeNldcVxMSv5xkT3WbZklMmVZdqTVtIP9rdqW/WUY+jGLz77rtavny5VqxYoY0bN2rH
jh2qq6vT4YcfroULF+qss87SqFGjCt3NITdt2rQenzdt2lSgngAAAADIBauxqd2YhC/T8feJP40x
kjEyir43nol+kTVGxvPkep6M5yrienJdV64bkRuJqLamoiA3VazeDklnb6mU7IDctiZZ6l5OtXcg
UaiAw+s6zJaxogGHbRQbudFjTyUGHF1bjYkeayxFg5HotJsxlZ4eGG9pTjkhR6E0Nzfrhhtu0L33
3ptxv4kTJ+qJJ54Y9iEHAQcAAACQf/ua2uQEAnKcgBzHUcCxZdmOHNuWZduyLEu2ZcmyLVmWJUvR
BTis2EtS0s/4e0Zw5IkxRt/cZMkNtUpuRAo4UpFN2/AsyVixIMOKvowk10gyEVnyYmFH7ICk0CPK
VkS2F+n65MlTU8jTt7Z16L4ZwR4PIfKjublZ//iP/6iVK1f2ue+2bdsUDofz0CsAAAAAyB1qcOTJ
Y3vCWtUcUklFqeQYpSrOWWg9wgvZ0XTDSLIi0eKnVoc8u03G7pCxPBk7/T14diR2XESyPFmWo9es
av2htfjueyS44YYbeoQbRx55pO666y698cYb2rBhg9auXauHH35YX/ziFwvYSwAAAAAYOKao5EHE
M/rY+/vUYAUlu0xSQIp4skz3l/1imaLSXXMjEKuzEZGxQ3JbdsuqLZNxWyUTUDBYp1BrtI9lFZUK
h0Ldfbc9GbmSPCk2kiOoEhnP0qSKUi2fbhSwGcWRL++//74WL17c9Xnu3Lm677770k5BWbdunSZN
mqTKysp8dbEgmKICAAAA5B9TVHzu4f1hbYwX5rS8WF0Kr+imqCQxthx5sr2ISmoq5UWaZcJtClaM
UmNLi0orxsmybHW0tcoJlHQdZnsBySuRZ3kydlv0fj0jyzja2BbQY3s7dd44Jy+3cMcdd2jPnj3a
sWOHtm/frv3796ulpUVNTU1qa2vTqFGjVFVVpdGjR2vy5MmaOHGiZs6cqVmzZmnOnDkaPXp0Xvo5
lJYtW9bj85VXXpmxvsacOXOGuksAAAAAkHMEHEPMM0a37QjJcSskTwrb0aKb0dlBxTdDyFixWhx2
tECo7UpB19PU8lLZra069pAjtKWxRavCrpolWV40qIkXJ7WNFHADqmgvl7E87a+QjNMh240WJZVl
dNteW+eMNTlY6aVv3//+9zO279y5Uzt37pQkrVq1Kql98eLFOvPMM3XmmWdq3LhxQ9LHofbyyy/3
+HzUUUcVqCcAAAAAMHSK7xv2MPNqU0gbOizJBGSZQHzxkSIYvdErYImNLvHs2Moosc+Oiag63KHD
Ksr0/bNO1GUzJuhr82frtEMOUkVYCjW3qby8XFJ3OCJ1r7xim+h1PCtedcTTe2Fbf2uKyA+eeuop
ff3rX9eJJ56o73znO/rggw8K3aV++/DDD3t8Hj9+fGE6AgAAAABDiBEcQ+zPnaVySksU9mKJhhcN
FZKXXc0nW57sWLzhyVJ02oyx4gujRGQZS05Hu5z2Jh09tU5fOWaa6iVVSeqQ9Kkp0qpVkucEtX9/
s1RVJima24TssJrLo/frWZ7k2Qrbwdi1ownPQ7vatLAAy5Am1lkwxigcDisUCqmpqUmNjY3auHGj
1q1bp+eee06vvvpq176dnZ268847dc899+iqq67SVVddpaqqqrz3fyC2bt3a43NpKUv1AgAAABh+
CDiGUKtr9PvG+Bf96LbCBhtRXmz5V89IjokGHZ5seV2rongy+/aoItKhU2aO15eOnaZZkmo8I9kR
RVSiMknlVkBuqF0lFWXqWlTUkoztKWSFEq5oJwxY8WTsiB53pTbXVYWTn1ocqViWpWAwqGAwqKqq
Kk2aNElz586VJF177bX66KOP9NRTT+muu+5SQ0ODJCkSiejWW2/Vk08+qaVLl+rggw8uWP+z1dnZ
2eMzy/QODsVJAQAAgOJU+G/bw9gz7bZCtiO3rbXQXenFk5xIbJlXWzJBGZXJmDLJlMlyA6qwjA6t
cXTNsQfoGEljJFXalspVorCkV7ZK7Y6RbEtO75DCir0yXL/N69CLTS1DdH+5MWnSJF1yySV6/PHH
9dOf/lT19fVdbe+++64uvvhirVixooA9BAAAAADEEXAMob+1WQqHI6oqxuKUJrpMrePZsryAvHhN
Ds+L1twot/V/zzpGsyVVmxaF2prU5ErrOqSXd0sPPbdajV6nVFoi13WjK6VIWYQbkixbweqxem5f
+9DeY44Eg0FddNFFeuyxx3TGGWd0bd+/f78uv/xyvfHGGwXsHQAAAABAIuAYUi+1GRnjKRQKyY6t
5ZvulU+2PAVcT0FXKnFt2fH5I25IpZ1Nmua26uunH6FjJU2SVGFVyK5w1OJIL7nSzc+/qh1VFWpy
XIUdyTWxkSBSd8CR6Za8oELNAT3r1Q7hXeZefX29fvWrX+miiy7q2rZ//34tWbJEe/fuLWDPAAAA
AAAEHENka9ho/c59cmxHbsTNfwdiq6DI8no12PFKojKWJ9f25FmeTLhF5eEWzTJh/csn5uvYUmms
pBJJnbK1T5V6uqlZS5/8m95zbe0rDcgN2uqUJ2PbsuIhSTYjOIyRjK0P3HJtDffuX3ELBoO68cYb
dcopp3RtW79+vW655ZYC9goAAAAAQJHRIbKmQ1IwKDcUkhxbjpPHf9RW9zq0nhVLsYwty9gyVnTJ
VuMoGkREJMdEVBWQ6ls69LWF8/RxRyqTFFJEjgLa5knPtUtLn35TG90ytQXLpRK763gl5jfZDEZx
jFRqSS379WakUpNLcnr3Q66srEw33XSTzjzzTLW2Ruur3HXXXfrMZz6jQw45pN/nM8Zo7dq1euGF
F7R69Wq9//772rFjh8aMGaMJEyZo9uzZOuaYY3Tcccdp+vTpub6drDU2NuqVV17RW2+9pTVr1mjr
1q3avn27SkpKNH78eB122GGaN2+eTj31VE2aNKlg/QQAAAAwMlmNTe3GmO41LuLvE38aYyRjZBR9
bzwjz8Tfe3I9T8ZzFXE9ua4r143IjURUW1NRkJsqBj/fGdEPd7gqq6hUOBTq+4Be3FhqYCk6wsHE
BttYkmzP7lqVJYkVXYbVthJXb7FlewE5XkCWsRWxJTcYie4bkWpCIY1p26OrTz1Bnx8nlXR6CpZ6
6pClJjlq6JS++ejLet8LqCNQKrt2lELxVCMiyZMsExsYEg9O3Oj2lGxJZSVSuF1fr3P0lVFDF/4M
5YoXt99+u2688cauz1dccYW+9a1v9esca9as0Y9//GM988wzWe3/2c9+VldeeaUOOOCAlO2u62rG
jBn96kOi5cuXa9asWV2fjTFavXq17r33Xj388MOKRCJZnefyyy/X1VdfrbFjx2a1fy5+T/09Rzb7
D/af529/+1stXrx4wMcDAAAAw82+pjY5gYAcJyDHcRRwbFm2I8e2Zdm2rFgZB8u2ZFmWLFmSFXsf
K+/Q+2f8PVNUhsj6kCTbVkdHu1zPlWdMj1dalhddrrXElUrCsu3oSyVhBAKZCwAAIABJREFUqcSV
bRk5lpGjFLU8bCNHRo7lylJEsiI9pqhYxlZpxFapWyKZciliq8qOaMz+7fr+qSfoc+OkGkmlgVZ1
KqKP5OktSTcve1P/n707jZOrqvM//jnn3qrqfclOVkgIgYQ1QIAAIiIgMLKpMCbg4DgwoiAgjspf
BgEdUZARBUQBkQFlE4MbmygIyB5CgCRAAknITtJJp9NLbffe839Q1ZWuTifpTlKddPJ986pX33P7
1j2nqpoH9c05v7PMVhJW1GLLfMJMK2Rz4Uj7/q/O5I8jcuFG55fYsTaHA1JZCH0+aNs27/f2cOaZ
Z+L768OZBx98kFQq1a3nBkHAj370I0455ZRuhxsA9913H6eddhpPPPFET4e7RRYsWMAZZ5zBww8/
3O1wA+COO+7gnHPOYenSpSUcnYiIiIiIyHoKOEpkQWYTIcZm5WZhYCJCC6HJLwchIrIBkW3f4nVD
zkQ4kw8cNvgdufvhwISYKE1t00ec/7GJHDsgV1C0EofxymmhjGZi3PL4TOalPZr9KjLWx5kI6yK8
KMJ0FWTkh77B+Q0Gk3ssyPRugdVtafDgwRx99NGFdlNTEzNnztzs81pbW/nGN77BrbfeWjhXWVnJ
1772Nf7whz/w9ttvM3/+fObMmcPf//53rr/+esaPH1+4trGxkQsuuIAnn3xy276gLnSc3TVhwgSu
vPJKHnzwQV577TXeeecdFixYwKxZs3jkkUeYMmVK0XNnz57Nt771rdwuOyIiIiIiIiWmGhwl0hi2
T1XoIWdzqVNgCa0Fz8+t/QjAEOBsisADE1ms6yqfsrmVIfncwOaDhMhA6EVkfMBkIL2O0RVw+ogh
nDmskmoc7VMskvgsBq57ahbz2ixt5bVksIQ2yPfZcVZIfthbmFM09vHvvkcffTTPPPNMoT1r1iwO
P/zwjV7vnOPaa69l2rRphXPHHHMMP/zhDxk2bFjRtVVVVYwdO5axY8dy5plncuutt/KTn/yk8PtL
L72UP//5z+y5556Fc57nbbDUYmuXf5x66ql88YtfZOLEiUVTwNrV1NRw8MEHc/DBBzNp0iQuvfTS
wu+ee+45nn/+eT7+8Y/3qM8dRSneTxERERERKQ3N4CiRlmjLZ3CYyOIFMcozPuWpgNpkG8Nb1jGs
pYXadIZEGOF1NYHDWXIfqQXnr39gc/8SHyTBBnhRisFBC6eMGsh/7DOa2rANE7SRBFYBi4D/fWY+
s5thXayGVKyMrM3dd6O1P7ZQSx8POA466KCi9pw5czZ5/cMPP8z9999faJ9wwgnccccdG4QbncXj
cS677DK++tWvFs61trbyy1/+cgtG3X177LEHt9xyCwcffHCX4UZnZ555Juedd17RuRdeeKFEoxMR
EREREVlPAUeJtG7V7qc+hFVkl7dwqIGfnLgP/3f6fnxz/70Z25JlYNJQFpncDi1AbW1toeCKwcNz
scLDmRjOeBBmIZvGrFvLiGQb/zl2DF8eNYhRQGWYBefTBrwDfOfpBbzS2MbqWAXNXoyWIAu2fe1J
hxBlG2jdmpU8O4ABAwYUtRcsWLDRa1evXs3VV19daI8YMYIf//jHlJWVdbu/r371q+y2226F9oMP
PsjChQu7/fyesrbnn/MZZ5xR1J4xY8a2Go6IiIiIiMhGKeAokdRWBRxgfBhSV8UXjx7L0R7sB5wy
LME3j5/EXtYjXNeEn0iQSCRoampa/zxn8SKfWBjHi+I4fJwBaxzVxjA2Vs6RdfWcOnoAo4FyHBV+
LalYgkbgzlfW8E5zwLp4nJQPoReADShsl+IsEf42m8mxte/T9lZTU1PUXrZs2Uavfeihh2hubi60
r7jiCurq6nrUX1VVFeeee27Ruddff71H9yi1jktmYNPviYiIiIiIyLaigKNEyrYiAHA2g0u0UFbW
zF4VsBswEBhu4ZQ6uGDyPoysrcQ5RyaTIQyy+WdanMnV5ijLWmKhxdnco8L32c3G2bvN8I2PjWTP
GHiZNkgZfJtbmvLjFxuZ/s5KPFMFRBjThkcrlmY8UnguIFfjI1cXZEvrbuReZO5R1sf/Aqurq4va
a9as6fK6ZDLJ7bffXmiPGDGC448/fov6PPjgg4va06dP36L7lEplZWVRWzupiIiIiIhIb+jjXy93
XJXelj83MpB1AY0uydtt8BHQnAmIx6AihCP7wenj92SUyUJzE7FYbkZFZNYX/Yy83ABsFJHIBtQn
0+xpDN84ZQx7AbVARJxWkws37p6T4eWGtbSW1xDFK4lM+59GhHG5nVNyrdzylK0KN3IjA6DS9O0p
HK7Tlr9VVVVdXvf222+zevXqQvszn/kMiURii/ocNWpUUXtTy2K2hy1Z1iIiIiIiIrK19E2kRKrs
Vk3hwHkVrG4L+d/pr/EU0BzPb3jj5bZzvWSE5bzRuzGu0ie7dg2RjYi89iAiosXLkI2FVKXTVC5Z
xlFV1Xz1qDEcVAHxNLSthSDusygBP353Lfe/O4P3TZqGcseKbCtZ4+OIFx4R8ULo4UyEcevDlC15
fSayGGep8vp2EY50Ol3Urq+v7/K6V199tajdeRZGT/Tr16+o/dFHH23xvURERERERHYW2ia2ROq3
6ou7hbY0DBjCYpr4v5ffYOzhB+EDAyKwFgYA542ppCkaSuqDpSxMZwgTFfmZHBFhuo3K6gpGYhje
v5pzDhnO/tUQC8FPQFsCFjj409IUjy/6gFXlcVKexQa5QqKRLZ6CYrDgtnw72GJRfhvbiPqtmOmy
I1i7dm1Ru/PsinazZs0qaneuo7E1lixZss3uJSIiIiIi0lcp4CiRPeKG15NbGnJEYLJUJCrws9XM
WbCYnza/wbXHHwQWqjMQj0M18KWxtZhMyD1zltHoVZH1IzABRBEV2VaqG1fzX2dN5iCgzEEmaiPt
VTAPeKEF7nz+aVr7DyTlJfKhA/klKXRZSHSLZ21s8PpyO8DsEYttixtuN51nT2ws4FixYkXJxtB5
FkmpBEHAvHnzmDlzJgsXLmTBggUsXbqUdevWsWbNmqICqiIiIiIiIr1NAUeJjEkYcpU0e863YGMJ
yDjSrWBsLS8sW8P1L8zl20fuRTwOHlAG1ANTJvRj5vvLmdW8lqbqMrJeRLkJGBxkuPSMyYwHEkC5
gdZYOUuB6cBtz79Mc31/GjMRlPmAJTLQG6tG2ktvjIn37VVSc+fOLWrvs88+XV7Xl2dZrFy5kkce
eYS7775bBUNFRERERGSHpYCjREYnDDhHLB7HWkuQDbr93CgEF4Bz4JlyvKoEmdoqnv9oDf1eXsi/
TdqdcTY3g6MOqAF+edoEvvfsXJ74aBWmtopRFT5fmLwvh3rgR45kSyOp6nLaTDmvuogf/eFZVpTX
k/J8iPm5fWkjP5duGIczBoMPbKMioB1CE+N8XNbHOhgT3za3314619aYMGFCl9clk8mi9vz58/H9
Hft/P+ccjz76KN/5zndobGzc3sMRERERERHZpB37G1Yftn+5xfN8giDE9ninEAsutxUrDrI2IO0M
tqKGF1Y14788n29MHk2YctSWGdJAIoIrjtmLVX95leWNDZx12DFM8nIzPBI2IqipoRmf55IBv3z2
FRrj9SS9qvyyFAvR+pkUoY220VKUrrnIYJxHeZTlwAQU1sb0MevWreOxxx4rtAcNGsTee+/d5bUD
Bw4sWsKxbt26DYqF7mjuv/9+vv3tbxed832fU089laOPPpo999yTgQMHUltbSyKRKApsRo4c2dvD
FRERERGRXZwCjhIZFoNhvmNxFqxnCYIw94t82GHpurpmZADnY10FkQNsCmeyGN8SxKtY2BKQ/HAN
Y2pqOHXvAZBy1JUZql1uJsf/nDyJJatDxtXllrBYQiweq4F5wM8en8G8oJp0ZQ1emPv4I8DZfAiT
/+mibVVvY0PGOry4Yd9siiGJitJ00gueeuqpopkZn/vc5zY6K2PMmDHMnz+/0G5sbNyhA465c+dy
5ZVXFp377Gc/yze+8Q2GDh26nUYlIiIiIiKycX27AMIO7ugaD5eNiLKO3Fvd/bc7MrkdSyIT4ayj
vLyc1lRAIx6NVXXc9+Y7/Om9FSTLDK1AwuYCjb0tHD3QYxRQRkSWkDZgNnDVA3/lQyrIVA0iMHFw
[...]
e/HFgyz3ff6F1L7d7bD8xSOW51iwYLCrY7y08qjjc31p5bGUyxrG6/OFF4/oi199Ra9vqFB7u/sy
HjtWr/v/uluf+uxLWvHSUX37+2v1wovWr+OlCwbpU5+YlpbXzsmhw7V64O+7Lffv37+XPvGxCz2d
M6j3K13XXiZe27Be39moK1bSee0i+tLxN4ZHeB8p30eZ7t88nNvVtnH3numo72f/H/ihsyJWcbrO
dhAJuzEmrNYlLrf7PekYhnXxM5acX2baLun/TuvbLdfJZl2n/eW8jVN5Xb0unTe0Xodu5QP/8ly2
i4AMmjO7XDNnDNCokb01cGChCnv1UM+euWpra1dDQ6tqapp06Eid9uyp1vIXjujAwTPZLjICMmZM
qRYtHKIxo4s1eFChCgvzlJ+fo6amNtXVNetkRaN27Tqt9Rsq9NLKo9kubpfDtQd0L7//7RXZLgLC
zCYJSAwg4n9/I0iwXmb5fyUvt9pWNutM/08MOLyUM75sSc/fsH/SNobfvSwzHj/bAUfS7yEKOJy2
SSxf/LZ221stM/1utQyQpA/cTMABAAAQpN//joAD7rm5GXcdFtgEHG5DC7cBR/IycxkcyxyygKNb
z6IinX0x3M6EkurxTOs63gy7KWwT30wCDwAAAADIPLc32qZlpoDAal1i6w2XhXOxSXr6oliFG5kW
iYAjplinVhxpOYeHoCPx/263T1wmKWl5/L7x6xOPC0jqOp3lAAAAQoLP2vDKayuOxGV+65yX/VM9
R1REIuAw8dKqIt3H7Qhg7IIPU8hh+lmyb72RuN5TOSNWOQEAAIBM4zNz95CueyqnYMNTKw7D2Btu
yuClvF1NZAOOtIvFJBetNJJ3s27l4TbYiK+EtOAAAAAAgGAFeU9ldSyrsSfsxqQIqizd9Z6RgMMl
q+Di/P9tutF4DTacWnDEc+oig67NU588AAAAOOIzdPcU1H2V23E4rH62ar1hdcz4wUXDKNPXU5cM
ON4IH85OhuIYTgTU3cWuq4rVz1a/d3AzLggAAAAAwL9U7qvctOBI/N3t4KNetkmnTJ031fN0qYAj
1aAiKZhI6KbiJSCxCjkkWQ4y2sFLCw50d9QPAACAIPH5G6nwOuCocXuLsTe8lsHt//0KY2vyyAUc
6RpcNFWmrirxIYdknjHFTbeUMD5fAAAAAOju3LS6cPN7YtcUu+NZdU/xG1i8cZjwBRZeZSTgcOqS
EfTx08FT6w1DyGH6WXI3sGhXqGgAAABAFPDZG6nw2oIj/vf4cCPo1hZeRPkaiFwLjlS57W6S2E3F
yzEl+5BD8j+wqJ8gJ8oVFA54bwEAAALFZ+fuJZ33V54GHLUJN0z7W7XeSHcgEvbrI9QBRxAtMxIH
Gg2iPHaDiNqFHJJ1sOG2W0rYKxQAAAAAREWQ91d+u6uYwg3Ttn7KmkrwEcV7T8eAwy4YSEvXEBct
Jtyc30/ZvLTicAo5JJ0fk0OSY9ARvyxxOWCNegIAABAkPocjKI4tOGQTerhoxZHK2BtvHN/zroFJ
x7WWE/gR08TtCK1uXiRfKZabCmb3s6HymlK8+AcAAAAAIPwS7+US7wuTlil5ffzv8f+3WmYqg9tt
rfb1us7LeTJxjxvqLipBc9Oqw9UgojatN0w/S51bc0jJLTrOL6cVBzyghgAAAASLz+AIglU9ctNq
w+7nuIW25zGdw8u2vmX5+glFwOG1O4ld6GBaZtfrxS7ISDp23IG8hBzG3xO6rsRvZ8fr64SujvcY
AAAgSHyG7p78DG/gelvDZ3bbMTmcfnYxTkcqLTLccNvDItNCEXBkg5tAw7iNzXgcHT9LShqLI35d
p2WGipEYeiSeCwAAAAAQnEAHG7W4+Xca7iDxd6dwI9Uw441DOpfL6Vjp5OW8kQ843LfmsJ5NxWt3
lI6DOYUZbqeCTTpnSNMwhBF1BQAAIEh8FkeQLLuquAw2rI5ht8zrOqey+pWJQCTxHGkJOLx2OQnq
WG7DDjfbOx7L0F3F9LOU2owpQb6O6IJ4WwEAAALF5+buI8gZQf2Ob+El6DCNu+Em1DCXxbG4jscI
o6y14LANLiwGzYgp1mlwTr8V0vsYHhZja9iEHFJysGEXatiFMAAAAACAYKX7XstLawnb312Mz+Fm
WVBdURJngAmTjAUcQbbqcHNsu24q/vZ1F3JI1sGGXajhpWLYtTBBd8N7DgAAECQ+U6ND0PdbXltw
nFtgXOfUisM+1HBXNi/rLQ/sQRDXXmjG4AgqAPETWJiWObXeSAo5JMegI35Z4nLTervnaLU/AAAA
ACB1fu+3/IQFdsFG4vpUWnGkWk6/MnXvGpqAw06nYMFDNxWnVhyOXVBM57fpiuIUdMQv60ArDKSG
+gIAABAkPo8jHazqlXG5TYDhpxWHxaE9ldOrTIYn8cIbcFiMw2G9uZeQwr6ripvWG5J5xpTzJzi7
Qaft4/eJP6+dVFq18Me56+MdBgAACBafobunTN53WW7vMsxwWpfO9WEef0MKIOBI59gaQfDbOiN+
veRvKtjEoCN+u3hOrVAAAAAAAOmTrvsux+N6HJcjtaDDvnwpvQYhuW91FXD4CTHc7JO4jd0+brqp
OIUVnY+X3FXFbdmcWnN0SOq68saKpHMB/lB3AAAAgsRnc6SVTf1yGnDUa3cVq9N6qeNRux4y2kUl
W609rMMJ564qkrsWG07jbRhbdiRK92sTscoJN3hPAQAAAsVn5u4hJPdebgb/DDbocN7WcrwQl91T
nMrrhdd9wzsGh2Q7DofXVhxeBiR1ar0huZsK1svgouefLwAAAAAgvbJ075VqMOCnu0ran2oAY5D4
CUFM+2Q94PDSqiOoFiBWrTi8DCRq+j1++/hlicsT11lhgFE44m0GAAAIFJ+ju69U7zWDGmw01VYd
VuGG19YbURpctEPWA45ESSGGTSsOq/28/2w9HkdQ3VK8Di5qtQ8AAAAAIHjpvP9yc+zgu6tYLffW
NcWLILun+BFIwGHVssLN4J2pnCu+m4rrfVyGHJJzNxQv3VKsXh8gNdQhAACAIPEZHZkSZHeVxN+t
wg0/ZYvZ3XOE7HoJXQsOyX8I4nbMDbeDjqbSLcVLl5RMDbzKH+uuiPcUAAAgSHxm7h4yOfmF2zrl
dmwK51Yc7rb105Ij1evDy/gbfs7lOuAIavwLX8dOSB7ctuLwF3icXea2NYfTsg5OA5wCAAAAADIj
2/dgTuf3H3bYrfPeHcVL641sd0+RstSCI+iwxGpGFbvzOrfOcG7NIbkPNZze3HSGR+i6eHcBAACC
xefn7ics92KpDTrqtN777CtuyxcmgQUcXsbhcLO/02CjQQQZzmNr6NzvMq6PX5a4PHGdab3dtgAA
AACA9MvGvZifFhxWy9MVbqTSesO8S3Cvs9WxQjkGhx+JXVW8tdbw3pqjQzoHFfWaJBKSdEe85wAA
AEHiMzUkf6060jE+hd06L8GGm987rZP3AMPP9kGOvyFlMeAwtcBItRWH2/E43P4uJbfmOLtMltsl
Lk/k5ULhjysAAAAAZF6678VSafFgWpxquOEpXAnBWBtWPAUcfsfOCHTMDZ9dVdz+LrkZQFTnlilp
uw52ZQICQ30CAAAIFJ/XYae9vT1tdcQ+ZHC/T8phR4qtxN0OkJoOPYIMH7wey832no9p01XF6ncp
OdSwapFhCjrOLk8ut0kmpyMCAAAAAAQniBt1L8dIJdgwLfMabqSz9Ybffe32C90YHK4CDY9dVfyE
Gk5dT5KXdy6i1VMgEQYAAADCi8/ryCa76pfKLCumZamGG6mUxesx3MpYwJHKLCt+tnEKOYz7uOyi
Er/ctO7senM5acABAAAAAN2Xl/t37wOP+gw7fAwqmo3WG048BxxOYUMQXV7chBGJrThM25hCDslv
dxTrQMPt+BsdxQaC0NoqiVlUAAAAAsXndWST041/OgIPV2NuZKj1Rqp6dJw0E2NDeGnF4aerimk/
08wqqXdH8T8dbDbH4KC5XdcSi7VrwIACnTrZmO2iAAAAdAn9B/TkM3M3ke2xEYPqtpFytxVDuOGm
a0o2Blp1sz50Y3DYMYYeKYQckrfuKG7CDDddaYAg5ObGNHBgIQEHAABAQAYOLMx2EZAhYb4vS6V7
iKfAI8Bww0vrjXS+9jl+dgq62YzVctcvkstmN67ewHPL7JY7PT+rBxC0sWNLsl0EAACALmMcn62Q
QV7vG+228bLcy72xm22CutcN4jihb8HhuvuKi5YckvvWHHbL49d1cNPEiZADQZs8sa8eeXhftosB
AADQJUya2JfP7AiNtLTk8BJspGEQ0XQPTHq+BUfQF3JQrTg8ntTVMe0SK6eWG3Zlp9UGMm3KlL4a
PYZvGgAAAFI1ekyJpkzpm+1ioBvKSEsOr602Mtw1Jah7Z98tODI1MKnVuSzPb9GSQzK00Dj3Brtt
0ZG43m4b07ZA0MrLe2ne3HLt3l2T7aIAAABE2vx5A1Ve3ivbxQCSpNKSQ7KeJcXt8A9W22byXtft
uXyNwRFEIdI1Cuy5Fd6O7dCiw+uYG0AmXXrJII0eXZztYgAAAETW6NHFumTBwGwXAwisJYfkvedC
EOFGNltvSAktOLy2yki1FYfV/l6WW7a26HiRvIyrYdGiI36/DnbP2+sbFFRLGMKV7mncuFItWTxS
d929KdtFAQAAiKQli0dq3LjSbBcDIRPG+zSnY1m11nDcN4BhJMJwP5r2QUb9hiBBhB/nViSFHB3b
S96DjsT9O6Qa9ACpWLJ4uA4dqtXfH9yb7aIAAABEyjtuGKUli4dnuxgIoWzfp3kKFwIONuz28/q6
pNp6w8v5sj6Lip8AxFfIIfkOOiT7sCP+OHYyNWZJvGxflMiM3NyY3nXjGNXVteqJJw9kuzgAAACR
8KbrhutdN45Rbm5ae+4jAqJ4r2YXarg6foDdSdI2kYhHscrq+qR30uub62Z7p22s1tvt52cfU8jh
et/47RwCDyAbTp5s1AN/262//X1PtosCAAAQau98xwW68Z2jNWBAz2wXBXDFKdA4v53PYMNuX7+t
MDLZekPKYMDhtF2m1zkFHY77W+1D8IEsa2tr1z8eO6B/PLZfu3ZVZ7s4AAAAoTJmTImWLB6hJYuH
KyeH1s4IH7dBRqd93AQBGQ4pHMcLCWvA4XYfv604UlnnZr2bsMPVcVLkNRzxU/HRfezYVa0VK45p
5apjBB0AAKDbGzOmRPPnlevSSwdp3JiSbBcHEeTlfi2mmNrVntZ7Ntc3/ykEDVEKNySLgEOKXsiR
6r7nNnLexusxgSw7fqJBmzZVaPOWKu3YeVrHjtbrxMmGbBcLAAAgrcoGFGjgoF4aO7ZUUyb10ZQp
/VReVpDtYgG+eL7ZDyBAyGa44WW7+O0zHnC42S5bIUjChu62C+JcGcBgowAAAADwhjDdr0kB3LMF
FBxke73bbUz7WM6iEuTsJn4KZnccu/V2s6LEr7fb5tyGitvQprR2hyBUAAAAAIAw6hL3a16mkg1B
MJHu1zwr08S6CUJSCTk61kv2IYabbc5tmLwsZGkfAAAAAKAL89mqIYjtMhlu+G29ITkEHOlsxRFU
yCGlHmK4btXReSf79WEKQLpCMgkAAAAA6RCWe7eA7tu8BASZCi7SGW7ES0sLjkyGHF62kZwDDF9h
h/lA/vcFAAAAAGRGF7h38zMgZ6a2Sbf4MjgGHEGNq5HK8dMRYLgNYBKFbSAaAAAAAED34TdUCLoV
Rba2s5O2MTi8BCPZCDD8ttSwe9HDHH6EIVkDAAAAgLDoDvdv6WjZkc3tnPZzFXD4bcURdMjhdTvJ
e0uNVCo5IQIAAAAARENXvX9LZZDOII+djdc37bOopCvkkLyFF17KEC/MqR4AAAAAoHtLd5cVr9un
67hu9nMdcKR7LA4/5/G6reQ9sLB6sQk+AAAAAACZEvZuK+k+tpv9PLXgyERXFa/bp9JCI5PdUdI9
UCsAAAAAIFhd5T4und1WMrW9G2nvotLBT8gheQ8uUhkwtKtUXgAAAABA6qJ6H5dKucMYhrjd13PA
kUpXFT/7pjsYMe3bgW4oAAAAAICwCyKIyUSw4Xcft/tmrAVHB78hh+S/dUYqgYwVwg8AAAAAQCal
o0VJJkOKdLeI8RVwpDrgaKbG8ojfr0NQwUS2x+CIalMpAAAAAIiqbN1PBi3TXVhSPafb/X234Agi
5JD8z2oSRKuMTLbCyHYFBgAAAACkJsr3dZkIGLJ97pS6qAQxdWyqrTKCnAmFbicAAAAAgK4gW9PK
Bl0GL8dIeQyObIYcHftKwYQTpheO0AMAAAAAEFbpalWSzRYffmV8kFErYe164uZNCWsIEuXmUwAA
AACQSWG8r8v0PV0YWn2kcpxAAo4gWnEEeaxMj7NBkAAAAAAA0dad7+vCFmz4PVZgLTiy/UQAAAAA
AED3lZPtAgAAAAAAAKSKgAMAAAAAAEQeAQcAAAAAAIg8Ag4AAAAAABB5BBwAAAAAACDyCDgAAAAA
AEDkEXAAAAAAAIDII+AAAAAAAACRR8ABAAAAAAAij4ADAAAAAABEHgEHAAAAAACIPAIOAAAAAAAQ
eQQcAAAAAAAg8gg4AAAAAABA5BFwAAAAAACAyCPgAAAAAAAAkUfAAQAAAAAAIo+AAwAAAAAARB4B
BwAAAAAAiDwCDgAAAAAAEHkEHAAAAAAAIPIIOAAAAAAAQOQRcAAAAAAAgMgj4AAAAAAAAJFHwAEA
AAAAACKPgAMAAAAAAEQeAQcAAAAAAIg8Ag4AAAAAABB5BBwAAAAAACDyCDgAAAAAAEDkEXAAAAAA
AIDII+AAAAAAAACRR8ABAAAAAAAij4ADAAAAAABEHgEHAAAAAACIPAIOAAAAAAAQeQQcAAAAAAAg
8gg4AAAAAABA5BFwAAAAAACAyCPgAAAAAAAAkUfAAQAAAAAAIo+AAwAAAAAARB4BBwAAAAAAiDwC
DgAAAAAAEHkEHAAAAAAAIPIIOAAAAAAAQOQRcAAAAAAAgMgj4AAAAAAAAJFHwAEAAAAAACKPgAMA
AAAAAEQeAQcAAAAAAIg8Ag4AAAAAABB5BBwAAAAAACDyCDgAAAAAAEDkEXAAAAAAAIDII+AAAAAA
AACRR8ABAAAAAAAij4ADAAAAAABEHgEHAAAAAACIPAIOAAAAAAAQeQQcAAAAAAAg8gg4AAAAAABA
5BFwAAAAAACAyCPgAAAAAAAAkUfAAQAAAAAAIo+AAwAAAAAARB4BBwAAAAAAiDwCDgAAAAAAEHkE
HAAAAAAAIPIIOAAAAAAAQOQRcAAAAAAAgMgj4AAAAAAAAJFHwAEAAAAAACKPgAMAAAAAAEQeAQcA
AAAAAIg8Ag4AAAAAABB5BBwAAAAAACDyCDgAAAAAAEDkEXAAAAAAAIDII+AAAAAAAACRR8ABAAAA
AAAij4ADAAAAAABEHgEHAAAAAACIPAIOAAAAAAAQeT2yXQAASMWKl47p+PF6nTjRoIqKBlVUNKq2
tkV19S2qq2tRbW2zzpxpUV5ejgoLe2hA/wKVlxdo5MhijR5drEkT+2rYsCLFYuktZ1tbu7Zuq9KG
9RXavKVKe/fW6OSpBtXWtqioqIfKys6Wacrkvpo2rZ/GjytVTk6aC4XQ6q71JSrXcxiEsY60tLRp
06ZKbdxUqW3bqrRv3xmdqmhQXV2LigrzVFKapwH9CzRmbInGjC7R9Gn9NWxYUVrLBADoXmKV1fXt
2S4EAPi1cNHSlI8xZEihliweoWuuGaZBA3sFUKo31Na26IknD+ivD+zW4cN1rvcbNqxI77pxtK67
dpgKC91l0bfcukx79tYY1z384LXq27enq+Pc87+bdf+fdxnXfeiDE3TrLeNdHaeyslFvu+Ep47rR
o4v1m18t6rTM7r284wsztPj64a7Om8juuMuXvSXw/VKRyfrixe0feUFbt1VZrl90+WB94+uzUz5P
2K/nRNSRsyoqGvXI0n166OG9qqho9LTvpEl99La3jtI1Vw9VXl4wDYuDqEeSNHVqX91z96Wejp/N
vylBPe8Ob7pumL70xZmBHhMA0o0uKgC6vcOH63TfL7bqvTc9o5/ctVGnTzelfMz2dumfzxzS+29+
Vv/zk42ebkQk6eDBWv3oxxv0gX95Ts8+d1jtLqLoOXPKLNdt33Ha9bnXrj1pvW7dKdfH2bGz2nLd
nNnWZTX5n59s1NGj3l7DKMlGfXFrx47TtuGGJC1fflQnTjYEd9IUpON6DoMw1pHm5jb9+S+79d73
PaNf/Xqb53BDkrZsqdJ3v7dOt35omefnBABAIgIOADinra1dD/xtj26+5Tm98uoJ38eprW3Rt/9r
rb7xzTW+PvDHO3myQf/59dX6znfXqq6uxXbbadP6W67bssX+BrVDdXWztm23DkNef/2UGhpaXR1r
y5ZKy3UXXmhdVpP6+hbd+YP1amvreo0Os1Vf3Hr6n4cct2lrb9dzzx0O5HxBCep6DoMw1pETJxv0
mc+u0k/v2eT6b4KdAwdqdaoiHCEZACC6CDgAIEFVVZM++7lVeviRfZ73PX26SZ/9/Co99fTBQMv0
xJMH9fkvvKzqautvoydN6mO5bv16dy0vduy0b+nR1tbuuE2HDRsqLNfZldXKK6+e0NJH93veL8yy
WV/caGho1T8ec/eaP/zI3lAGUKlcz2EQxjpy6FCtPvHJFVr3uvsWXQAAZAIBBwBY+MEP1+uJJw64
3r65uU3f+NYabdpk3XIhFes3VOhb316r5uY24/qyAQUaNarYuO711yvU1GTeL97mzc5l37zZuTVI
c3Ob5c3PyJG9VTagwPEYJnf/dJMOHar1tW/YZLu+uLFy1THV1DS72vbAgVqttwm1ss3r9RwGYawj
tbUt+vJXX6U7CQAglJhFBUCX9dDfr1VRUQ/l5eWovf3sB/MzZ5q1Z0+1Nm2u0mOP73ds7v39O1/X
BaNLNGF8qeP5fn7vFr3q0BT+glHFWnz9cM2aXaayAQUqKuqh2toWnTjZoNWvndA/Hj+gvRYDhUrS
qpeP675fbNXHPjrZuH7O7DLj/s0tbdq9p1oTJ9i3nHjdxTey69ef0nvePdp2m717aywDFbuxQpw0
Nrbq+//9un74g4uVmxvtqTLCUF+cPP64t0DgyacOasZ0b92P3Mr09RwGYasjbW3t+sEP12v3buvj
SVJJSZ6uf9NwzZ8/UMOGFqm0NF+SVF3dpMqqJm3cWKEXXzyqtWtPqS3IAWMAAN0eAQeALqtfv86z
hpSU5KmkJE9DhhTqkksG6dZbxuu5ZYd1190bVV1t/pa6paVdP/jBev307ktsR/hfteq4/vLX3Zbr
8/Nz9ImPT9Xi64cnHae0NF+lpfkaO6ZE73jHBfrHY/t19083WQYE9/95l2bNGqB5c8uT1k2f1k9/
fcBcju3bTtsGHHatLuK9tvqkmpvbbF8Pu3E8ptuMFeLG2nWn9OBDe3XjOy9I6TjZFJb6Yufw4Tqt
evm4cd3b3zZKTzx5IGnshaeePKiPfmSySkryPJ3LjUxez2EQxjry9D8P6Z/P2I/J8v73jdVN7x1r
rAMFBb1UXt5LE8aX6p3vuECHDtXqD3/cqUf/kbmuZ+ma3SbsuuvzBtD9hPtfdwBIo/z8HF137TD9
+peLNGVyX8vttm6r0vIXjliub2tr132/3Gq5vqioh370w4v1treOdLypysvL0dvfNko/vPNiFdlM
5XjvfVuN4x1MsnkeGx26n+zaXe2qG0t9fYv27jtju80mm3NNmuh9/I1E//u/m7XPoQxhFab6YueZ
Z61vZN/61pG69pphScubW9psr5V0Cup6DoMw1pGmpjb9+jfbrM/TI0ff+sZsfeT2Sa4DrqFDi/T5
z03Xffcu1NChRa72AQDADgEHgG6vrKxA//XtORo+3PoD9v3377Jct+z5I9phMw3rf3x1li6c2s9T
maZN66evfHmm5fodO07r+eeTb9LKBhRo5Mjexn1Wr7Zv6u52ppWz29qHJWvWmKeaHT68SOXlvVyf
x0pzS5u++/11KY0vkS1hqi9WWlvb9chS86Cc48aVauyYEl115RDj+keyPJhnqtdzGISxjjz99EHb
cTe+eMcMLVw42FOZOkwYX6qf/+9lGjSw0Nf+AAB0IOAAAEl9+/bUv3/qQsv127aftmwx8Kc/7bTc
7+1vG6X58711DehwySWD9Na3jrRc/0eL81qNcXHiRIOOHqu3PN7GTckDRBYX5ymvR/I/FXYzpJw4
2aAjR8w3QnPn+HstTDZtqrTsjhNmYasvJmvXndQxi7qyZPFwSWenJS4rSx4sduu2KtsuSpmQyvUc
BmGrI+3t0p9sQqHr3zRcV1891FeZOpSU5BnrEwAAXhBwAMA5s2eV6aKLBliuf90w1eq+xvd5rgAA
EtdJREFUfWcsb+ZyYjG95z32g3E6uek9YyzXWd2k2Y1xsd2irG1t7XrtteRWF/PmlmvmzOTjvfra
Ccvm7HbfPE+70Nu3zh1uuGGUcfm9923Vrl3Vvo6ZDWGsLyZPPmmekjQnFtNll539lj43N6bF148w
bvd0wFOa+uHneg6DMNaRnbuqtf+Add25+QPjUioTAABBIeAAgDiXX2bdxHrL1uQuHHY3SZdfPlhD
h6TWr3zo0CItuty6TBs2JrekmDzJevwBq64lhw7VqbIyeQaKGdP7a+bM5JvEiopGy+bqdl1d7MYI
sXP7bZM0Ynhy15u2tnZ993vrXI0dEgZhrC+JKisbLcffWLBgYKcpfq9YZD7XPx7br/r6FsdzpZvX
6zkMwlhHNtq02Lpi0RANG8b4GQCAcCDgAIA4U21aGOw3fLNpdzOfynSobo9jGsyzrKzAGAZIspwl
Zdt28/OYPKWvpk4xhxJbLW4Q11vcDA0ZUqhBA/2Nv1FU1ENf+tIM5cSSp4bdtv20p+4X2RTG+pLo
+eVH1NJibp1z3XWdBxYdPbrEODNPbW2LXlp5zPFc6eb1eg6DMNaRrdusyzR3bjBlAgAgCEwTCwBx
+idMRRnvyNHkFgt799VYbh/EbCGSfYsMq5u0uXPLjE3Kt2yuUm1ti4qKOv/537gx+aamqKiHLhhV
rKamVuXkxJK6pGzYWJHU776xsVUbNphDFK/TlCaaPKmvPvjB8frlr5JncvjNb7Zr/vxy22lwwyCs
9aVDe7u0dKl5ys6iwh7G9/D6Nw033gA/+uh+XXVlauMypMrr9RwGYawjdmWyOxbCY+GipZ62v/WW
8frQByekqTQAkD4EHAAQp7jYenrDmprmpGVWg2lKUj+bmysv7I5z2OL806b11wN/25O0vK29Xbt2
VWvatM7fbK9ekzzDytw55crNjalXrx6aMaN/0swor76WvM+ePTWW3/5Pn249Nohb77tprFa9fFyb
NnUOZNraz3ZV+dk9l6mgIDfl86RLWOtLh23bq7Rjp3n8h2uvG2Z8bS+9bJD+5ycb1dbe+X1fveak
9h84Y9maKBO8Xs9hEMY6cvSo9eDEffrkB1KmTHF7o3/jOy/QJz8xNc2lAQAEjS4qABCn3XxvLklq
a01eWVNtfZPUu7f1zZUXRUV2N2lNxuWTJ1l/05v4bXtlZaNxYMEZcYHERYZxOA4erNWJkw22x44X
xLfPeXk5+uIXZig/P/mfr927a/Tb3+1I+RzpFNb60uEpm8FBrVpjlA0o0IIFA43rnnnGPJZHpni9
nsMgjHXkjE0YFFSZAAAIAgEHAMSprbX+IF/UOzuN3gzDTsStM68sL++l4cPNA/8lDiK4bZv5G/vJ
cWNvWI3DsT0h0NhsMcbDoEGFGjy40LjOqxEjeuuTHzd/s/r7P+zQRhcDaXZlfuqLJNXXt+jxxw4Y
1w0ZUmhZByTpmmvM4ccjS/eruTl7A8CG8XoOA791xKQ1pEERAKB7IuAAgDinT1t/w92/f0HSsuIS
628vz5wJpgm83XHsvj2dO8c85sWaNSc7jadhGlSwoCBXoy8oPv/7hAl9jAN8bkzoKrJ6TfJUs5I0
L+CBCN/85hFacLG51cB3v/d6KGbwMAlzfVm56rhq68yv25LFI5STY33jO29uubH7yqlTDcauTJni
9XoOgzDWEbswyG+ZFi5aavkAAMAvAg4AiLNtu7k1gyTjVIh2rRIqKpKnXfXD7jhDbM6fOM5Gh5qa
Zh04UHv+99cNM6vMmV2mvLw3/okoKuqhqVOTv8GPDzSOHqvXiRMNSdtI0vRpqY+/ES8nJ6bPfGaa
SkuS+//vP3DGOBBpGIS5vjz66D7LdYsuH2J7zsLCHrr22mHGdY8/YW4Vkgler+cwCGMdGVhuPfvR
yVPmax4AgGzovu0zAcBg3TrzDCCSNGZ0SdKyUSOLkwa87LB1a5XGjEnex6stFtOxStKIkdYDONrN
brB9+2mNHNlbDQ2txmldZ85IDiRmzRqQtO3WrVWqqWlWcXGeduywvpmcNDn42U3KBhToc5+dpq98
7bWkdX/5625dcskg4/PIprDWl4MHa/XaanPrG0l6/83P+i7PC8uP6sSJBpWVZb7FhNfrOQzCWEeG
D+9tGRZt3FgZ+tmLIC1f9pZsFwEAMoIWHABwTmVlo/5pMyji5MnJgcEkm8E8Xwmoab5dE/8phjJ1
GDiwl+W31B3dUnbsPJ00/avUefyNDlOnmFuEbD8XbFiNv1Fe3ktDBqfn2/KFCwdryZIRxnXf/d46
2zEYsiGs9cWu3qeqrb1dzz6b+cFG/VzPYRDGOjJhfKnl9itWHA2kTJmyfNlbXD2YQQUAoomAAwDO
eejhfWpsbDWu69kzVxcaumhMu9B80y9Jzy87YjvloxuHD9fp+WVHLNdfONX6/JL1OBxr1579tn6r
4Zvc/PwcjR2TfEMzweJb2o5vm9evNw/uOW9ume2ghqn62L9ONjbrP3KkTj+/d2v6TuxDGOtLS0ub
ltp0TwnCw0v3GYO0dPJzPYdBGOvIJJswaPWak7azJwEAkEkEHACgszOL/N9vt1uuv+7aYerVK7lX
36hRxZbfbra1t+v+P+9KqVx/un+n2izmupwwvlQjbbqoSNJ0i3E49uytUVVVk143hBKzLiozTsNa
UpJn/HZ33bqTqq9vMQ5WKknTp6e3m0hxcZ6+dMcM47qHHt6b1nN7Fcb6smbtKcuxU4Jy8GCtsa6l
i9/rOQzCWEcmT+qjvn17Wh7zt7/dkfEACwAAEwIOAN3e1m1V+urXXrP9gP6OG0ZZrrvpprGW6x58
aK9eedVfs/KVq47p4Uesv1l/n815O9h987p1a5VWr04u20UzrQOJWbMGJC1b9/opbdpUafn62Y0F
EpTp0/vr5g+MS/t5ghC2+vL445kZBPSppw5m5DypXs9hELY60qNHjt76lpGW+7244qgefGivrzIB
ABAkAg4A3VZ9fYse+NsefezfXrSdVeCtbx2p0TYDEi66fLDGjbXuo/71b6zWxo3evr3esLFC3/jm
Gsv148aV6vLLBzseZ9DAXho61Dz+xYMP7VVtbfK0oFMM4290mGrs4tCuvz6wx7j9gAEFlucP2r/c
PM52rICwCFN9qaxs1HPLDns6l19PPXVQ1dXW07amKqjrOQzCVEc6vOXNI5TXw/pj4113bUp7VycA
AJyEs30mAASgsrJRvXvnKTf37AAQ9fUtqjnTot27q7VhQ4UefXS/TjvccA0c2Eu3fWii7TY5OTF9
+LaJ+vwdLxvX19Q061OfXqlPfnyqrr9+eKfpVxM1N7fpsccP6K67N6qpqc1yu9s/PFE5Oe4Gtpg7
t0wPPlibtHzlqmNJy/J65GiszY3VpInmcThMx5KkefPK0zr+RryePXP1xTtm6Lbbl6ulJbzN5cNU
X55bdtiypcN3/muuLlkw0OHZJFux4qi++OVXk8va0qZlzx+xbQlgJ1PXcxiEqY50KC/vpQ98YKx+
/Rtz15+29nb9953rtW3bad1yy3iVDcj8rDkAABBwAOiy3nbDUyntX1CQq29+fbb69Ml33Hb+/HK9
+12j9Ze/7jaub2pq050/XK+//X2PFi8eoVmzBqi8rECFhT1UV9ei4ycatHr1ST322H7t2Vtje673
vmeM5s01Dx5qMn1afz344F5X286c2V8FBbmW60tL8zVhfKnllJFJ57YZMDEdRo8u0cc+OkU/uWtj
Ws+zcNFST9vf/IFx+vBtb9xYh6G+tLdLjyw1f+NeXJyn2YbuSG7Mnl2m4uI81dQkz2CzdOk+3wFH
Jq/nIHSFOpLopveO1QsvHNXOXdWW2zyydJ+efOqgFl8/XPPmlWv06BKVluQpLy9HdXWtqjrdqJ07
rffvrlKtL0Efv8MzTy+xDdAAIGwIOADAoKioh773nXmaaNFiweQjt0/Snr01etWmf/yevTX66T2b
fJdr3txyTx9qJW/TYc6c6XxTO3t2meuAwzTdbLq944ZRWrnqmO37EAbZri+bt1Rq927zje+brhuu
nj2tgy47PXvm6rrrhukBQ7elbdtPa+u2Kk20mJEnXfxcz2GQ7TqSqKAgV//5H7P0bx9fYdtaprGx
VQ8+tJdxOQAAGUckCwAJxo0r1c9/dpmmWcxAYiUvL0df+8pFrkICP2bPGqCvfuUiz9+mDRrYS0OG
JE+jajLVRSBhGofDpF+/nhqWofE34uXkxPS5z05XUVG4M/xs15ennrYe9PPKK4akdO4rF1nvb3fe
dPB7PYdBtuuIyYgRvXXnnfNVVkYXFABA+BBwAMA5pSX5+uTHp+hn91yqEcPtp1+1PEZpvv77e/P0
9reNCrRsN9wwSt/77jyVlOT52t9N8/OcnJjGuxikc/Ikd9+Cz5tb7nqckKANGthLn/n0tKyc24ts
1Zfa2hY98YQ5aBg2rEiTXL7HViZP7ms5uOzjjx1QfX3y4LZBC+J6DoMw/k2ZML5U9/7sMt/dmAAA
SJdwf70FABkwdWpfLbl+hBYtGhLIt/75+Tn69L9fqBkz+uve+7bo8OE638caNqxIH75toq6w+Ubc
jenT+zs2F58xo7969XJ+/n379tSYMSXaZdMPv+Oc2XT1VUO1ctUxPf30oayWw0k26stLLx2zDBmW
LB6RcjCVkxPTksXDde99W5PW1da1aMVLx3T1VUNTOoeVoK/nMAjj35T+/Qv0ve/O00MP79Xvfr9D
VVXBzJAzd05ZIMcBAHRPXeNffgDd1re+OUcHDpzR0aN1OnmyQRWVjaqvb1VDQ6saG1tVX9+ipsY2
5eXnqKioh8rLemnQoF4aNapYY8eUaPLkvhqQptH+r7xiiC69ZJAee3y//vDHnTp2rN71voMHF+r9
7xur699kP0OCW25aXVzkoRn8nNlljgHHFA9jf6TLJz8+VevWndKJEw3ZLoqjTNaXR/9hPZ3n5Qud
px924/KFQ4wBhyQtfXS/MeAI8/UcBmH6myKd7ULzrhtHa8niEXrs8QP6y1936+hR7+FL3749tfCy
Qbru2mGuu8ABAGASq6yuD+9cegDQRbS1tWvz5kqt31ChrVurtGdvjU6ebFB9fat69cpVWVkvXTCq
WJMm9dG0af00cUKfrHXvQPZRX+AkjHWkra1dO3ZWa/OmSm3bXqX9B87oyJF6nTnTrLbWdhWX5Kmk
JF/lZQUaNapYI0b01vjxpRo/rpT6CwAIBAEHAAAAAACIPAYZBQAAAAAAkUfAAQAAAAAAIo+AAwAA
AAAARB4BBwAAAAAAiDwCDgAAAAAAEHkEHAAAAAAAIPIIOAAAAAAAQOQRcAAAAAAAgMgj4AAAAAAA
AJFHwAEAAAAAACKPgAMAAAAAAEQeAQcAAAAAAIg8Ag4AAAAAABB5BBwAAAAAACDyCDgAAAAAAEDk
EXAAAAAAAIDII+AAAAAAAACRR8ABAAAAAAAij4ADAAAAAABEHgEHAAAAAACIPAIOAAAAAAAQeQQc
AAAAAAAg8gg4AAAAAABA5BFwAAAAAACAyCPgAAAAAAAAkUfAAQAAAAAAIo+AAwAAAAAARB4BBwAA
AAAAiDwCDgAAAAAAEHkEHAAAAAAAIPIIOAAAAAAAQOQRcAAAAAAAgMgj4AAAAAAAAJFHwAEAAAAA
ACKPgAMAAAAAAEQeAQcAAAAAAIg8Ag4AAAAAABB5BBwAAAAAACDyCDgAAAAAAEDkEXAAAAAAAIDI
I+AAAAAAAACRR8ABAAAAAAAij4ADAAAAAABEHgEHAAAAAACIPAIOAAAAAAAQeQQcAAAAAAAg8gg4
AAAAAABA5BFwAAAAAACAyCPgAAAAAAAAkUfAAQAAAAAAIo+AAwAAAAAARB4BBwAAAAAAiDwCDgAA
AAAAEHkEHAAAAAAAIPIIOAAAAAAAQOQRcAAAAAAAgMgj4AAAAAAAAJFHwAEAAAAAACKPgAMAAAAA
AEQeAQcAAAAAAIg8Ag4AAAAAABB5BBwAAAAAACDyCDgAAAAAAEDkEXAAAAAAAIDII+AAAAAAAACR
R8ABAAAAAAAij4ADAAAAAABEHgEHAAAAAACIPAIOAAAAAAAQeQQcAAAAAAAg8gg4AAAAAABA5BFw
AAAAAACAyCPgAAAAAAAAkUfAAQAAAAAAIo+AAwAAAAAARB4BBwAAAAAAiDwCDgAAAAAAEHkEHAAA
AAAAIPIIOAAAAAAAQOQRcAAAAAAAgMgj4AAAAAAAAJFHwAEAAAAAACKPgAMAAAAAAEQeAQcAAAAA
AIg8Ag4AAAAAABB5BBwAAAAAACDyCDgAAAAAAEDkEXAAAAAAAIDII+AAAAAAAACRR8ABAAAAAAAi
j4ADAAAAAABEHgEHAAAAAACIPAIOAAAAAAAQeQQcAAAAAAAg8gg4AAAAAABA5BFwAAAAAACAyCPg
AAAAAAAAkUfAAQAAAAAAIo+AAwAAAAAARB4BBwAAAAAAiLz/HyWKnmx+H3QgAAAAAElFTkSuQmCC
" width="800px"&gt;</msg>
<status status="PASS" starttime="20230331 11:34:43.673" endtime="20230331 11:34:44.052"/>
</kw>
<msg timestamp="20230331 11:34:44.052" level="INFO">xpath criteria: //android.widget.TextView[@content-desc="VISUALIZZA DATI CARTA button"]
xpath criteria: //android.widget.TextView[@content-desc="VISUALIZZA DATI CARTA button"]
xpath criteria: //android.widget.TextView[@content-desc="VISUALIZZA DATI CARTA button"]
xpath criteria: //android.widget.TextView[@content-desc="VISUALIZZA DATI CARTA button"]
xpath criteria: //android.widget.TextView[@content-desc="VISUALIZZA DATI CARTA button"]
xpath criteria: //android.widget.TextView[@content-desc="VISUALIZZA DATI CARTA button"]
xpath criteria: //android.widget.TextView[@content-desc="VISUALIZZA DATI CARTA button"]
xpath criteria: //android.widget.TextView[@content-desc="VISUALIZZA DATI CARTA button"]
xpath criteria: //android.widget.TextView[@content-desc="VISUALIZZA DATI CARTA button"]
xpath criteria: //android.widget.TextView[@content-desc="VISUALIZZA DATI CARTA button"]
xpath criteria: //android.widget.TextView[@content-desc="VISUALIZZA DATI CARTA button"]
xpath criteria: //android.widget.TextView[@content-desc="VISUALIZZA DATI CARTA button"]
xpath criteria: //android.widget.TextView[@content-desc="VISUALIZZA DATI CARTA button"]
xpath criteria: //android.widget.TextView[@content-desc="VISUALIZZA DATI CARTA button"]
xpath criteria: //android.widget.TextView[@content-desc="VISUALIZZA DATI CARTA button"]
xpath criteria: //android.widget.TextView[@content-desc="VISUALIZZA DATI CARTA button"]
xpath criteria: //android.widget.TextView[@content-desc="VISUALIZZA DATI CARTA button"]
xpath criteria: //android.widget.TextView[@content-desc="VISUALIZZA DATI CARTA button"]</msg>
<msg timestamp="20230331 11:34:44.052" level="FAIL">Element '//android.widget.TextView[@content-desc="VISUALIZZA DATI CARTA button"]' did not appear in 5 seconds</msg>
<status status="FAIL" starttime="20230331 11:34:38.438" endtime="20230331 11:34:44.053"/>
</kw>
<status status="FAIL" starttime="20230331 11:34:29.938" endtime="20230331 11:34:44.053">Element '//android.widget.TextView[@content-desc="VISUALIZZA DATI CARTA button"]' did not appear in 5 seconds</status>
</test>
<status status="FAIL" starttime="20230331 11:34:29.930" endtime="20230331 11:34:44.054"/>
</suite>
<status status="FAIL" starttime="20230331 11:32:36.470" endtime="20230331 11:34:44.054"/>
</suite>
<statistics>
<total>
<stat pass="1" fail="1" skip="0">All Tests</stat>
</total>
<tag>
<stat pass="1" fail="0" skip="0">GET</stat>
</tag>
<suite>
<stat pass="1" fail="1" skip="0" id="s1" name="provaMobile &amp; provaMobile2">provaMobile &amp; provaMobile2</stat>
<stat pass="1" fail="0" skip="0" id="s1-s1" name="provaMobile">provaMobile &amp; provaMobile2.provaMobile</stat>
<stat pass="0" fail="1" skip="0" id="s1-s2" name="provaMobile2">provaMobile &amp; provaMobile2.provaMobile2</stat>
</suite>
</statistics>
<errors>
</errors>
</robot>
