<?xml version="1.0" encoding="UTF-8"?>
<robot generator="Robot 6.0.2 (Python 3.10.6 on win32)" generated="20230405 16:34:54.459" rpa="false" schemaversion="3">
<suite id="s1" name="LoginLunga" source="C:\Users\nincanti\IdeaProjects\provaRobotFrameworkMobile\ProvaSuite\LoginLunga.robot">
<test id="s1-t1" name="LoginLunga" line="8">
<kw name="Run Keyword" library="BuiltIn">
<arg>SelezioneAmbiente</arg>
<doc>Executes the given keyword with the given arguments.</doc>
<kw name="SelezioneAmbiente" library="SelezioneAmbiente">
<kw name="Open nexipay" library="keyWords">
<kw name="Open Application" library="AppiumLibrary">
<arg>${DEV.APPIUM_SERVER}</arg>
<arg>platformName=android</arg>
<arg>platformVersion=${DEV.PLATFORM_VERSION}</arg>
<arg>deviceName=${DEV.DEVICE_NAME}</arg>
<arg>appPackage=${DEV.PACKAGE_NAME}</arg>
<arg>appActivity=${DEV.ACTIVITY_NAME}</arg>
<arg>automationName=UiAutomator2</arg>
<arg>newCommandTimeout=2500</arg>
<doc>Opens a new application to given Appium server.
Capabilities of appium server, Android and iOS,
Please check https://github.com/appium/appium/blob/master/docs/en/writing-running-appium/server-args.md
| *Option*            | *Man.* | *Description*     |
| remote_url          | Yes    | Appium server url |
| alias               | no     | alias             |
| strict_ssl          | No     | allows you to send commands to an invalid certificate host like a self-signed one. |</doc>
<status status="PASS" starttime="20230405 16:34:54.633" endtime="20230405 16:35:01.818"/>
</kw>
<status status="PASS" starttime="20230405 16:34:54.633" endtime="20230405 16:35:01.818"/>
</kw>
<kw name="Wait Until Page Contains Element" library="AppiumLibrary">
<arg>${labelSettings}</arg>
<doc>Waits until element specified with `locator` appears on current page.</doc>
<msg timestamp="20230405 16:35:02.791" level="INFO">xpath criteria: //android.widget.TextView[@text="SETTINGS"]</msg>
<status status="PASS" starttime="20230405 16:35:01.818" endtime="20230405 16:35:02.791"/>
</kw>
<kw name="Click Element" library="AppiumLibrary">
<arg>id=android:id/text1</arg>
<doc>Click element identified by `locator`.</doc>
<msg timestamp="20230405 16:35:02.791" level="INFO">Clicking element 'id=android:id/text1'.</msg>
<msg timestamp="20230405 16:35:02.902" level="INFO">criteria is android:id/text1</msg>
<status status="PASS" starttime="20230405 16:35:02.791" endtime="20230405 16:35:02.902"/>
</kw>
<kw name="Wait Until Page Contains Element" library="AppiumLibrary">
<arg>//android.widget.CheckedTextView[@text="Staging"]</arg>
<doc>Waits until element specified with `locator` appears on current page.</doc>
<msg timestamp="20230405 16:35:03.752" level="INFO">xpath criteria: //android.widget.CheckedTextView[@text="Staging"]
xpath criteria: //android.widget.CheckedTextView[@text="Staging"]</msg>
<status status="PASS" starttime="20230405 16:35:02.902" endtime="20230405 16:35:03.752"/>
</kw>
<kw name="Click Element" library="AppiumLibrary">
<arg>//android.widget.CheckedTextView[@text="Staging"]</arg>
<doc>Click element identified by `locator`.</doc>
<msg timestamp="20230405 16:35:03.752" level="INFO">Clicking element '//android.widget.CheckedTextView[@text="Staging"]'.</msg>
<msg timestamp="20230405 16:35:04.424" level="INFO">xpath criteria: //android.widget.CheckedTextView[@text="Staging"]</msg>
<status status="PASS" starttime="20230405 16:35:03.752" endtime="20230405 16:35:04.424"/>
</kw>
<kw name="Click Element" library="AppiumLibrary">
<arg>//android.widget.Switch[@class="android.widget.Switch"]</arg>
<doc>Click element identified by `locator`.</doc>
<msg timestamp="20230405 16:35:04.424" level="INFO">Clicking element '//android.widget.Switch[@class="android.widget.Switch"]'.</msg>
<msg timestamp="20230405 16:35:04.604" level="INFO">xpath criteria: //android.widget.Switch[@class="android.widget.Switch"]</msg>
<status status="PASS" starttime="20230405 16:35:04.424" endtime="20230405 16:35:04.604"/>
</kw>
<kw name="Click Element" library="AppiumLibrary">
<arg>${buttonSaveRestart}</arg>
<doc>Click element identified by `locator`.</doc>
<msg timestamp="20230405 16:35:04.616" level="INFO">Clicking element '//android.widget.Button[@text="SAVE &amp; RESTART"]'.</msg>
<msg timestamp="20230405 16:35:05.233" level="INFO">xpath criteria: //android.widget.Button[@text="SAVE &amp; RESTART"]</msg>
<status status="PASS" starttime="20230405 16:35:04.604" endtime="20230405 16:35:05.233"/>
</kw>
<kw name="Wait Until Page Contains Element" library="AppiumLibrary">
<arg>//android.widget.Button[@text="ACCONSENTO"]</arg>
<doc>Waits until element specified with `locator` appears on current page.</doc>
<msg timestamp="20230405 16:35:10.596" level="INFO">xpath criteria: //android.widget.Button[@text="ACCONSENTO"]</msg>
<status status="PASS" starttime="20230405 16:35:05.233" endtime="20230405 16:35:10.596"/>
</kw>
<kw name="Click Element" library="AppiumLibrary">
<arg>//android.widget.Button[@text="ACCONSENTO"]</arg>
<doc>Click element identified by `locator`.</doc>
<msg timestamp="20230405 16:35:10.596" level="INFO">Clicking element '//android.widget.Button[@text="ACCONSENTO"]'.</msg>
<msg timestamp="20230405 16:35:41.848" level="INFO">xpath criteria: //android.widget.Button[@text="ACCONSENTO"]</msg>
<status status="PASS" starttime="20230405 16:35:10.596" endtime="20230405 16:35:41.848"/>
</kw>
<kw name="Sleep" library="BuiltIn">
<arg>8s</arg>
<doc>Pauses the test executed for the given time.</doc>
<msg timestamp="20230405 16:35:49.862" level="INFO">Slept 8 seconds</msg>
<status status="PASS" starttime="20230405 16:35:41.848" endtime="20230405 16:35:49.862"/>
</kw>
<status status="PASS" starttime="20230405 16:34:54.633" endtime="20230405 16:35:49.862"/>
</kw>
<status status="PASS" starttime="20230405 16:34:54.633" endtime="20230405 16:35:49.862"/>
</kw>
<kw name="Wait Until Page Contains Element" library="AppiumLibrary">
<arg>${LOGIN-SUBMIT-BUTTON2}</arg>
<doc>Waits until element specified with `locator` appears on current page.</doc>
<msg timestamp="20230405 16:35:50.384" level="INFO">xpath criteria: //android.widget.TextView[@text="ACCEDI"]</msg>
<status status="PASS" starttime="20230405 16:35:49.862" endtime="20230405 16:35:50.384"/>
</kw>
<kw name="Click Element" library="AppiumLibrary">
<arg>${LOGIN-SUBMIT-BUTTON2}</arg>
<doc>Click element identified by `locator`.</doc>
<msg timestamp="20230405 16:35:50.386" level="INFO">Clicking element '//android.widget.TextView[@text="ACCEDI"]'.</msg>
<msg timestamp="20230405 16:35:50.476" level="INFO">xpath criteria: //android.widget.TextView[@text="ACCEDI"]</msg>
<status status="PASS" starttime="20230405 16:35:50.386" endtime="20230405 16:35:50.476"/>
</kw>
<kw name="Wait Until Page Contains Element" library="AppiumLibrary">
<arg>${textBoxEmail}</arg>
<doc>Waits until element specified with `locator` appears on current page.</doc>
<msg timestamp="20230405 16:35:51.295" level="INFO">xpath criteria: //android.widget.EditText[@text="Email"]
xpath criteria: //android.widget.EditText[@text="Email"]</msg>
<status status="PASS" starttime="20230405 16:35:50.476" endtime="20230405 16:35:51.295"/>
</kw>
<kw name="Input Text" library="AppiumLibrary">
<arg>${textBoxEmail}</arg>
<arg>${cartaExcellence}</arg>
<doc>Types the given `text` into text field identified by `locator`.</doc>
<msg timestamp="20230405 16:35:51.295" level="INFO">Typing text 'carta.excellence@yopmail.com' into text field '//android.widget.EditText[@text="Email"]'</msg>
<msg timestamp="20230405 16:35:52.033" level="INFO">xpath criteria: //android.widget.EditText[@text="Email"]</msg>
<status status="PASS" starttime="20230405 16:35:51.295" endtime="20230405 16:35:52.033"/>
</kw>
<kw name="Input Text" library="AppiumLibrary">
<arg>${textBoxPassword}</arg>
<arg>${Password}</arg>
<doc>Types the given `text` into text field identified by `locator`.</doc>
<msg timestamp="20230405 16:35:52.043" level="INFO">Typing text 'Cartasi02' into text field '//android.widget.EditText[@text="Password"]'</msg>
<msg timestamp="20230405 16:35:53.278" level="INFO">xpath criteria: //android.widget.EditText[@text="Password"]</msg>
<status status="PASS" starttime="20230405 16:35:52.033" endtime="20230405 16:35:53.278"/>
</kw>
<kw name="Click Element" library="AppiumLibrary">
<arg>${buttonEntra}</arg>
<doc>Click element identified by `locator`.</doc>
<msg timestamp="20230405 16:35:53.278" level="INFO">Clicking element '//android.widget.Button[@text="ENTRA"]'.</msg>
<msg timestamp="20230405 16:35:53.907" level="INFO">xpath criteria: //android.widget.Button[@text="ENTRA"]</msg>
<status status="PASS" starttime="20230405 16:35:53.278" endtime="20230405 16:35:53.907"/>
</kw>
<kw name="Wait Until Page Contains Element" library="AppiumLibrary">
<arg>${buttonLeggi}</arg>
<doc>Waits until element specified with `locator` appears on current page.</doc>
<msg timestamp="20230405 16:35:54.547" level="INFO">criteria is it.icbpi.mobile:id/second_button
criteria is it.icbpi.mobile:id/second_button</msg>
<status status="PASS" starttime="20230405 16:35:53.907" endtime="20230405 16:35:54.547"/>
</kw>
<kw name="Click Element" library="AppiumLibrary">
<arg>${buttonLeggi}</arg>
<doc>Click element identified by `locator`.</doc>
<msg timestamp="20230405 16:35:54.547" level="INFO">Clicking element 'id=it.icbpi.mobile:id/second_button'.</msg>
<msg timestamp="20230405 16:35:54.663" level="INFO">criteria is it.icbpi.mobile:id/second_button</msg>
<status status="PASS" starttime="20230405 16:35:54.547" endtime="20230405 16:35:54.663"/>
</kw>
<kw name="Sleep" library="BuiltIn">
<arg>5s</arg>
<doc>Pauses the test executed for the given time.</doc>
<msg timestamp="20230405 16:35:59.666" level="INFO">Slept 5 seconds</msg>
<status status="PASS" starttime="20230405 16:35:54.663" endtime="20230405 16:35:59.666"/>
</kw>
<kw name="Click Element" library="AppiumLibrary">
<arg>${buttonFrecciagiu}</arg>
<doc>Click element identified by `locator`.</doc>
<msg timestamp="20230405 16:35:59.666" level="INFO">Clicking element '//hierarchy/android.widget.FrameLayout/android.widget.LinearLayout/android.widget.FrameLayout/android.widget.RelativeLayout/android.widget.Button'.</msg>
<msg timestamp="20230405 16:35:59.839" level="INFO">xpath criteria: //hierarchy/android.widget.FrameLayout/android.widget.LinearLayout/android.widget.FrameLayout/android.widget.RelativeLayout/android.widget.Button</msg>
<status status="PASS" starttime="20230405 16:35:59.666" endtime="20230405 16:35:59.839"/>
</kw>
<kw name="Wait Until Page Contains Element" library="AppiumLibrary">
<arg>${buttonAccettaCondizioni}</arg>
<doc>Waits until element specified with `locator` appears on current page.</doc>
<msg timestamp="20230405 16:36:00.782" level="INFO">xpath criteria: //android.widget.Button[@text="ACCETTA LE CONDIZIONI"]</msg>
<status status="PASS" starttime="20230405 16:35:59.839" endtime="20230405 16:36:00.782"/>
</kw>
<kw name="Click Element" library="AppiumLibrary">
<arg>${buttonAccettaCondizioni}</arg>
<doc>Click element identified by `locator`.</doc>
<msg timestamp="20230405 16:36:00.782" level="INFO">Clicking element '//android.widget.Button[@text="ACCETTA LE CONDIZIONI"]'.</msg>
<msg timestamp="20230405 16:36:00.893" level="INFO">xpath criteria: //android.widget.Button[@text="ACCETTA LE CONDIZIONI"]</msg>
<status status="PASS" starttime="20230405 16:36:00.782" endtime="20230405 16:36:00.893"/>
</kw>
<kw name="Sleep" library="BuiltIn">
<arg>15s</arg>
<doc>Pauses the test executed for the given time.</doc>
<msg timestamp="20230405 16:36:15.897" level="INFO">Slept 15 seconds</msg>
<status status="PASS" starttime="20230405 16:36:00.893" endtime="20230405 16:36:15.897"/>
</kw>
<kw name="Wait Until Page Contains Element" library="AppiumLibrary">
<arg>${labelSceglineUno}</arg>
<doc>Waits until element specified with `locator` appears on current page.</doc>
<msg timestamp="20230405 16:36:19.425" level="INFO">xpath criteria: //android.widget.TextView[@text="Scegline uno"]
xpath criteria: //android.widget.TextView[@text="Scegline uno"]
xpath criteria: //android.widget.TextView[@text="Scegline uno"]
xpath criteria: //android.widget.TextView[@text="Scegline uno"]
xpath criteria: //android.widget.TextView[@text="Scegline uno"]
xpath criteria: //android.widget.TextView[@text="Scegline uno"]
xpath criteria: //android.widget.TextView[@text="Scegline uno"]
xpath criteria: //android.widget.TextView[@text="Scegline uno"]
xpath criteria: //android.widget.TextView[@text="Scegline uno"]
xpath criteria: //android.widget.TextView[@text="Scegline uno"]
xpath criteria: //android.widget.TextView[@text="Scegline uno"]</msg>
<status status="PASS" starttime="20230405 16:36:15.897" endtime="20230405 16:36:19.425"/>
</kw>
<kw name="Click Element" library="AppiumLibrary">
<arg>${labelSceglineUno}</arg>
<doc>Click element identified by `locator`.</doc>
<msg timestamp="20230405 16:36:19.441" level="INFO">Clicking element '//android.widget.TextView[@text="Scegline uno"]'.</msg>
<msg timestamp="20230405 16:36:19.551" level="INFO">xpath criteria: //android.widget.TextView[@text="Scegline uno"]</msg>
<status status="PASS" starttime="20230405 16:36:19.425" endtime="20230405 16:36:19.551"/>
</kw>
<kw name="Wait Until Page Contains Element" library="AppiumLibrary">
<arg>${labelNumber00}</arg>
<doc>Waits until element specified with `locator` appears on current page.</doc>
<msg timestamp="20230405 16:36:20.433" level="INFO">xpath criteria: //android.widget.TextView[@text="********00"]</msg>
<status status="PASS" starttime="20230405 16:36:19.551" endtime="20230405 16:36:20.433"/>
</kw>
<kw name="Click Element" library="AppiumLibrary">
<arg>${labelNumber00}</arg>
<doc>Click element identified by `locator`.</doc>
<msg timestamp="20230405 16:36:20.433" level="INFO">Clicking element '//android.widget.TextView[@text="********00"]'.</msg>
<msg timestamp="20230405 16:36:20.562" level="INFO">xpath criteria: //android.widget.TextView[@text="********00"]</msg>
<status status="PASS" starttime="20230405 16:36:20.433" endtime="20230405 16:36:20.562"/>
</kw>
<kw name="Click Element" library="AppiumLibrary">
<arg>${buttonContinua}</arg>
<doc>Click element identified by `locator`.</doc>
<msg timestamp="20230405 16:36:20.572" level="INFO">Clicking element '//android.widget.Button[@text="CONTINUA"]'.</msg>
<msg timestamp="20230405 16:36:21.378" level="INFO">xpath criteria: //android.widget.Button[@text="CONTINUA"]</msg>
<status status="PASS" starttime="20230405 16:36:20.562" endtime="20230405 16:36:21.378"/>
</kw>
<kw name="Wait Until Page Contains Element" library="AppiumLibrary">
<arg>${labelVerificaIdentita}</arg>
<doc>Waits until element specified with `locator` appears on current page.</doc>
<msg timestamp="20230405 16:36:23.014" level="INFO">xpath criteria: //android.widget.TextView[@text="VERIFICA D'IDENTITÀ"]
xpath criteria: //android.widget.TextView[@text="VERIFICA D'IDENTITÀ"]
xpath criteria: //android.widget.TextView[@text="VERIFICA D'IDENTITÀ"]
xpath criteria: //android.widget.TextView[@text="VERIFICA D'IDENTITÀ"]</msg>
<status status="PASS" starttime="20230405 16:36:21.378" endtime="20230405 16:36:23.014"/>
</kw>
<kw name="Sleep" library="BuiltIn">
<arg>13s</arg>
<doc>Pauses the test executed for the given time.</doc>
<msg timestamp="20230405 16:36:36.020" level="INFO">Slept 13 seconds</msg>
<status status="PASS" starttime="20230405 16:36:23.014" endtime="20230405 16:36:36.020"/>
</kw>
<kw name="Run Keyword" library="BuiltIn">
<arg>Get OTP from API Response</arg>
<doc>Executes the given keyword with the given arguments.</doc>
<kw name="Get OTP from API Response" library="GetRequest">
<tag>get</tag>
<kw name="GET" library="RequestsLibrary">
<var>${resp}</var>
<arg>url=https://stgapi.nexi.it/mfa/getlastotp?user=carta.excellence@yopmail.com</arg>
<doc>Sends a GET request.</doc>
<msg timestamp="20230405 16:36:36.208" level="INFO">GET Request : url=https://stgapi.nexi.it/mfa/getlastotp?user=carta.excellence@yopmail.com 
 path_url=/mfa/getlastotp?user=carta.excellence@yopmail.com 
 headers={'User-Agent': 'python-requests/2.28.2', 'Accept-Encoding': 'gzip, deflate', 'Accept': '*/*', 'Connection': 'keep-alive'} 
 body=None 
 </msg>
<msg timestamp="20230405 16:36:36.208" level="INFO">GET Response : url=https://stgapi.nexi.it/mfa/getlastotp?user=carta.excellence@yopmail.com 
 status=200, reason=OK 
 headers={'Content-Type': 'text/html;charset=UTF-8', 'Date': 'Wed, 05 Apr 2023 14:36:35 GMT', 'Set-Cookie': 'lb_cookie=rd9o00000000000000000000ffff0a0a08c9o8443; expires=Thu, 06-Apr-2023 14:36:36 GMT; path=/, erps=2860d8307a0ebd6008fc3cf0b67faaac; Path=/; Domain=stgapi.nexi.it; Expires=Wed, 05-Apr-2023 15:06:36 GMT, erbn=a419ec0f63e393badef021e7000ba506; Path=/; Domain=stgapi.nexi.it; Expires=Thu, 04-Apr-2024 14:36:36 GMT, TS01e3ab9a=01fedd29966d496ad04029188861a7d033c866e74b95ff8d7b6b2171da9882889487cd9a45bdae74c2af340811b89cafe29b555f4c; Path=/, TS0112bee4=01fedd29966d496ad04029188861a7d033c866e74b95ff8d7b6b2171da9882889487cd9a45bdae74c2af340811b89cafe29b555f4c; path=/; domain=stgapi.nexi.it', 'uniqueid': '46c9c0774ffc9a433a91fb19d7da6ac1', 'Vary': 'Accept-Encoding', 'Content-Encoding': 'gzip', 'Transfer-Encoding': 'chunked'} 
 body=&lt;html&gt;
&lt;/br&gt;
user: carta.excellence@yopmail.com OTP 255123
&lt;/html&gt;
&lt;br&gt;
&lt;/html&gt; 
 </msg>
<msg timestamp="20230405 16:36:36.208" level="INFO">${resp} = &lt;Response [200]&gt;</msg>
<status status="PASS" starttime="20230405 16:36:36.020" endtime="20230405 16:36:36.208"/>
</kw>
<kw name="Split String" library="String">
<var>${otp_string}</var>
<arg>${resp.text}</arg>
<arg>OTP</arg>
<doc>Splits the ``string`` using ``separator`` as a delimiter string.</doc>
<msg timestamp="20230405 16:36:36.208" level="INFO">${otp_string} = ['&lt;html&gt;\n&lt;/br&gt;\r\nuser: carta.excellence@yopmail.com ', ' 255123\n&lt;/html&gt;\r\n&lt;br&gt;\n&lt;/html&gt;']</msg>
<status status="PASS" starttime="20230405 16:36:36.208" endtime="20230405 16:36:36.208"/>
</kw>
<kw name="Split String" library="String">
<var>${otp_string2}</var>
<arg>${otp_string[1]}</arg>
<arg>&lt;/</arg>
<doc>Splits the ``string`` using ``separator`` as a delimiter string.</doc>
<msg timestamp="20230405 16:36:36.208" level="INFO">${otp_string2} = [' 255123\n', 'html&gt;\r\n&lt;br&gt;\n', 'html&gt;']</msg>
<status status="PASS" starttime="20230405 16:36:36.208" endtime="20230405 16:36:36.208"/>
</kw>
<kw name="Set Variable" library="BuiltIn">
<var>${numero}</var>
<arg>${otp_string2[0].strip()}</arg>
<doc>Returns the given values which can then be assigned to a variables.</doc>
<msg timestamp="20230405 16:36:36.208" level="INFO">${numero} = 255123</msg>
<status status="PASS" starttime="20230405 16:36:36.208" endtime="20230405 16:36:36.208"/>
</kw>
<kw name="Split String To Characters" library="String">
<var>${lista}</var>
<arg>${numero}</arg>
<doc>Splits the given ``string`` to characters.</doc>
<msg timestamp="20230405 16:36:36.208" level="INFO">${lista} = ['2', '5', '5', '1', '2', '3']</msg>
<status status="PASS" starttime="20230405 16:36:36.208" endtime="20230405 16:36:36.208"/>
</kw>
<kw name="Sleep" library="BuiltIn">
<arg>8s</arg>
<doc>Pauses the test executed for the given time.</doc>
<msg timestamp="20230405 16:36:44.224" level="INFO">Slept 8 seconds</msg>
<status status="PASS" starttime="20230405 16:36:36.208" endtime="20230405 16:36:44.224"/>
</kw>
<kw name="Input Text" library="AppiumLibrary">
<arg>//android.widget.RelativeLayout[1]/android.widget.RelativeLayout[1]//android.widget.EditText</arg>
<arg>${lista[0]}</arg>
<doc>Types the given `text` into text field identified by `locator`.</doc>
<msg timestamp="20230405 16:36:44.224" level="INFO">Typing text '2' into text field '//android.widget.RelativeLayout[1]/android.widget.RelativeLayout[1]//android.widget.EditText'</msg>
<msg timestamp="20230405 16:36:44.393" level="INFO">xpath criteria: //android.widget.RelativeLayout[1]/android.widget.RelativeLayout[1]//android.widget.EditText</msg>
<status status="PASS" starttime="20230405 16:36:44.224" endtime="20230405 16:36:44.393"/>
</kw>
<kw name="Input Text" library="AppiumLibrary">
<arg>//android.widget.RelativeLayout[2]/android.widget.RelativeLayout//android.widget.EditText</arg>
<arg>${lista[1]}</arg>
<doc>Types the given `text` into text field identified by `locator`.</doc>
<msg timestamp="20230405 16:36:44.397" level="INFO">Typing text '5' into text field '//android.widget.RelativeLayout[2]/android.widget.RelativeLayout//android.widget.EditText'</msg>
<msg timestamp="20230405 16:36:45.151" level="INFO">xpath criteria: //android.widget.RelativeLayout[2]/android.widget.RelativeLayout//android.widget.EditText</msg>
<status status="PASS" starttime="20230405 16:36:44.393" endtime="20230405 16:36:45.151"/>
</kw>
<kw name="Input Text" library="AppiumLibrary">
<arg>//android.widget.RelativeLayout[3]//android.widget.EditText</arg>
<arg>${lista[2]}</arg>
<doc>Types the given `text` into text field identified by `locator`.</doc>
<msg timestamp="20230405 16:36:45.151" level="INFO">Typing text '5' into text field '//android.widget.RelativeLayout[3]//android.widget.EditText'</msg>
<msg timestamp="20230405 16:36:45.813" level="INFO">xpath criteria: //android.widget.RelativeLayout[3]//android.widget.EditText</msg>
<status status="PASS" starttime="20230405 16:36:45.151" endtime="20230405 16:36:45.813"/>
</kw>
<kw name="Input Text" library="AppiumLibrary">
<arg>//android.widget.RelativeLayout[4]//android.widget.EditText</arg>
<arg>${lista[3]}</arg>
<doc>Types the given `text` into text field identified by `locator`.</doc>
<msg timestamp="20230405 16:36:45.814" level="INFO">Typing text '1' into text field '//android.widget.RelativeLayout[4]//android.widget.EditText'</msg>
<msg timestamp="20230405 16:36:46.444" level="INFO">xpath criteria: //android.widget.RelativeLayout[4]//android.widget.EditText</msg>
<status status="PASS" starttime="20230405 16:36:45.814" endtime="20230405 16:36:46.444"/>
</kw>
<kw name="Input Text" library="AppiumLibrary">
<arg>//android.widget.RelativeLayout[5]//android.widget.EditText</arg>
<arg>${lista[4]}</arg>
<doc>Types the given `text` into text field identified by `locator`.</doc>
<msg timestamp="20230405 16:36:46.445" level="INFO">Typing text '2' into text field '//android.widget.RelativeLayout[5]//android.widget.EditText'</msg>
<msg timestamp="20230405 16:36:47.094" level="INFO">xpath criteria: //android.widget.RelativeLayout[5]//android.widget.EditText</msg>
<status status="PASS" starttime="20230405 16:36:46.444" endtime="20230405 16:36:47.094"/>
</kw>
<kw name="Input Text" library="AppiumLibrary">
<arg>//android.widget.RelativeLayout[6]//android.widget.EditText</arg>
<arg>${lista[5]}</arg>
<doc>Types the given `text` into text field identified by `locator`.</doc>
<msg timestamp="20230405 16:36:47.094" level="INFO">Typing text '3' into text field '//android.widget.RelativeLayout[6]//android.widget.EditText'</msg>
<msg timestamp="20230405 16:36:47.742" level="INFO">xpath criteria: //android.widget.RelativeLayout[6]//android.widget.EditText</msg>
<status status="PASS" starttime="20230405 16:36:47.094" endtime="20230405 16:36:47.742"/>
</kw>
<kw name="Click Element" library="AppiumLibrary">
<arg>id=it.icbpi.mobile:id/second_button</arg>
<doc>Click element identified by `locator`.</doc>
<msg timestamp="20230405 16:36:47.742" level="INFO">Clicking element 'id=it.icbpi.mobile:id/second_button'.</msg>
<msg timestamp="20230405 16:36:48.332" level="INFO">criteria is it.icbpi.mobile:id/second_button</msg>
<status status="PASS" starttime="20230405 16:36:47.742" endtime="20230405 16:36:48.332"/>
</kw>
<status status="PASS" starttime="20230405 16:36:36.020" endtime="20230405 16:36:48.332"/>
</kw>
<status status="PASS" starttime="20230405 16:36:36.020" endtime="20230405 16:36:48.332"/>
</kw>
<kw name="Sleep" library="BuiltIn">
<arg>20s</arg>
<doc>Pauses the test executed for the given time.</doc>
<msg timestamp="20230405 16:37:08.337" level="INFO">Slept 20 seconds</msg>
<status status="PASS" starttime="20230405 16:36:48.332" endtime="20230405 16:37:08.337"/>
</kw>
<kw name="Run Keyword" library="BuiltIn">
<arg>Popup Manager</arg>
<arg>${visualizzaDatiCarta}</arg>
<arg>${buttonChiudi}</arg>
<doc>Executes the given keyword with the given arguments.</doc>
<kw name="Popup Manager" library="keyWords">
<arg>${visualizzaDatiCarta}</arg>
<arg>${buttonChiudi}</arg>
<kw name="Set Variable" library="BuiltIn">
<var>${x}</var>
<arg>${0}</arg>
<doc>Returns the given values which can then be assigned to a variables.</doc>
<msg timestamp="20230405 16:37:08.337" level="INFO">${x} = 0</msg>
<status status="PASS" starttime="20230405 16:37:08.337" endtime="20230405 16:37:08.337"/>
</kw>
<while condition="${x} &lt; 5">
<iter>
<kw name="Sleep" library="BuiltIn">
<arg>3s</arg>
<doc>Pauses the test executed for the given time.</doc>
<msg timestamp="20230405 16:37:11.343" level="INFO">Slept 3 seconds</msg>
<status status="PASS" starttime="20230405 16:37:08.337" endtime="20230405 16:37:11.343"/>
</kw>
<kw name="Run Keyword And Return Status" library="BuiltIn">
<var>${elementPresent}</var>
<arg>Element Should Be Visible</arg>
<arg>${visualizzaDatiCarta}</arg>
<doc>Runs the given keyword with given arguments and returns the status as a Boolean value.</doc>
<kw name="Element Should Be Visible" library="AppiumLibrary">
<arg>${visualizzaDatiCarta}</arg>
<doc>Verifies that element identified with locator is visible.</doc>
<kw name="Capture Page Screenshot" library="AppiumLibrary">
<doc>Takes a screenshot of the current page and embeds it into the log.</doc>
<msg timestamp="20230405 16:37:12.964" level="INFO" html="true">&lt;/td&gt;&lt;/tr&gt;&lt;tr&gt;&lt;td colspan="3"&gt;&lt;img src="data:image/png;base64, iVBORw0KGgoAAAANSUhEUgAABDgAAAkkCAYAAAD508+vAAAAAXNSR0IArs4c6QAAAARzQklUCAgI
CHwIZIgAACAASURBVHic7N15fFNV3j/wz7lJW1qgpexLQ2VHAgyLCK2IKE4pOu5Q9w0oo4/OCPSZ
wcGRRUTHUZDRwfEni+jgM1pAXEYtuCCLFBBQkRYEQaQFVCyFlq1Ncs/vj9tckjT71qb9vF+vapvc
5WQhufdzz/keAUCCiIiIiIiIiCiGKXXdACIiIiIiIiKiUDHgICIiIiIiIqKYx4CDiIiIiIiIiGIe
Aw4iIiIiIiIiinkMOIiIiIiIiIgo5jHgICIiIiIiIqKYx4CDiIiIiIiIiGIeAw4iIiIiIiIiinkM
OIiIiIiIiIgo5jHgICIiIiIiIqKYx4CDiIiIiIiIiGIeAw4iIiIiIiIiinkMOIiIiIiIiIgo5jHg
ICIiIiIiIqKYx4CDiIiIiIiIiGIeAw4iIiIiIiIiinkMOIiIiIiIiIgo5jHgICIiIiIiIqKYx4CD
iIiIiIiIiGIeAw4iIiIiIiIiinkMOIiIiIiIiIgo5jHgICIiIiIiIqKYx4CDiIiIiIiIiGIeAw4i
IiIiIiIiinkMOIiIiIiIiIgo5jHgICIiIiIiIqKYx4CDiIiIiIiIiGIeAw4iIiIiIiIiinkMOIiI
iIiIiIgo5jHgICIiIiIiIqKYx4CDiIiIiIiIiGIeAw4iIiIiIiIiinkMOIiIiIiIiIgo5jHgICIi
IiIiIqKYx4CDiIiIiIiIiGIeAw4iIiIiIiIiinkMOIiIiIiIiIgo5jHgICIiIiIiIqKYx4CDiIiI
iIiIiGIeAw4iIiIiIiIiinkMOIiIiIiIiIgo5jHgICIiIiIiIqKYx4CDiIiIiIiIiGIeAw4iIiIi
IiIiinkMOIiIiIiIiIgo5jHgICIiIiIiIqKYx4CDiIiIiIiIiGIeAw4iIiIiIiIiinkMOIiIiIiI
iIgo5jHgICIiIiIiIqKYx4CDiIiIiIiIiGIeAw4iIiIiIiIiinkMOIiIiIiIiIgo5jHgICIiIiIi
IqKYx4CDiIiIiIiIiGIeAw4iIiIiIiIiinkMOIiIiIiIiIgo5jHgICIiIiIiIqKYx4CDiIiIiIiI
iGIeAw4iIiIiIiIiinnGum4AEVFdy8jI8HvZiooKFBUVRbA1REREREQUDAYcRNRo5eXlYerUqQGv
N2XKFOTn50egRb6ZzWakpaXBbDYDAJKTk2E2m1FaWoqSkhIAQElJCUpLS1FYWFgnbbQTAkhOEpiU
HYeZ4+KQ1EQC1RJQJSAkzp0Bnnzfin+tteHUWUDKSLVDID4+HqmpqRg8eDBGjBiBm266CV27doXB
YAhqmzabDQcPHsQ777yD9evXY8eOHSgvL0d1dTVkpB4IEcUMk8mEPn366J/VlZWVaN68udtli4qK
UFFR4fYzOzk5Gbm5ubU+V4qKilBcXKx/7keS/XsmkIsBdoWFhfrjIyKKBgGAR2JE1OgEG27YRSvk
MJlMGDZsGDIzM5GdnY3k5OSA1i8oKEBhYaF+kBkNQgDL/pyIOy+PA6w1gYb9R0rAZv8bgCohVQkh
JVZ8peKOhWpYgw5FUXDDDTfgvvvuQ2ZmJlq1agUhRPh2AEBKibKyMmzevBnLli3Du+++C1VVw7qP
WNW/f38MGjQIHTp0AAD89NNP2LFjB3bt2lXHLSOKjOTkZMyePRs5OTlOt2dlZWHVqlUeQw5A6yG4
aNEizJ8/3+l2b99X9uUjFSDk5uZi6tSpAX/3OKqoqMC8efOwePHiMLaMiMg9BhxE1CgdOXIk5G1E
MuQwm82YOHFirYPkUGzevBnz58+PWM8ORQFWz26KawYZIeSFAMOfgMN+v2qRSPqDClsY8gFFUfDo
o49ixowZSEhICH2DfqiqqsKcOXPw9NNPBxVy7H/yBbSNrwKgQEoV0qpClRKwqYCqQqgSNlWFlBLS
VgWDagMA7TZVQgFgsAFStUCFBVJVoaoSwqZC2FRIVOF4tQX9lkc2nHvkkUdw7733ol27dm7v//nn
n/H6669jwYIFEW0HUbQtXboUo0ePrnV7p06dYDabfYYcAJCfn48pU6Y43bZ161akpaW5XX7x4sWY
OXNm8I32IDs7G0uWLAnb9iZMmICCgoKwbY+io3Xr1mjVqlVdNyMg3333XV03geoQAw4ianQyMjKw
cuVK/e/Fixf7ddB16623Yty4cU63hTvkyMjIwNSpU5GZmenX8pWVldi9ezdMJpPHg19XJSUlmDdv
HlasWBFKU53EGYHT/20Bg4QWYqjBBRzCJjHkGYmvDoX+1ZSVlYX//Oc/aNmyZcjbCsSJEydw++23
Y+3atQGtV/Hsi1AkYFMtgCIhbTYoNgmr1QYprYBQIWxWCJsWcgCAVG0w2ABVVSGlDRBWqKq2HlSp
3a5KAFJbV6qwqVZYVQHT62+E/bF37NgRq1ev9vu9WFpaiptvvjksgSNRXTOZTNiyZYvb+zp16gQA
foccrt8ts2fPxsSJEz0uP2zYsLAPV/EWqgSjpKQEw4YNC9v2KLJat26N+++/HwMGDEBiYmJdNycg
J06cwHvvvYf33nuvrptCdYA1OIio0bMP4/DFvoxjyPH8888DQMghR3JyMqZOnYrc3FyPy6xZswaF
hYXYvXu31/aazWaYzWZ9WIvrgbTJZMKCBQuQk5ODqVOnhnxQ3L2TguIlKVD0ebkchoBUq0C1LaDt
7ZgBKOMBBQLdEltg/7nyoNp13333+R1uSADHKoGvfwEOnJA4eR6INwIjOwsYFKBFAtAtVRt+40vL
li1x//33BxRwxAkFqqJC2CQUaYPVosIgBBRVwiAErFoapPfSUKQEIGBVJWxSwgAV1poeG7XCDVWF
UFVI2CBVG6SqwgAgTghYwjgeqEuXLvjss88QHx/v9zppaWnYtGkTrrrqKvzwww9hawtRXbDX2/Cm
qKgIt9xyi8+QY+rUqU7fKwUFBV4DDrPZHNBneUZGBjIyMrBmzRqPwxcdw40VK1Zg8uTJfm/fbsGC
Bfp3pslkQnJystvhNCaTCaNHj0Z+fn7Iw22MRiOuu+46bNiwAWVlZQGt26xZM2RlZaFnz55ISUlB
ZWUlDh48iDVr1qC8PLDvonBsq3fv3sjOzkaHDh1w9uxZbN++HR988EFA7QhGUlISHnvsMQwYMACf
fvop9u3bh7Nnz0Z8v+FgMpkwYMAATJkyBVJKvP/++1Hbd+fOndGtWzcA2oWH9evXh2W7vXv3xhVX
XIH27dujSZMmOHXqFIqLi7Fu3TpUVlZ6XG/gwIFo0aJF0PstKyuLySGlDDiIiAJgP8ALZ8hhNpvx
/PPPuz04Liws9LuHiV1RURGKior09pjNZuTm5tbqfZKZmYm1a9diypQpQXcbbpcqsGdpiucT/3hF
+wGAimqt94YP1WcAg6J19vii753o//Wr+MlyJqB2paSk4Oqrr/a53FkL8O0vwMo9EtuPApXVWjyj
CC30+PqYxO19BZ4tlEiOA8b2ERjaCWjRxPt2R40ahZSUFJw6dcqv9l7Wszdsqg1GVUC2T0PSb/rg
l2+2o+mhUqTmPoiTi1/BudZt0WHCPfh+8Uto8+NPMF57DVoMGAShVgIprfDzlCkwSEDax/dIrT6I
okqo0gJV2iBqAg+bzYbMzp2w/sdSv9rnS1JSEtauXesUblitVlitVsTHx+P8+fP497//DYPBgIsv
vhgDBgxAUlKSXgD2448/Rv/+/WPmAJrIHX8CDsC/kMNkMiEjI0MPs33VUDKbzX5/jptMJr0XY15e
nl89EYMNwl3XM5vNtQL6nJwc/Xt04sSJQffyuPTSS5GTk4Orr74abdq0wTXXXON3wJGQkIA//elP
uOuuu9y+JnPmzMGqVaswd+5cryeU4dzWX/7yF0yaNMnpc3XSpEn46quv8NBDD+HHH3/067EF4/LL
L8eoUaPw9NNP4/PPP8evv/4Ki8USsf2FU0pKCtatW4e8vDxMnjwZn3zyCc6dOxeVfb/88sv4zW9+
AwCwWCy46KKLQtre0KFDMW3aNFx66aVu64edOnUKK1aswFNPPYWqqqpa9z/xxBMYNGhQ0Pv/7LPP
cPfddwe9fl1hwEFEFKBwhhyOB3aOCgsLMW/evLDUyygqKsLkyZMxb9485OXlObU7OTkZS5YsQX5+
PmbOnBnQlTNFAKVvtvCrV4O2s3gtPTju/UDDqACqqvWWEELg24Hj0XbbPyEDGFF5ySWXoHXr1l6X
2V8GLNkp8eUxiTNV2v70w8iaXR0sA74qlcjsKPDGbom9v0r0bi0wfqAWdCgeHnvr1q1xySWX4NNP
P/WrvQZRM+RESjS9dhiQ1AlxO7YCUoFqsKBF3v+geVOBiqXL0X3CZPy6oRBnV78FpU0HnHnlFbRe
MFersSEB1Wbflg2w2WCTElJKCFUAqhZyGKWAIYy9N+bMmYOkpCScP38eFosFTZs2xaJFi7B69Woc
OXIEQ4cORW5uLvr164ddu3bhuuuuw9GjR/HGG29g8ODBSExMxJNPPhlS4V+iWOJPyJGZmal/B4Sz
iKhrwdBw9UQMhut3oLdeHu60bdsWt99+O6699lr06dMnqCLSzZs3x9KlS70ODU1KSsLdd9+NAQMG
4J577sEvv/wS0W1NmjQJDz/8MABg//79+Oabb9C6dWsMHz4cAwcOxEsvvYRrr702wEfqv6uuugq/
/PIL3n33XZw9exZdunRB06ZNI7a/cCopKcHevXuRn5+PZcuWoUuXLiguLo74fqdOnaqHG+EwduxY
PP3000hKSvK4TEpKCiZOnIjBgwfjzjvv9Puiir+iFQyFGwMOIiIfMjIyUFFR4XQFLRwhR3Z2dq1w
o7S0FJMnT45IIdCSkhI96Fi6dCn69Omj35eTkwMhhN9dkIUAzn+cChFoHU0JoHUicOK8NnzFjxUE
BMou/QNabXvB74hj1KhRXg90d/0MPPqxihNntZBCsbfNhQLg88PAg0OA5katx8funyT+vEbiLyMU
ZHd3H3IIITBq1Ci/Aw4AEKqElDacfnst4rt0hfHYcbSYNAHHX/gXmiQZce70KcAah5LHH8PFd16P
MquKhASBhMl3QT30I1SLFYAWkqhSQqhazQ0pFUhIiJrhK7Im8AhXBa7U1FTcdtttqK6uxu23346v
v/4aKSkpGDNmDP7617/ikksuwZYtW7BgwQIUFhZi/PjxePvtt3Hw4EFMnDgRjz76KHJycnDrrbdi
zpw5AXcDJ4pVvkIO12lZi4uLnT63Q9nvihUrIjLcMhDuAv4VK1b4FW7ceOONuOmmmzB8+HA0aeKj
S50Pjz/+uB5IWK1WvP3223jzzTexb98+dOnSBbfccgvuuOMOxMfHo1+/fpg7d67H4aTh2tYDDzwA
ANi2bRvuuOMO/URzwoQJeOKJJzBgwADcfvvt+M9//lNr3YULF+K///0vPvroo6Cfk86dO+PkyZM4
e/asPk1wtIp1h6pJkybYvn07vvzySwBaCGDXsmVLdOzYEeXl5WGt/dS7d2/9NQuHQYMG4amnntLD
jQMHDuC1117Dhg0bcPLkSfTo0QPXX389brvtNsTFxWHgwIGYO3euHorZvfrqqwH30B0/fjzat28P
AHj77bfD84CijAEHEZEXK1eu1A8yXSvAhxpyuHZnXrNmDaZMmeI1gTebzRg9erTeJrPZrF+Nc+zK
XFhYiDVr1rjdRklJCbKysjB16lSnK+aBFJN7YnwilFBmOmnZBDhjAU5Vu707PkGgukqrMwEAKiTm
dL4cfz280a/Njx071uN9Xx0DZn2m4sQZQED6nJa2qgpIbSIweZjA6mIJmwo0ayLw2UGJdk0FBnV0
qjri1Ibp06f71V5AQrGpsNmsUH/+CZZjRwGbirJ//hOwqTh7sgrSpkDKKrS0WXB00WsQqoqjz/xd
650BANIGtaaQq7CpAGpqn0grhKrCChtEzWM1CsV9o4NwzTXXAADi4+OxevVq2Gw27NixAx999BEm
T56M8vJy3HbbbXj22WchhMCcOXPQt29fzJ8/H+vWrcMtt9yCq666Cq1bt8Y111yDN94If/FTovrK
35ocAMJ6ddbT91dFRUVUZjpxF/D7W+fjsssuw8KFC51uU1UV3377Lfr16wflQkEon7p27Ypbb71V
/3vevHl44YUX9L/Ly8uxc+dO7NmzB3/7298ghMCYMWMwZMgQ/QQ63NvKzMzUZ6BavHix01X0JUuW
IDc3FyaTCcOHD68VcDzwwAO48cYbkZWVhZEjRwZ9Eh8XF6f/npiYGFIdh2hLTU0FAJw8edLp9pYt
W+Kvf/0rOnTogDNnzmDBggXYvXt3WPb55JNPhrWHy//+7//q29u1axdycnKchjMdP34cmzdvxt69
ezF37lwAwO9+9zs899xzOHTokL5coAHFiBEj9Pfenj17YnbWI/8/AYiIGiHHK2juxldPnjy51mwk
nuppuFq0aBEKCwtRWVmJKVOmYPz48W4PYE0mE6ZOnYo9e/Zg7dq1yMvLQ2ZmJjIzM5GSkgIhBIQQ
+m25ublYunQpjhw54rEtUkrMmzcPY8eORWlpKUpLS/2eZtCgAH8eF9oVMwBA0zigeZzbu1QV6Ne0
jdM5eG67/lD87H7ctWtXt7f/eAp4dI0Nv1RKbSpbbYIRtz9SAlUWoG8bYORFAr/rLfB0loK7BwqM
uAgwtwH2Hpc47qE8iKc2uKNICYu1CmqVFWq1CrXKCmu1BVabDRarFaq1CtJ6HrK6GlZLNVSbFTab
rWYaWBVWtQo2WzVUWzVUazWkzQLVaoPNYoHVUg2rtRo2qw2q1ardbrNpvTjCYNKkSU5/GwwGXHrp
pZg5cya2b9+O/Px8/PDDD8jMzMTcuXPx4osvIj8/H3l5eXjllVewdOlSvdK967aIGqLs7GynYSL2
kMO1HkM4ZzBxx11vQW+FTMNp9uzZTn8XFhYG0IPwwvfAjz/+iCVLliA7OxvXXHMNbLbAilrn5OTA
aNSu93733XdOgYSj5cuXY9u2bfr+XWtahXNb9qvnAPDtt9/WWr+0VKud5FpE22Qy6Vfw33jjDc5O
5WLEiBG46aabMGLECIwZMwY33HBDWLabm5urHyvu3Lkz5O21atXK6djTW62WZcuW6YFGXFwcsrKy
Qtp3bm6u/u/LXe+gWMGAg4goRO5CDtcxzu5UVFRg7Nix6N27t9seH8nJyXj++eexZcsW5OXl+bVN
Vzk5OVi7di1WrFjhsYjp0KFDMXToUJ9F7Oz+elciDC7fHhKAMABnqiQWfVCF2+aexU0zTuHRZWdQ
8osNMk64ry/aPN7tGA+rReKPHQY73WYQCmaZLvOrjQaDodZtNhV4a5fEybOomaLW/Y+0AU2MWoAx
fpDAuL4Kzlq0wGPDDxJzP1OxYIOKl7eoWLhZxd/Wqzjrpvaauza406xpU4y/9gYtoLBaYLNYYLFa
YLNYIastgKUasFogVatWVwMAVAml5vkUUkKxWWGzqZA1P6pNhVStsNqqIW1W2GoCEatNhSq1GVYe
vul6NAvDFafu3bt7vE9RFAwZMgRvvvkmPv30U2zduhWDBg1C9+7dsXnzZrz44ovYt28f2rRp43Nb
RA2F2WzGypUrfYYcJpMpou3Izs6uNQwmEsMj3XH9vsnIyEBOTo5f6545cwarV6/G3XffjczMTMyY
McPv7y9Xgwdf+J757LPPvC77ySef6L+7q7UQrm059kBxF9jYw2nXniozZsxAamoqDh06hGeeecbr
/utSixYtwjLUKlDdunVzKtjqb1Fgb9LT0/VgrqKiAs8995zf695zzz2YMWMGhgwZ4nS72WzW23nq
1Cls2rTJ63b27dun/965c2e/9++qb9++GDFiBADg559/xvLly4PeVl3jEBUiojB466233F7RCVZG
RgaWLl3qMdQoLS1FSUkJioqK9PHK9gNV1wNW4MKMKTNnzsTixYuDbpcQwIx7mkBemKgDN888jf9u
sQBCQerAYeiV9xTUISqklLA2b44uNw3Vhk0IoENLBYUvJ6NjstCLk4qOTSEPXziot3csGNeqFyzS
eRzMQ+0HYebhLwIqOGp31gJ8U6pqM4m4odZ06PhNB4GsXgKJRoFtpRIFe1V0SgZaNxXYVqLinH2m
lZrHv+UHiQ0/CGT3DHzMx+QHH8b0P09F4hkLTn5WgLiSMqgOhU2EBAQEJASkKqCqqhbCSAFVtWnP
gmqFlAJCVQFV1tTyUKFKFQrsz7Oib9CqSFS37oSrx96Fvfc+gOdeXogFixYF3PZA9erVC9u3b8eE
CRMwePBg7Ny5EytXrsTkyZMDqlVC1BDYQ46xY8fqn+GBDFcJx/7dDRGZN29eRPdrN3nyZKxatcrp
RNffIZ5fffVVrVoDwUpPT9d//+abb7wu6ziMxN3sGOHa1okTJ/Tfu3XrVqsnRqtWrQA4F5793e9+
hzFjxkBKiblz59br4pCpqakYM2YM0tPTUVxcHNHZYLwJZEpzT5544gl9+M4///lPHD9+3K/1/vjH
P2LatGkAgDvuuAMjR47ETz/9BED7HLAPdXI3M4orx9ltHIcWBeqBBx7QeyCtWrXKr33XVww4iIjq
GXttDNcimaWlpVi8eDHWrFnjNPWe/WqOffnk5GT9atjo0aOdtjFr1iyMHj0aEyZMCLoqv1QBGIGO
N5/E8ZMSEgIDnvwXmna9GKiZXlUxKDAqClonxumJhZTA0TIV6eNOQhHAgTdbwJSqtVl0bApZehqA
FjQYFQVV0gbFpVCE1MeQBNhmCXz7M5DSRFvddQsCQKdkILunAlOqFmSsP6Ciokqb1eWX00CzBAmL
rfb6NhV4dYeKK7sakBDEt6pBVWFrYkDKmGthtVoRJ1S0PnkWhws+QGJ5JRTYYIMCrYuJnRWqlJDS
AiEFbKoWYdhDF/1xCwmjClQlt0fbm65HWfMEGGFEnJKAU3EKhLQFNeuAIymlz23Y675kZmZi2bJl
uPfeezFixAgUFRWhY8eO+P7779GvX7+wDZshigWeQo7JkydjyZIlEduvfZpYxwDd3/oX4VJRUaGH
Oa4hR2FhYdDT0gaqbdu2+u/79+/3uuzu3buhqioURUGzZs1gMpmc2hmubW3btg2nT59Gs2bNcNtt
t2HDhg36eiNHjkTPnj0BaLUZAKBZs2aYPn06hBD44IMP8OGHH/r56OuG0WhEeno62rVrh4suuggH
Dx7Enj17cPjw4bpuWkDsUxID2tCUhQsX+t0zxXG55s2bo3v37nrAUVZW5rPXhiPHnl4HDx70ez1H
nTt3RnZ2NgCth1QkP3+igUNUiIjqEbPZjLy8PKcTxtLSUkyZMgVDhw7FokWLcPjwYX0mDMcTQvvf
p06dQkFBAcaPH49hw4Y5FRu11+rwVAHelxsui8fkf52F8apy/HJSov3lWbjirfVI7mGGwaBAEQoU
IaBIoHuHdvjyJffdZFUJdLn1JNrdchKqipq5YbXHYogH8nveUCvcsLulVa+A211+Dli2zYbBaQIG
SG1fqgRsEk0UidG9Be4brODEWYmXvrDhw2IVZ85LGGuWNUiJewcpGNhBQNoc1lclFClx4GcVe48H
c3KuwgYbpACsqhZgCJtAZfOmSB2Xg6TfT0TCHyYh+Z7bUZGYjDhpgAEGGISEQQCKVCGkhAECBiGg
CBVCAU41SYLh1puhPPgglP95GIl3jUNl0wTESQUGAUgFgBBQFMX/aX498HYg9v333+PWW2/F8OHD
ceWVV+Lll1/Gxx9/jNdeew1SSvz973/H3XffrfVMAfDFF1+E1hiiGONuuEq4p3p0lZaWVqt34KIo
9OJyVVFRgRkzZtS6PdK1R+xSU1Odrnj7uvp+7tw5VFdfKIztOBV5OLd1+vRpvRfLDTfcgFdffRUP
PvggZsyYgZdeeglCCBw7dgyvv/46AGDatGlIT09HeXk55syZ43W/9UmTJk1w8cUXY9SoUbjmmmsw
cuRIn9O71xdt27bFX/7yFwDA+fPn8fjjjwe0/kcffaT3kNi7dy927NgRVDuysrLQr18/AEBlZWXQ
s55MmjQJiYmJetvsYUusYg8OIqJ6bM2aNZg8eXLQvS1KSkowfvx45ObmYtasWSG3551NNQdkQuCK
19dCSdSmMJNS61shpPb7RR21mgp7333T6/bKKiUSxpSj+uNUiPZJwLGz6PQnYFevjh7Xyes0BCvL
vguo3T+USWz7UcWlaQpG91LwXpEKg9QKpt7ST0HP9gpe22rDvl8kjAaHCUZqMgsVgEEALRNr7nPJ
Mmw2oOgnid90CCwtsC+t2lRtiIkbRpsBIrkVOk+aAMUgYIMVhhNHcPS1d5FwphI2RcU5JR6pN49C
VXIKVKsRKQAgBAyOD8K+T6H17AiGwWBwmirw7NmzeOGFF3D55Zfrtx04cAAbNmzAP/7xD5w7dw7Z
2dnYtm0bzpw5g9tvvx07duzA7t27sXz5cjzyyCOYOnWq3lXYXpTPPjUeoHXRDbRwIFEsqKysRPPm
zd325HCnsLDQ7RDEQBUWFtaacta+/2BrWQTDbDZj6dKlTrcVFxdHrQ6IfbYNu7KyMp/rVFdX69PS
Os4sEs5tAdqsHOnp6Rg1ahSysrKcikeeOHECU6dOxalTpzB48GDcddddALTPz2j1fHGnVatWGDhw
oH6i7IlrcdQmTZqgT58+MJlMSE9Px/79+/Hdd9/59RzWlVmzZuk9dl599VV8/fXXAa3/7rvv4uuv
v4bJZMKOHTuCGlJ04403Ys6cOfoFsddee83vITKOUlJScOONNwLQpjaui7Az3BhwEBHVI0VFRZg/
fz4yMjKwePFir1N0mUwmpytd9roc7ixatAibN29GXl4eKioqQvsCEwK/fXuzNvKkJtiQQmi/C0BA
gcFeOLTmdm+kBBKyynF+bSoEgC09cmEQnjsYpicEXmy1pELrrfFhkYqJwxR0a21A2WmJ93ar+OQ7
Fe/uVnHqrNYrQro5l5YAzlskEgxarw3Xh2SQwLFTEqp0WzPVK6EqAASkAKTNCgB6AdELDZBQ0S+m
IQAAIABJREFUhIBqUyAFYEnthLZTHoaQwK8/HUWKDbCqEgYroJc2lfb/XNiYEAKipo1qTUP9HRVy
0UUXYe3atU5T4Y0bNw47d+5EdXU1FEXBtddei7KyMowcORLPPfccrrrqKnz55ZeYNm0aPv30U9x8
8836+3r06NFo0aKFHm5YLBbs3LkTmZmZTkV7z549i6ysLPzwww9+P6dEsWDRokUwmUwYN26cU8gR
Da7DQ5KTk7Fy5UpkZWVF5STZ3TCZ4uJi3HLLLRHft509XAiEY69Je72CcG8L0ILde+65B2PHjkVW
Vhbatm2LqqoqfPvtt1iyZAmOHTsGQDvRjo+Px44dO/DKK68E3IZwklLCYrHgoosuQo8ePXwGHa6a
N2+OwYMHo0uXLujWrRv279+P4uLioC/wRMo111yD6667DoBW4PPZZ58Najs//vij3/VHxo8fj+HD
hwPQpu3t0qWLPjRFSok33ngDTz/9dFDtyM3N1QO6L774ImxT59YlBhxERPXMvHnzIIRwW48gOTkZ
EydOxOjRo91WAC8pKcGaNWuwZMmSWgepRUVFmDBhAgAEX+tACIx5/0uoVu1EXDq0034qnda65uqM
qvp99qyqQJOsciwa2wo3GBK8LhvnJfzwpLLm4siPv0rsOSYxdZQBElpNjn+ut0ERNWM2PTRXSqDa
ChiFcC6F4biP8wg44JACMKgCUqqwqarPcaNSqnAduVMrDPFrx4GvMnjwYKdwAwCWLl2K3r17Y/r0
6Xjuuef04VBlZWV47LHHMG3aNCQmJuKee+7BM888g127dmHcuHE4dOgQbrrpJrz77rv6tv7yl7/g
3Llztcb+JiUlYfDgwQw4qEGy171wDDnmz58f8f1WVFRg/Pjx2LJli35bcnIy0tLSohJwuE6VC2iz
gNS3k9m6tnLlSqxcudLtfQ8++CAGDRqEqqoqv6d5j6QTJ05g/fr1OHDgAL7//nv06NEDPXr0CDj8
admyJVq2bIlu3bohPT0de/bswf79++tF4dTmzZvj8ccfh6IosFqtmD17dlSKcfbr169WTTVAuzAw
d+7coC9aGY1GvaApoE072xCwBgcRkReOXWU3b94ctf26CyByc3OxdetW5OXloW/fvtrVeJefzp07
Izc3F1u2bMHUqVPdbjeUQo7Dn3sVQpUwKAqEokBRAIMitLobiqL/HgyDVHDdD7f7XC6Y1gsBCKuE
AJAYd2EbHZMFmsVJqC51NWr92LR1JQDp5n5hkwH33LjQNm1Fx+dNlVIrIqpeeL3026QAVO1HSi0g
8UjWFNyw/3jYtz9cpyQEtIO90aNHIz8/Hxs3btRvb9WqFRYuXIgNGzZg06ZNuOOOO/DTTz+hffv2
ePXVV7Fv3z4oiqJftdy0aRPy8/MxevRotzMHuds3UUPhONW4u9lNIsFsNtcKE4uLi6M2RKWgoMBp
SlxAC0zDMXVnY9C5c2d9Jpl///vf+Oqrr+q4RReUlpbi888/x0cffYRPP/0UBw4cgLXmokggWrZs
icsuuwzZ2dkYPXo0+vbtG3CvkHD761//qk/FumLFCnz++edR2e+5c+dQWVmJyspKp+cyLi4OM2bM
wCuvvIKUlJSAt3vvvfeiY0dtSHBRURHWrl0btjbXJfbgICLyYuzYscjIyEBFRUVUxya7WrBgQcDT
0Obl5SE7O9vnuO5ApHTpqfUugYBBSEhpAIQ2ZENCQnHsXaEofg1RAQCjUHB0yEMeyoo6q1YDr8eQ
0gSwSYGL2wC92yuY/4kV5WcBcweBe4ca8cZ2G8pOSxg9NUACcQpgtWjDUFxLWNgk0DxBq9MRqFBn
Dgn01F8bRhQ+CxcuhNlsxl133YWCggJcfPHFALR6HfYeH82aNcNvfvMbt+vv2bMHd955JwwGAxYu
XBjGlhHFDseeHJ6mBw+X5ORkLFmyxGn2BfvwkGj1oCgpKak1JW60h8mEKpyzPgW6rRkzZqBFixY4
dOgQ/va3vwEAevfujYceegiDBg1C8+bNcerUKWzfvh0vvvhi0LNrhKK0tBQ///wzDh06hJ49e6Jb
t27o3LlzreE45eXlfhXZjIuLC3nWr1CMGDFC7+1w9OhRzJ07N2r7nj59OqZPn67/PXToUNx0000Y
N24cmjRpgmuvvRapqakBHyfeeeed+u//+c9/wtbeusaAg4jIh2gVPPPEbDbX+tIqLS1FQUGBU42O
vn37Iicnx6lwnNlsxq233hq2olFnDh9ASo8+NYGG1qdBQtQUrRRo3byZ0/KKYoBq837lJk4oODrk
f7yfdKuqFpgAKD4XeOGxzi2AeIPEb3sb8cEuGz79ToUigI3fA7cONiDvSiPe3WXDNyUqLDbUmllE
CCDRCJytlm6HqNhUIK2FCGJGEj8OamsKtwpfXUT86UIiBVTFAIMi9GFQgbZ51qxZTu+nI0eOYOPG
jRg+fDiuvvpq/OMf/8DNN9/ss9eFqqp4++238cgjjyA+Ph4bN25EYmIi0tLS9IP9cBXHJaqPXKeU
dAw5IslsNjuFG4A2xj/aw0OKiopw//33Ow3BSE5OhtlsjkrAcfbsWae/ExMTfQ6DcPxcc1w/nNvy
5Xe/+x2ys7MhpcRTTz2Fc+fOITMzE4sWLXIqVtqqVSt07doVI0eOxP333x9wIcxwsFgs+O6773Dw
4EF069YNvXr1Qs+ePZ3ef2VlZXjvvfei3rZAJCQkYPbs2YiLi9Of9/Ly8jprz9atW7F161YUFBRg
8eLFSExMRGZmJq6//nq/n8sbbrgBvXpps9IdO3YM//73vyPZ5Khin08iIi9MJpNe86KuVFRU6F15
KysrMWvWLAwbNgyzZs1CYWGh/rNo0SJkZWVh3LhxTl1/w3mgWLRkARRFaD/C4f9CgQIBg8HgtPzA
8X/0uC0BYFrHoTU9N9yfZUvVBtVaDQkVkFqyMPNw4FOJdmmlYGQPBWeqJDZ+b0OckDAIiXPnJZZv
tWL11zZc2UtB7nADurcTUKWETb0wFa8BQHITgdNV0IeNOP4YFaB/gDOo+EMqqv4DuB9SYjEoUGuG
DPn6kUYDFEWBzSAg7CFHGJrdqVMnbNu2DWlpaXjkkUfQp08frFu3DmVlZbWmMi4rK8O6devQp08f
PPLII0hLS8PWrVvdTg0ZziukRPVNdnZ2reEojsNVIqWoqKjW8BDXHh3RkJycjNmzZzvdVllZGbXh
oD///LPT366ze7jjOIuUYyAUzm1506xZM0yfPh1CCHz44Yf44IMPYDQa8cwzz6BFixZ6/aPrr78e
M2fORHl5Odq2bYtnnnE/ZXu0WCwW7N27Fx9++CHWrFmDLVu2xNRUpH/+85/Rs2dPAMCXX36JY8eO
YdiwYbV+unXrpq8jhHC6r0OHDmFv1+eff473339f/zuQIsX333+//vuqVauCGkZUX7EHBxGRB/aC
b/buwps3b474lTV37F15s7OzkZ+f7zWwkFJi8+bNuPTSS5Gbm4uioiKvM7EE6vjunVCEAikuzCTi
+H/XE9J+t0/EjkW1C+aZEpqjeMAEVLmbsqSG5fwZGBQFUAyQsmZYhQC2VB4JuN3JTYB7M42Yv8Zy
YZaUmqZaLcDOH2zYe8SGGwcb8cDlRuz4UcVH39pw8qy2UIIRaJYAlJ+u6cHhEArYAPTvLNCjbTBJ
gYAqAAgFUqqwT+yq5RgqpNB2JgQAoRVGFUJbR6lphGIwaL087FtU3YQCBkXfrjBoz6kwGCAUA2wB
duHo27cvBg8eDABO46HbtGmDrVu34plnnsGrr76qT13YpEkT/cSppKQE58+fB6DV7/jDH/6ARx99
1Gn7w4cP169m9uvXL6C2EcWanJwcAMCUKVP02yLdk6OioqLW8BCz2Yy1a9di6NChUenJYR+O4lhz
o7KyMqrDZM6dO4dz587pn2OdOnXCkSOev1/atm2rz/okpXQKNcK5LW8effRRpKeno7y8HHPmzAEA
XHfddejatSsArUaE/Qr+jh07cOrUKSxYsAB9+/bFlVdeiXXr1vm1n0ixWCzYtWsXDhw4gD59+qBX
r171PshOT0/Hfffdp/996aWXYtWqVT7XMxqNTss99dRTERmGuW3bNv1zxP4+8GX48OG45JJLAACn
T5+uVY8n1jHgICLyIDc312ksdGZmJsxmc53U4igqKgpovxUVFZg3b57+tz2syc/P16utf/zxx5BS
Iisry/+GSAljQgJs1dWA0Aao2OtvuNalAAAYFK3XQU1AMT1tGP6306WwStV9uCEEqs6cgoCEUJSa
Ipk1iYKQSFAMQRUZBYCurQSqbXCdOVV3pgp4Y7MVhfsFMnsYMGmEEat3WrH/Z4krLzagSxsBm017
vPpjFUBCHDDp8rigiowqioA0KNpMKFK4FPcw6sNHBASkok3JaxCK9nRAqzWqxMU5PSTHLbj2+NBy
EgWKwQDVqECBwbluih/Gjh3r9SrRtGnT8Kc//Qlvv/02Nm7ciF27duHXX38FoBXG69+/Py6//HKP
w1jefPPNgNpDFOu8hRyRUlRUhFtuucWpqGBycrIepEfarbfeWqug6P333x/179ejR4/qV9179uyJ
bdu2eVy2b9+++u+//vorjh8/HrFtuTN48GC9ZsKLL76oX+ywB8EVFRW1hiesWLECTz/9NBITE9G/
f/86Dzjszpw5gy+//BLFxcXo1KlTnbShurrar+Vat24d1DTAwRo+fDgyMjIAaBcFfH0nnjp1Sv+9
WbNmXpa8YNKkSfrxwUcffYRffvklyNbWTww4iIhiWE5ODtLS0lBRUYH8/Hy3V76Sk5Px/PPP62Ob
7VzHf/tr46OTcPmchdpJdc1J+YU6HM6EEJh2yx9w77fH0DalAyAAq1ShnYYLCKFAShvOnC6HzVoN
g1AgFIM2S4tUoEJqJ/9CQkLipj2rg2ozoM2ektFNwd5Sm9swwn7TD8clfjiuommCQJUV6N5O4M/Z
RiTGAXdlGDH3/WqcrrI/PiC7Txwu6Rz0FCr6jrWaGNrven5SEwBoPTcUGISAUBRtulpo40zVOCMU
Ca+z1zgGHQaDATb7viEgQyzaNnfuXP2gefjw4Zg1axa+//57vPzyywC0Ay77/ddff70e1vXv3x89
e/bErFmzsGnTJgDAlVdeicceeyyk9hDForoIOXJzc53+rqysjFrNqYKCglr1dWbPnh3Wotj+OHDg
gB5KDBkyBMuXL/e4rP2kEwAOHz4c0W25M2vWLMTHx2Pnzp34f//v/+m3JyUlAXA+0XVUUVGBxMRE
v09+o+nMmTPYt29fVPZ18OBBWCwWxMXFAdAK6/rj6NGjWLBggV/LNm3aVP93ZbPZ8OKLL+r3ffnl
l35to3///vq//eLiYp8Bh+PQF3/+7ZjNZlxxxRUAAKvVGrYabfUJAw4iIg8WLVqE7OxsvQtvYWFh
nc6k4ur555936sI8ceJEZGVl1fqCW7Bggdep94YNG6b/Xlxc7PML8tiXm7Xzcv2EXNR0MXV/onx8
6iM4dMNdOHbyKOKEAfGKEcaaEMMoDDAoRhgVBYowQBpqqnHYh7vUDNUAtLoY6yr8OxCsqqpyGt8M
aDU4xw4yoPCAqoUc8NhkAMDp81qPCWkTsNoAxAGdWgg8dHU8zlskzlmAZk0ErumrIN5Qe/2qqiqf
7VRqkgx7AGH/v14Xw3Ea4JqwQyja4BRZk9IY4hL07bjSt+dYB6OmdorrPoP1zTffYM+ePQAujDv/
6aef9NvsB5MAsGvXLlgsFgBaUbOePXuiuLhYXzY1NTWkthDVVyaTSb/ivnnzZrfTeLsLOSLFdWYu
+/CQaM1eUlJSgilTpjjVILH3NIxmyLFp0ya9F+OoUaOQmprqsXikYy0ueygbqW25evDBBzFo0CBU
VVXpvTDt7LUT7ENeXNk/gxtSjYVgrF+/HqtXr0aHDh1w8uRJvPPOO36td+zYMTz77LN+LdunTx89
4FBV1e/1HO3evVv/vUePHujTp4/XMGbEiBH673v37vW5/d///vf6TDYbN26sV8e14cIio0REHhQV
FeG3v/0t5s+fjylTpgRUvCnSzGYzcnJyLpz8CgGTyYS8vDyn5WbPnu2zQOqqVav0n8zMTJ/7lqoN
m5/8ExQhYHApNuruVFm1WjF5aFpNaAGoUoWqF+gEALXmBFy7DTX3a3eqWvcFVWLiwbWw+TlW137C
7Kp9ssBzY+PQvb1yYTIU6f5HQPuSPHBcxWd7bFi0wYppK6qxZIMFq760YtN+FZdepKBVU/cBgac2
OHJ9NEIIqAbh9LoKoUAIBVAEVEVAGi4soz33CoTB/Q8UASii1m2OoUaoNUYdh5nYf3csNuu0L5ee
JK7ruxapJWooHIvolpaWelwuJyenVuHRcMvIyHAbbkT7RCc/P79WmGM2m5GdnR3VNth7PqSmpmLe
vHm1pjEFtN4T9t4Z58+fd5r5JRLbctS5c2c8/PDDAIDly5dj586dTvfbi3W2atUK6enpTvf17NlT
D46PHj3qdT+O7EE0oNUXOXXqlF5npL7/2EMlxxllAODEiROYM2cO5s6di+nTpzsFCXXhnnvuwYwZ
MzBkyBCn2zds2IBDhw4B0MKpZ599Fm3btvW4jSuvvBKAdiHj3Xff9bpPk8mEMWPG6H8vW7Ys+AdQ
j7EHBxGRFyUlJU61LOoLTweAjj01cnJyMHHiRL+3uWLFCr8Lkh7esBZCVSGMhpoaHAAkoErptkdA
xp+ewFVXXIyN7S6HClkTcghIoUJVFQiDhKJV9IAqJZSaISlCStggoULFf8sP+v1Y3nzzTQwYMMDt
fR1SBObeHI9Z71qw96hWB8TTSb4EkJokcLZaYtkmK6osWiTRvqWCB68yolc7z/GAP7Uk5v3zn/if
8RPQIrWm4r7bXhU1AYe92Ki9e4cefniag8YztWaFispKPP/P0IqeuXucl112mdsCez/88INf6xM1
NCaTSR/+UVJSgtLSUrczBwGR78nh2DuirsINO3u9D8dQJ5pTs1dWVuL555/Xh8uMHj0aH3zwAd55
5x0cPnwYbdu2xZgxY3DZZZfp6yxduhQHD9b+PgrnthxZLBZ88cUXMJvN+Pvf/17r/g8//BBTp05F
QkICZs2ahQceeABVVVVITEzEjBkzIITA6dOn8fHHH/v9vJSUlGDgwIFISkpCRUUFdu/ejaZNm/q9
fl2y90KyBweOQ3dOnDiBEydO1Em7HP3xj3/EtGnTAAB33HEHRo4c6TSrzDPPPIMXXngBcXFxGDBg
AAoKCvDee+/h22+/xblz59CpUydcccUVGDlypH68sGbNGnzwwQde9ztp0iR9SNPu3bvxySefROgR
1i0GHETU6DmOha3LbQTC08Go65XB+fO1GUxMJpPXivzFxcWBjfeWEv83egDuWrsLouaquxQqLDYb
4t1csRJCwf0bv8MVV1yML9pdDjiFGSqkFFBVCSHsFTwvTMFqkzakF70eUHHR9evXQ1VVt0UsAaB7
G4HncuLw9k4Fq3ZYUVYpEaeVpHDqViEB/NZswKFfJc5USyQlCPy2rxF3DzOgW2vPsYKqqli/fr1f
be02aCAAoFnTpigp2gsocC5k6sAgRNBFVgFtsI8UQM9LBuP0mTMhbMmz9evX48cff/Rr2fT0dH0s
MFGs8xYSuA4TzM/PdztMxS7QkCOQgKKoqAhjx45FZmYmCgoK/FrXUxjji+vUs+72lZ+fj6KiImRn
Z6OgoCBqw2TsFi1ahLS0NEyYMAFCCPTt29epCKijd955B3Pnzo3KtuyOHTuGSZMmISUlBadPn651
/8GDB7Fs2TL8/ve/R1ZWFjZv3ozDhw8jPT0d7dq1AwC88sorAU3L+umnnyI7OxvXX389Pv/8c5SW
ljr16qjPUlJS0KtXL4wbNw7fffed22C9rjnWQGvevDm6d+/u9Pq89957SE5OxuOPP45mzZqhXbt2
tWrmOPrkk0/0Xj6epKSk4MYbb9T//r//+78QHkH9xoCDiBod16tDrsM6IrGPcCsoKMCWLVuc6mdU
VlY69TZxrISfmZnpMeAoLS0NaviNVFX8+7f9cM9nRVqxUCjeT74lcGfBTmSOHoi7m12Eh5O7Qq0J
OvQzemkfpmIPQFR0Lloe8En9V199hSNHjtQ6uHbUPlngf0Yacd0AA17bbMXne1WUn1Ht9U8BCZjT
FPTtbMSSjdW40mzE/ZcZ0a+DgK+yFUeOHMFXX30VUJtPnzmD1Iu09sbHxaNk3z4YDdowFHmhFmlA
vTWkNoENrKoN3QcMQFUUDlBnzZrld9G4nj171puq/kSh8hYUuIbgixYtQm5url7jyZ1AQo5Ae2AU
Fhb6/J5y7GWSk5OjtydYpaWlHmtrBDpTWLjNnDkTO3fuxIMPPgiz2VwrHD9w4ACWLFmC1157Larb
cuSpiCgAPPHEE1BVFffddx/at2+P9u3bA9CKeC5evDjgnqgbN27EunXr8Pvf/x7dunXDvn379Om7
6zuTyYQBAwagR48emD9/Ps6dO1fXTarlo48+QlZWFhISErB3717s2LGj1jLLly/H9u3b8Yc//AGj
Ro2q9VkhpURxcTFef/11rwVt7SZMmKDXyTp69CjeeOON8DyYesjlWhURUeOQl5fn9epZKObPnx+V
YS1CCEycOBEZGRkoKirC4sWLPR4Amc1mrF27FoWFhXqYceTIEVRWVmLs2LEhjUU1JDTBPZ/sglS1
nhe+ilZaz5/D8uxBgKpiQZtBGJnYBkZhhMFggFExQBEGKIoCgzCix763UK2qeuagBvCV9eKLL+Kh
hx7yq4imBPDraeCHX1X8UiFReR6IMwJ90xTEK0C8EeiU4jvYALSDjpdeesnn1RR/DR40CAXvvo8E
gwFCca5noQgFFb/+6jb0sEHiuttvw45vvglLO8aNG+dXJfkrr7wy7AHHlClTojJ1JVGoZs+e7XFo
4NixY51CBX/rbdhrVXj63lq8eHGtwpPhkJ2djSVLloRtexMmTPB7GGRd6tq1KwYMGIAWLVqgoqIC
e/bsCTp8Cee2/NGmTRtcccUVaNmyJcrKyvD555+jrKwsqG21bt0a48ePh9lsRnJycphbGlknTpzA
e++957MmRV1KT0+HyWTCjh07fIYwRqMRmZmZ6Ny5M+Lj41FeXo4dO3b4PQNPY8OAg4gaLW8HosGK
1IFmOGRnZ6OoqEjv/puRkYHS0tLwdAcWCsZv2gdps/m7Al69ohcgJRQIXBTXFMs7XoYOhiRYIZAU
Fw/Td29CBXBsyEP4seoUzlgtGFX8lt9NGjx4MN5//32nKdSi4dixY7j++uuxffv2sG+7f79++Oy/
H2gzxNQUGK349VcANTOyxBmRddON+CYCxdP8DTg2bdqEX375xa9ttm3bFsOHD/e5HAMOihXJycnI
y8tz+91SVFSkz7Jhl5GRgby8PJ/DHPPz81FaWlor4LBfnY/UrCO5ubnIy8vz2tPEF3vvwoY4HWVj
kJSUhM6dO9d1MwLiz2wi1HAx4CCiRi05OdnrFKqBKCoqitrUdvVVavfeuGHxan1KU6+kxOHN6/DZ
9IcgpTaniTZziYAtDF9NQgjk5OTgySefRNeuXT3W4wgXVVVx8OBBPPbYY1ixYoXT1KyR8MCkSfj7
k0+jsvwEZv/tabzy6tKI7i8zMxMrVqyI6D48ycnJwRdffFEn+yYKhslkgtlsrvX94qnmhclkQlpa
Gvr27evxavmxY8f0wNY+pCMa9Srs35P+zLLlavPmzfxuJKKoYsBBREThJQTSho7A1U//C1AUn0NE
pGpFyebP8en0hyLQFIFevXrhvvvuw2233QaTyRT2oENVVZSUlODNN9/Ea6+9hr1790Y83KgLQgi0
adMGbdq0iep+jx8/juPHjzfI55SIiIjCiwEHERFFjFAUNO9oQterr0OXq69F8/adIAGc/ekoDnz6
AQ5+/D4qjx6GVNWItyUpKQlDhgzBVVddhZycHPTo0QOGmhlgAmWz2bB//3689dZbWLduHbZv344z
EZqVhIiIiIj8w4CDiIiIiIiIiGJeZAckExERERERERFFAQMOIiIiIiIiIop5DDiIiIiIiIiIKOYx
4CAiIiIiIiKimMeAg4iIiIiIiIhiHgMOIiIiIiIiIop5DDiIiIiIiIiIKOYx4CAiIiIiIiKimMeA
g4iIiIiIiIhiHgMOIiIiIiIiIop5DDiIiIiIiIiIKOYx4CAiIiIiIiKimMeAg4iIiIiIiIhiHgMO
IiIiIiIiIop5DDiIiIiIiIiIKOYx4CAiIiIiIiKimMeAg4iIiIiIiIhiHgMOIiIiIiIiIop5DDiI
iIiIiIiIKOYx4CAiIiIiIiKimMeAg4iIiIiIiIhiHgMOIiIiIiIiIop5DDiIiIiIiIiIKOYx4CAi
IiIiIiKimMeAg4iIiIiIiIhiHgMOIiIiIiIiIop5DDiIiIiIiIiIKOYx4CAiIiIiIiKimMeAg4iI
iIiIiIhiHgMOIiIiIiIiIop5DDiIiIiIiIiIKOYx4CAiIiIiIiKimGc0mUwe7xRCOP3flZQyIo3y
Ryj79vR4Gjtvz2lDfc4CeR8JIZyeh0Dfg67LO/4d6L+1UF4PX+2uz691ON+jgTyn4Xz+wy2Sn8OB
PCeBrOtr/fr0/Pri7t+xP8v6s3yw7fB1v+vnjf0+KaXX+9zx9dkVqlj+vKL6g+8TIqLQ+Poc9Xa/
632qqob1+NX1WMToz0p1GWQQEVFk8KC/8XD3Wjt+t/N7noiIiDypz8eMrm3zGnDwyknjwteTyD3X
fxv1uUcH1V/16X3kb6AhhHDq2eFpGSIiIqJoUhTnahtCCKiq6l8PDgo/niDFpkh0p4rGvoiocXMd
XsfvHCIiIoqGaJ3T2PdjjNWDnHC0uy5CBk8vsP32SLYhkj1yPLU/HI8rlHaH8x9UoCcFgdb38Lae
6/j5UE5QQn2PhVI7IdT3YDj/fUTqtQx0+VAfk6+6Ld5qJ9Tl+6i+1pEJdNuRrKPha1goNCxRAAAg
AElEQVSJu2X82Yb9tXfH0/J1JVaPUShwfK2JiGKTlNLr8ZNjTwtfywZCVVWn7du3zR4cdYQ9OGJT
IAUFfWEPDiKqK/zOISIiomiwBxHR2j4DDiIKG4YyFKvsqT9P/ImIiIhiFwMOIiJq9BjOERERUUMm
hGgUF3IYcDQC9m47sfqGDqXdkaw3ESpv2w537RDHK9ORfh/E6vvMm1h8TA159otA66f48/73VpeC
iIiIKFY1lmDDjgFHA8cD9vor2q9NNLrfN6YPT4ot/rz/+f4lIiKihizYY51YOqdkwFHPhDJDhad1
YukNSbGNNQyIiIiIiOqfxnKMzoCjHvE0Pajjm5EhBwUq2h9m4Q7piELh73vOvhw/K4mIiKihaIjH
3r4eU1ABh/0AsCE+YQ0VXysiooaPn/VEREQENNzaGxEJOADnq1yx+sTVRbt9FfzzFB7VZaHNUPYR
q+8Nu/r6vAe67UCLMkaKr23H+vulPrE/156ec3+KkDYUjo/R9fnw9FlrL07qeFu4n6tge+R5u93X
4yOqK3wvEhFFj6Io+u/2Y7762kvVsa2uXI/H/PkuCakHBxGFprGcYBJRdPDzhIiIiOwa4nFBRHpw
sKZD6AIdF04Ni2MaySFfREREREREoQt6iApPxoiI6j9fw+KIiIiIqGHwNtyjsQi6B0dDVpd1AkLZ
djjbHY1x3PZeDKFu29v69bXmg+N4+fr27ymS78FYVV/fR4DvWWsa6msSLNfXijUriIiIKNa5CzYa
6zEgp4klt6JRRLax/qNzxJMpijS+x4iIiIgaB9di6YEW6GwIGHCQW77+AYTjqmdjv7rcWD5kqHFg
TwgiIiIiqmsMOCgo4erhwZMgooahIUwd7qqhPA4iIiJqHBrKxWNfQ4q9YcBBbjX23hUUHL5viIiI
iIgCF+qFFcfafu6Ox33VbauPHNvlbxsZcLhRX19gX8Ld7kjPvhCN5zkaQ23IWShFX+tSONsWSuoc
yr4cx1p6a0+w7XLdl7d91GXRY2/L+7stx7DO2/qBtKs+4WcfBYPvEyKiyAq12L+ngKM+F8x35O24
zNv9jhhwEBHFIHcn3xRefG6JiIgolqiqWtdNCAsOUSEiakSklFBVNaA0m4iIiIgo1gR6nOsz4OBV
QiIi7+pi6E1jmu6LiIiIiMgfXgMOx4N2Bh1E9UesjKNzVZftqs/1PwIVrWKu0awlQnWrodQWISIi
ooYnkHpyfvfg8LZhIqLGrC4CJw5PISIiIiJy5jXg4IEzEVH9xM9nIiIiIiJnLDJKRNSAMPggIiIi
qjuKotR1E9yqz/XbwtkunwFHfX0SKPwiORypvo7vjtX3dyy0uzENb/P1+KL1+D3V5ghX7QzHxxHp
ehyOc7m7zunuum/X5zeQ59vXtlw1lPdyQ3kcRERE9UWo362ROrbyZ1izt/s8HX/5u76vtjmuG+h2
3C3PHhxEFHYsRkmh4PuHiIiIYk04Lh5EOuQIhae2hdIzJBIXXBhwEBE1INHsZUFEREREzoI5abf3
XI3ksVt97r0ZzrbVzwFCREREREREREQBYA8OIiIiIiIioijw1EsjGvXNQuGteKo/NTyiJaSAI9TG
1uduMrHI1+sRyvMdaCE+il2RfB9FEodjxBa+XkRERNSY+CrWGaljIymlU/H2QIVagD3aBdzZg4OI
iIiIiIgoCurqIk+w+/U1C4uvgCKmenAQEYWbu5S5vvYaISIiIiIiz6J9HB9ywBFKd5e64pgixVrb
iRw15Pey/bGF+3FFarsNAZ8bIiIiosjyVMvCfpGvLrm2TVXVOmpJ8IzBjrd3fAGCPSj2tu9oHWDH
YkDjSag1Nty9Hr66JNUHDfkkPxDhei+Hug137yN/PyM8vZb+PDZ/2u24fdc2eZvb29/tB7L/aLxX
A9mHu+cmXNsOF3/3GcrBQaj1hurD9xo1bHwfERFFlrdimv7wdSxQ1yGGJ/bH7dhGx9tiRaMbohJq
KENUn9S3cCdcH9juHktDCiOpYaqvByxERERUf3g7zq3rYwkhRK2LjLEm6HjK9cHHilhsMxGFh+u/
f34eXMDnhoiIiIhiXVh6cMTigXAstjmS+HzEJr5uweNz5xmfGyIiImpsGsPxj7fyE47/97V8fRZy
wBGLD5qIIiOSXevC9VkTzBRXjeVzrrE8zkipD11LiYiIKDjROA7ydpwQ6WMIbyMwGtLxS0gBR32b
89Zf9fkgPtiir+FQV89LqI/Z2zix+vxah0N9fHyhtKkuC2/W18+raHJ9bmL1OQm14HJd7ZuIiIjq
hrsCm5FQF7OS+FNaIhaLiXrS6IqMNkYsqBob+DrVLT7vFG31rUgwERFRY6QoitP3cEPtkentWKMh
PV4GHA2c6/SvPIiun/g6ETU+ja3HGRERUX3jOCVsQw02/NGQjkEYcMQgnggTERERERGFLlZnByX3
jO5OliNdzC8YjeVKV6CPyz5nsrft2ZepD8+Zu3oZ7sb9O97n6zF62r7jPjzdHw7h2EegjzOSvL0u
7m4n/0X7uQtnfRuKjEDmmufrQUREFH6u37/evo/rooaGvxx7o7iK5DFEfTt+YQ+OGBRoDw4eFMcG
vk5EjQv/zRMREf1/9u49bI+iPvz/57l5jEQgEOQUSCFYBBOSSpUKVETUimChYFRqifVwga3WQ+sf
bUV69dsW8FDbYmk9ANqqlYNiFYvSFtLWAmIBgSgkiCBCCQGRY0II0HDfvz/y27DPPrszszszO4d9
v64rl/Lc972H2dnd2c/OfAZwiwBHgto2imlEp4HjBAzLUHomAgAA9KW5HwsAAAAAAEAiku3BMeRE
m0PM8Kva36EdfwwDOU8AAACAdpIMcNQ97KbyEOAqCUsq+2urTSBnKGWCYXARxOWciFtMyYUBAABy
wBAVAIgUD7754xgDAAC4MTU1lWYPjvIQDRqHAHLEtS1/ummtAQAAYKZoVyUZ4BAZXuN/aAGd8n7S
6MeQ6c75Iecjyp3JdX9o9wYAAMqmpqa23gPH47Hx70ajmQMZYn3eKG9nm/0bqqR6cDS96UqtUVds
b5vpASeTSfCHmLa5Q5q+b3LxSC2Jqo/j4SpXSxdNy07tXAsxBaeLdbap+7bnSch6FquQ+9wU2DW5
/pPLIx8cRwCxKD9cF88joZ9Jyuuurn80GmmDANXAhsiWwEFsgYS67az7W5nqeLR5Ydbl97GYTCbp
BDiqUilkdFMOBHGsgWaxNDQQBtdIAEAfYk6M3fQC2fVvQqBXe3vRBjhyiSK5kEKPBt2b667bb3Lx
GVJdQDcxz7xk0+sjln2Ae6a5pqgDAAAfit4C5ftMCs8kOkXvjHJvCF3PiFhwz1crAnDRBjgw09Ar
9ND3H/bo6YDUEOwCAMSkOiwkhqEcXVUDHdXe46kHcoaMAEcCquPdCjRoATM5z7yU2/6oDC1IVe3B
Vrf/QygHAAD6pAtwLFy4UP7gD/5AFi5cKGvWrJFPfvKTsn79+h63sN68efPkAx/4gCxZskTWrFkj
X/jCF2Tt2rWhN6t3UwsXLtx69GJqMOU+RKVtktHxeDzr+PRZBm2jmG2GqPjcjxCJJl3Ivf73oVqG
1QBHH8lhTdYRso6mVs+Kty11icVyVw50D3H/h4RjCyAGdUNUqu2GkD04yvfC8guBum0yGepZfanQ
tG8LFy6Uyy67TObNm7f1b+vXr5e3vOUtsmbNmg57Uq+u/FWWLFki559//qztOu6442Tt2rWDSTLK
EJWEpFKpfCEHR73p6Wk54YQT5OUvf7ksW7ZMdt55Z9lhhx1kNBrJU089JU8++aQ8+eST8sgjj8h9
990n69atk3vuuUfOO++81ut64QtfKMcff7wcdNBBsvfee8suu+wiz33uc2UymcgTTzwhGzdulMcf
f1x++tOfym233SY33HCDfOc73zFe/utf/3p51ateJYsXL5YFCxbIDjvsIHPmzJGnn35a1q9fL+vW
rZM1a9bIypUrZeXKla23X0Rkjz32kJe+9KVywAEHyN577y0LFiyQXXfdVebNmyfbb7+9PPe5zxUR
kccff1zWr18vd955p1x//fVy2WWXyZ133tlqXfvtt58ceeSRcsABB8jChQtlt912kx122EG23357
ec5zniPbbLONiIhs3LhR1q9fL3fddZdcf/31cvnll8utt97aaf9yVK3j8+fPl3nz5nWu4332Atlv
v/3kla98JXVggPbYYw95yUteIvvvv3/ra81Pf/rTVuvab7/95IgjjmhVz77//e9TzwC01tSrPHZt
XzipAjcf/OAHZwQRRLb0nLjoooucBzlM1QU3iu165zvfKaeffnrv2xRStD04ctf2rW35zaXpb1xy
NU2syW/rlmMS4KhbTs49ON71rnfJ2972Ntl7771bL3+fffYx/u7BBx8s73//++UVr3jF1oayiZ/9
7Gfyspe9TPu9k08+Wd75znfKL/zCLxgv+4477pBzzjlHvvrVrzZ+p64M77777k514Omnn5Zvf/vb
cvbZZysDHeV1dl3X5s2b5YorrpC///u/l5tvvrn1Mu6++27l5+Vj3yVa32b5tlzX8aJhds8997jY
vMb1FO66667OdWDlypVb60BBFZy56aabZOedd25c5te//nX54Ac/aLwNH/rQh+Q973lP4+cPPfSQ
vOQlL5n19671Q/e7rrquz7Yedz32xbXm7/7u74yDqj/96U+t6tmnPvWpGfXM1F133dX6N00WLVpk
9L2PfOQjctJJJ2m/d8IJJ8iqVauM13/QQQfJJZdcov3eypUr5ZRTTjFapq58VPts81sXvy+kVN7w
I5VpYlU9OMo9IZraPW16onzlK1+RQw45pPYzlz05THtwNAU3Ctdee62cdNJJg+rBMSoqRyobPVQc
IxQWLFggX/7yl+VP/uRPOj34mShuYH/4h38oF154oRx55JGtghsm9txzT/nKV74if/qnf9oquCGy
5Y3lJz7xCfnc5z4nO+64o/Hvup5Dc+bMkTe84Q3yzW9+U44//niv65qenpZjjjlGvva1r8k73vGO
TstInYs6Xm6IhXrjZFMHjj76aLn44ovl7W9/u9FvfvSjHyk/f+ELX9hqG/bff3/l57fddlur5Q2N
7bXmkksu6eVac/TRR8tXv/pV43oW2k477WT0vV/91V9ttdyXv/zlRt9rc7/JAeWNmOlero5GoxlB
guq/rlTBi6Inx5IlSzote2pqasZ26+iCGyISZU+9uuPR9V+dUd3KUlDXeFX9i03bk8zkgOr22aa8
2lYu24pZXo7p8kzKrW2ZhNK0j0VQ4BWveIWX9Zb3+5Of/KS8733vkzlz5jhfz6JFi+TCCy+UQw89
1Go5r33ta+XCCy+UXXbZZdZnLm9mhXnz5snf/M3fyPve977az12ua+7cufLnf/7nctppp1kvq4nN
uenLggUL5KKLLvJSx4vM6Kmo1gHVsdG9gX/BC17Qat2/+Iu/qPy8yxt/mJs3b5789V//tbz3ve/1
vq65c+fKn/3Zn3m91rhi+sB90EEHtVqu6feH9sBNeWM8Hm/9V80DZXs/LR7ku/4rb0s5b0Y1QFDu
3VH8r+lwlDpnnXWWbNiwofHzIsixdOnS1vtULtO6Mi6XvUlwY8OGDXL22Wd3ftb00SYsP9v5MJlM
6MEBpGLu3Lny2c9+VhYZdi218f/+3/+T5cuXe1v+2Wef7Ww/DjzwQPnbv/1bJ8syMT09LR/84Afl
2GOP9b6uqalnhyINgcs6HlPA0oZpHbjhhhuUn2+33Xa1Q0rq7LjjjrJw4UKr9cFe39eaU045Jfpr
jekDb9u3p4sXLzb6nupBIkeUN2JWfXatBip0z7dF4Kat9evXy2/+5m9qgxwXXHBB63PD9Ll88eLF
RsGNk046KYrZXapc9t6oKyuz/i9AQNWKXH1gSfXBpa33vOc9rd+SdPFrv/ZrXrsr/9Ef/ZG8+MUv
drrMww8/XN797nc7XabK9PS0nHHGGdqHQBempqbkwx/+cOfujl2FCBD0VcdTY1IHrrzySnnqqaeU
y3npS19qtL5DDz1Upqebc5A//fTTcvXVVxstC3amp6fl9NNP7+1ac+qpp/Z+rWnD9IF7r732Mg6U
7rvvvrLXXnsZfXdoD9yUN1BvzZo13oIcOm2CGzEOTxHxn6yWAAeQgPnz58tb3/pW7+vZfvvt5fTT
T1c+3NjYb7/95OSTT/ay7A984AO9PAQU5s+f31tQZe7cuY3DYnzqM7jRVx1Pla4ObNq0Se644w7l
Ml70ohcZrWvZsmXKz2+//XbZuHGj0bJgr+9rTR/DYroyfeCempqSI444wui7RxxxhHEv5uc973mD
GjZBeQPN1qxZI295y1u0QY7zzz/fWZDDNLixYsWK3oMbMQ15ZppYJKU8zs73GK6YHHfccfL85z9f
+Z0nnnhCvv71r8vll18uq1evlo0bN8r8+fNl9913l912223rv1133bVxGW9/+9u1b1Y2b94s//3f
/y0rV66UG264QdauXSvbbrut7L777rLnnnvKXnvtJQsXLpTttttu1m9XrFgh2267rXY/Lr74Yrn0
0kvljjvukEWLFsnrX/96WbFiRe0yC9ttt5389m//tnz0ox9VLl/l0EMPlccff1yWLFkib3rTm2T5
8uXKYM8JJ5wgn/zkJ+XBBx9sva6XvOQl8uSTT8rSpUuN1nXUUUfJfvvtp32IdaXv86pNHf/3f//3
rXV85513nlG/dXU8Jq7rwOrVq+XAAw9s/L1polFdgtEQU+B18YMf/CD0JjQ67LDD5PHHH5fFixcb
Hfvjjz/e6lrz1FNPyYEHHhjltcbU3LlzZfvttzf+/i//8i/Ll770JaPvtbH33nsPIgcN5Y1UFcNO
VIk6uwxNqbN69Wp5y1veIhdddJHssMMOtd/Zcccd5fzzz5cVK1ZY3T/bBDf6vk+b5lQ0/b4tAhxI
zhACGlW6ZJyPPfaYnHLKKXLdddfN+PumTZtk3bp1xut585vfrPz8kUcekT/6oz+Syy+/fMbfN27c
KA899JD2gnr00UcrP3/ooYfk3e9+94z9eOSRR+Smm26Sb33rW3LeeefJ7rvv3vj74447zirAcd99
94nIlim1rr32WrnxxhvlIx/5SONNcocddpDXve51cv7557de10MPPTRjXTfddJN85CMfaazfz3nO
c+Soo46K7qHDFZM6fvLJJ8+q4/fee6/ce++9M/5m2+PE5VS3Kq7rwKpVq+TEE09sXJ9polFdIMRH
4KBtmS9fvlzOOuss5XfOPfdcm03yqrjWXHfddXLdddfJTTfdJGeeeabyWnPUUUfJBRdc0HpdDz/8
8Ix1rVq1Ss4880xlPXvta19rfa1xnS9qn332aXX/VwX7unyvsPvuuw/igZvyRupcBTF0+ghyLF68
WC644IIogxtlTdeMvtMJRD9EJfUEcfBrKMEOXUKuL33pS7Me/No68sgjlQ9AzzzzjJx22mmzghtt
lr/nnnsqv3P66ac37scPfvADOf3005XXgr322kuOPPLITttX58ILL5SVK1cqv/Mrv/IrTtZ1wQUX
yJVXXqn8zsEHH+xkXV34Ptf6qOOxs60DV155pfL82GGHHbT5b7bbbjvltM2TyUSuuuoq5TL68Du/
8zvKz3/wgx/It771rZ62xt6FF14o//Ef/6H8jstrje4YhrzWNNljjz1aff8FL3iB7Lzzzsrv7LLL
LrLvvvu2Wm4qPcRsUd6AuSLIoRquUgQ5uiTlTTm4EUJSAQ6CHBBxOxVnKnRjUP/1X//Veh2HHXaY
8vNrr71WLrvsss7L13VL/dGPfiTf+MY3lN+59NJL5Uc/+pHyO6YzRZj69re/rfzcNK+BCV0wpe1U
n7b6PNd0ddym7qXEpg7cc889snbtWuXvdYlGX/ayl8lznvOcxs/XrVsnd911l3IZvi1fvlwbEIu5
90YT3bXGdOYJE1dccYXyc900wSGoeu899thjs/42PT2tDXi/8pWvnDVcp25ZZbqH+FxQ3mgyxHa4
idWrV2sTj+64446tEo8uWbLEKLhx0kknBQtudJmC1rfoAxzYggBPv2Ir76Yub4X777/feh262St0
bxd1dIGA//mf/zFaju57rrNVr1q1Svn5/Pnze1tXzhnlXdfxWBJdtWVbB3QNHN1Dsq6HRwwZ2d/1
rncpP0+t90ZBd+x32mknZ+vSDTOK8VqjytHTFHTTBfTqPtcF8IbywE15o0ks99QYX4CvWbNGfuu3
fstodpUDDzxQ2UZZsmRJdLOlxNquqm5TtAGOosI2TRGqE2Phd2Xai8V2n3MprzZ0J2osF05VoiQR
N2/bdMNHbrjhBquy0HVL1fXMKNx2223Kz12P+9a9Edc9mOuUz+1qLgnX64pZmzpeN4Vt+VxVjQGN
4XxW0eXM0dUB3Vh1XX4NXSDyhz/8ofJz397whjdog5jnnXdeT1vjlu9rTZmunrVJLtkX1YPuT37y
k9q/L126VLnMunwQd955p/I3LgNNMaO8UTUajbT36rKpqamtv6n7pzMej5X/qt+NwWg0kjVr1shJ
J53UaXaV4lkktuCG7vkw1LNj03ZFG+AA8KwnnnhC+flrX/ta63XoGrS6h28dXeP89ttvNwrk6RLf
uW6Yb968Wfn58573PGfr0s2QMGfOHGfrio3rOp5qDw7bOqDr4aQb5qQLlobOg2KSe+PSSy/taWvc
4lqjpuotd/vtt9f+ff/995e5c+fWfjZ37tzaGYN+/OMfK7djKA/clDealO+nbQIerjUFO2LQNshR
LlPT2VL67LlRiLVtlUwPDjwrhoozJDGWt+5t2xve8AZtDwwdXQDigQcesFq+rnFeXX5TkKOYeaKJ
aipZH1zWF900qbH3PrChq+PLly/XTmGsE8uNWMW2Dlx//fXKMe077rhj4ywGz33uc5WzmWzYsEG+
973vKdfvk0nvjc997nM9bU3/XNZdXbf/GK81qgfuW265pXab586dK4cffnjtbw4//PDah/HVq1cr
91+XLygXlDdgp02Qoxg+2mYq2BiGjMaKAEciUmiY5yS28ta94dh1113l7LPPtmoIqBILuqALcDz6
6KNGPTgeeeQRq/W09dznPlf5ua7nQRu6rPXPPPOMs3XFpo86ngJVYj8RszqgG+7VNE7+kEMOUdZ3
3fAw33S5N374wx/Kv/zLv/S0Ne5xrVFTvcm///77G+8NTTPC1M1KM5lM5JZbbpGnn366cV25X4MK
lDdMNQ1Biakd7Zpq2E15v9sEOZYvX24c3Ag5W0oKCHAkwqQbkGpceoxvY2Jm0/VqMpnIeDx2Wu7/
+Z//qf3Or/zKr8jFF18sS5cujfLY67o8r1+/3qjMdQGOaoZ2W7peA48//rizdf3SL/2S8vOHH344
ymPrgmkd/9rXvibLli1r/E7q10GTOqBzyy23KD9v6gWhSzC6evVq7bp9OeGEExp7nhRSzb1R0PXC
6/taExvVg+5jjz0m9913X+1nTfW6rgwefvhhefjhh5UP3DEmYPWB8oZObC8D+1DkFWnDNMjxl3/5
l9HOlqJrW8XW9iLAATjm40S+9NJLtQnoREQOOOAA+epXvyqnnHJKMg90sdPNLuPyQeBVr3qV8vO7
777b2bpi07aO697mx3KTbctFHbjhhhuUnzfl2dhvv/2Uv7vxxhu16/ZFl3sj9d4bIvqptHXB3TZS
vNY0PXBPJhN5+OGHG4e5NSXOrft7sYynnnqqcTuG8sBNecNUU16GXIIf5WSpqn1V7bNJkEMlRM6N
uv1KpW1FgANJqfaOiPGkapqJxWZ7N2/eLP/wD/9g9N3ttttO/vRP/1S++MUvyoIFCzqtL5SmC2hb
LuvHMccco/zcVST9uOOOk1/7tV9Tfuf73/++k3XFqE0d33777bfWcV1X+y7uvvtuo3+uuaoDV155
pfKN6MKFC2v/rsq/sXnzZrnqqqu06/bBpPdGDrk3dNcaVz1ojj32WHnNa16j/I6La81dd91l9M9U
04Pu//3f/8nmzZsbA6Q77bSTvOxlL5vxt5e97GW1QzBMHrjnzp3rdHrwWFHegNteKl2DHKGCG+X/
TQ0BjoGIMRCQs/IFwVXZf/7zn5drr73W+PuvfvWr5Rvf+IYcccQRTtbftxguqieeeKL2gVP3tlxl
enpali1bJn/xF38hZ511lnJ4zdNPPy0XXXRR53WloEsdv+SSS+SVr3xlsm+MynXgb/7mb5zUgQ0b
NjRO4ygisttuu9Um420KfIhseVjVJfj1Rdd74+abb5ZvfvObPW2NHyeeeKI26ODiWvPnf/7nRvXs
K1/5Sud1+bBgwYLGYY7Fw7Eq6Fj3wF2neGhXPXCLiPzCL/yC8vPUUd7ATK7aGG2DHCGmgi0HN1T/
3UbfL6bdDlZHlAhuhOXygesP/uAP5OKLL1Y+iJTttddecs4558iHP/xhueSSS5xtR5/6fGCdP3++
PP3003LggQfKG9/4RnnTm96kHGv56KOPdp6Ssm0PgEsvvbTV285U2dTxb3zjG563zi2fdWDNmjVb
s7JXTU9Py4tf/GK55pprtv5tl112kV122UW5vBCOP/74LHNvlK81y5cvN7rWfOtb3+q0rrbXjRiv
NarrQfFw3DR1qYjIC1/4whn/fcABB9R+r9hvVQ8oEX0y4NRR3ijYtMGK549UnkP6am/eeuutcsYZ
Z8jHP/5x7XfPOOOMJGZLmUwmUb1g0gY4qpXS5carKnxMhZSKujIrytikq1H5eNQNs9Ctqw/V9cZU
T5rKSFWuba1bt05OOeUU+dznPmf8ALjddtvJJz7xCZlMJkm85TSto7bLqrNq1apW3/+Xf/kX5ZSc
rtx3333yiU98QkT8XoNjOJ9s6vh4PJZvfvObUeyHa+U6YGLVqlXyxje+sfHzF73oRTMCHC95yUuU
5fbDH/7QeN0u/e7v/q7y81tuucXbdc1nPbrppptafb/Pa81f/dVfeV9PW6oH3O9+ZEwAACAASURB
VOKB+5ZbbpFnnnlGttlmm1nf2XfffWf8d1MemuKhfdOmTcrt2XXXXZWfp47yRkH1bNH0efW7MQY4
6vahr7bD4sWL5bTTTjP67mmnnSZr1qxxEuRos3/VZ5i6/64eV9Pn+uoyfWCICpKTWld019t76623
yooVK1p1V54zZ4589KMflUMOOcTJNvhmW2Z91I8HH3xQzjnnHK/rEBHZuHGjfOhDH2rMWJ+jrnX8
Yx/7mBx66KEetyyMLnXg6quvVjY2qg8g+++/v3J53/3ud43X7YpJ741zzz23p60J58EHH+xlPzdu
3CinnnpqlNca1QPu+vXrRWTLzB5NeSEWLVo047/r8s1s2rRpa+4R3Yw1O++8s/Lz1FHegB+LFy/W
TgVbVkwh29Qj0yWTtncqQ1QIcGQulSAA2rnrrrvkxBNPlHPPPVfbtbOw3XbbyUc/+tHasfdoZzKZ
yOmnn24064eNjRs3yh//8R/Ld77zHa/riZFNHd9+++2zyejetQ7ceeedygfVvffee8Z/VwMeZQ8+
+GCQISq63Bs+e2/EYjKZyBlnnDH4a43qAffRRx/d+v+bhk3Mmzdv6wPCL//yL9feB++44w7ZvHnz
rGW23Z4cUN6Ae4sXL5YLLrig9cxAfQY5ckGAYwBSz4SLeps3b5YzzzxT3vGOd8idd95p9Jtf/MVf
lPe///2etyxvk8lEPvOZz/SS0+RDH/pQ5xwfOaCOi5x66qmd64CqS2s1aZ9qBpUQ43+PP/54Wbp0
qfI7uffemEwm8tnPfraXa82pp57aOcdHH1QPuOXpc2+55ZbG7xXT8DZN/f3jH/+4dpl16mYEyQnl
jdxVX3yociC50DW4USDI0Y72aFbffsU8PSfqpfrmEma++93vyrHHHitf/epXjc7Lt7zlLbLDDjv0
sGXuha7Lmzdvlo997GNGiaFc0M3gYkt1fY9prvO+6/g+++xj9K8Pupk1VFR5M/bcc88Z/73XXns1
flf1EOPLu971LuXnq1evzrr3xubNm+XjH/940teaRYsWGf0zoXrALT8c33jjjY3fKxJdNg3Huvnm
m7f+/4cffrjz9uSA8oapWNsNbRTBjaaen7btTpPgxoYNG+SP//iPlbOr2AQ56mZCSb2Hqwo9OIAM
bNy4Uf7wD/9Q/uzP/kz+7//+T/nd+fPny/Lly3vasjxMJhO5+uqr5c1vfrN89rOf7W29xxxzjCxZ
sqS39cVsqHXcpg6optydO3euLFu2TEREdtxxR2VSwWKcfF9+4zd+Y+u2Ncm190ZxrTnxxBN7vdYc
ffTRUV9r5s+f3/hZefria6+9Vp588sna773gBS8QEZH99tuv9vP/+Z//2fr/h96jgPJG7kaj0dZ/
Iv56uS9ZssQouHHSSSfJP//zP2unkKUnhxkCHEBGvvCFL8hZZ52l/d4RRxzRw9bMpMujYPrGfccd
d1R+Xozp7Wo8HsuGDRvk3nvvle9///vymc98RpYvXy4rVqxQvq1qa5999pGlS5fOaCxWzZkzJ6vh
Fi7EXMfb8l0Hvve97ykbSkUD6aCDDqqdCUFE5Mknn+w9wagu98bq1auTnfa6rO5a88Y3vlHe+ta3
Or3WLFq0SJYtW6Z8Sz5nzhx53/ve52ydrqmu++Xz56mnnpKf/OQntd8r8szU5Zt58MEH5Uc/+tGM
/1bp2s08FZQ3YG/JkiXahKJFcKMYCnrrrbcS5HCAAAfQk766633qU5/Szj5RnaNeRB+AsKWbBs70
DY3ue7r1qOyzzz6y7777ytKlS+VXf/VX5Y1vfKN87GMfc/qwUbZhwwb52te+pvzOUUcdJS9+8Yu9
rD9VXet4jDZs2CD//M//rPyOTR247bbbGj8rpm4supLXuf32263OqbZMem+cd955PW2NP4sWLZIX
vOAFsmzZMnn5y18ub3rTm+TjH/8415oGqgfun//85zP+u/zgXLZgwQJ50YteJLvsssusz6rJMh94
4AHl9vh+4A7drX9o5T1kU1NTM3ozVP+lKvR+dQluFGyDHDEOP+l7W1of4TYb2GZcVnmZXR4E+xzv
FdM4M1/rDrlfocu0qzYXE9/7dfHFFys/r2tw6KZp22233ay2aePGjcrPd955Z6NzS5dNXbee2Jx7
7rnKm9j09LS3Xhy6cy3mc7BLHReJM9nyOeec460OrF69uvGzIo9I0ZW8Tt+zp5jk3vjGN77hfTti
rCe2Ql5rbKkeuKuzBTXV+W222Ube/OY3135WfcC49957ldvj+4H7mWeeUX7uO4/W0MrbBVVug9DX
E5/bFfKZyKbMfR4fm+BGoUuQw2SKVxvVY6sr/6by7eOcSDc0h2gfPDBb3w+KN910k/Lzbbfddtbf
irntm6iSEJrQBR50b9yL8iveOnddT2wefPBBbXf7V73qVXLwwQf3tEWzlW9msehSx2Plsw6oeroU
U8WqEqbqytml4447Tn7pl35J+Z0cem+E8uCDD2oTsx555JFBrzV15s6dK9tvv33j53ffffeM/y7n
dqhqSqa6atWqGf+9bt06Za6fbbfd1uvUpU888YTyc585KYZY3q6kGOBw+dDbd5AjxvJevHixUXBj
xYoV2hnKbr31VlmxYoWT4Sqh62Dfog9wpPgmH2jSV12udiGtqms8rV27Vvmbl770pVbbdNdddyk/
V3WTL9MFQqqNr9gVU0GqGrQxv1kNpUsdj9k555zjpQ5ceeWVjXlpiplUqlPGFiaTiVx11VWt19mV
Se6NPnpv5MyknsWWi2OfffZpbJxv2rRpVm6RNWvWNOYbqQvmPfPMM3LNNdfM+rvqoULk2QChD7oX
DqpeV7aGWN5DF2OgwFaIHjWms6WsWLHCuHfkmjVrWgc5YjyO0Q9R6VuqwxWAsur0TL4tXbpU+Xnd
hVL3pvbVr3611TY1jdMtHHrooUbLOeyww5Sf992l3kZxXfvf//1fueyyy5TfPeKII7T7PiRd6njM
7rnnHvnXf/1X5Xe61IFHHnlEfvrTn9Z+Nn/+fFm0aJEsWLCg9vO1a9dqA5+umPTe+NznPtfLtuTM
Vz3zaY899mj87LHHHqv9ezXHg8o999xTm+SyadkF22GbKj/72c+Un+uufzaGWN6ALR/BjYJpkOPL
X/4yiUf/f9EHOIBc9BlBPfbYY5Wf1zWedG9qDz30UHnd617XeZuqXVKrli5dKq997WuV3znyyCO1
Dbs+u9S79OlPf1qZ6HU0Gsl73/veHrdodsQ9piBzlzoeu8985jNe6oCqMXXsscfK9PR069+5psu9
sWbNGvn617/e09bk7bOf/ay2nv3e7/1ej1ukpnqwbXoo1nX9LmtKxKvrRbHrrrsar6MtXY/HV7zi
Fd7WPcTyHrqYcgumyGdwo0CQo51kAhxtHw45WeFb23GHfXUXO+GEE+QNb3iD8jt1wYZrr71W2UjZ
Zptt5GMf+5gceeSRnbbrO9/5jvKhczQayemnn944g8IBBxwgZ555ZuN0liIi999/v3znO9/ptH0h
lOvDHXfcIStXrlR+//DDD3c6/WnbLpyxXD+71vHY3X777V7qwA9+8IPGz175ylc2fnbzzTe3Wk9X
xx57rHb2DnJvuGNaz3w+RLfRlDBYROTRRx+t/fsPf/hD4+U3JclsWnbBZ04I1TkrInLIIYdor4Fd
DbG8hy7FZ6ZiJpTQQ2v6CG4UTIMc//RP/+QlyNEmqWjoITL1r20AROWLX/yirFu3TtatWycPPPCA
3H///fLAAw/Iz3/+c9mwYYPsuOOOctBBB8mxxx4rv/7rv974RrbQFAQ4//zz5Ywzzmj83c477yyf
//zn5YorrpB/+7d/k1WrVsl9990n2267rTz/+c+X3XffXfbYYw/Zc889Zc8995TTTjtt6283b94s
//Zv/yZvf/vbG5e/5557ykUXXSQXXXSRfPvb35af/OQnss8++8iv//qvy0knnaTM7C4i8q1vfasx
30AKzjnnHDnqqKMaj9/U1JS8973vlSuvvLKX7SnflHw3dPqq4yba5HE58cQT5dprr+28rqpzzz3X
eR24+uqrGz876KCDGj9zuV8qutwbIiJnnXWWnHXWWa2XrUqgOmSm9cwmB4uuF0LZiSeeKNddd13t
Z6oH20ceeaT279dcc42Mx2Oj6SCbEvHqhkz4fOC+/PLL5U/+5E9kzpw5tZ9PTU3JRz/6UVm6dKlc
csklcscdd8hOO+0kCxYssJ4ie4jlPWS6QEYM+Rti1Wdwo1AEOc4///zG2ZSKIMdv//Zvt+pdlZPo
AxycWHEaj8czjg3Hya+uvSbq3HzzzY0Pf//0T/8kb3vb22T//fdv/P309LQcc8wxcswxx2jXVQ5w
iGwJoPzWb/1WY6NNZMv0d+9617u0XdarnnjiCfnSl77U6jcxKJ87q1atkquvvlp5vA855BB5zWte
I//xH//Rw9b1p686HrubbrrJeR247bbb5Gc/+5nsvvvusz5rOhcfe+yxxgdO13S9N+BeStea+fPn
N37W9MB9//33y9q1a7WJKZ944onGQF7Tsgs+ZzK5//775dprr1X2otl2223l5JNPlpNPPtnpuodY
3kBbIYIbBYIceskMUUF8Yu++hnqf+cxnlJ9/+MMflieffNLLum+77Tb5h3/4By/L/vSnP53cDCp1
zjnnHO3blJjGx8dIV8dj56MOtG3gNI2TRz7OPfdcbT17z3ve0+MW1VM92DbN3iEi8uMf/1i77Dvu
uKOx15/ugVsVCHDhi1/8YpA21lDLO2Wj0Uj5L2WqfQr1cnXevHnBghuFNsNVVNuZK22ttxmXZTom
p1pBu4zh6XMcUCxjjGLaL5c3YZM8ADGMFYxtvJmJr3zlK/Ltb39b+Z3rr79ezj77bG/b8IlPfEI7
vrit733ve/J3f/d3TpcZyjXXXKMdGnDwwQfL0Ucfbb2uLtf02JnU8dj5qANt82k0jZNPTUrX5771
ea2xoXqwfeihhxo/M3mwUAXyVMsWEe2QSVsrV66Uyy+/3Os66gy1vG1NJhMZj8eN/2xMTU1ZBTBU
26W796t+a7tfKrp9q85O2Oe/3//93w8a3CiYBjm6TDGfurTDegCMXXXVVfLhD3/Y6Luf+tSn5Lzz
zvMSNNq8ebP83u/9nrMHqOuvvz67Hg0m02H2/WY1hYfCNnU8dq7rwPXXX99q/U3j5JGXz3/+89rv
hO7FoXqwfeCBBxo/u/HGG7XLVgX+YnjgPvXUU3vvXj7k8k5V2xfJKYlxv5YsWdL4WV/BjYJJkGOI
s6oED3DU9d4A4M54PJYvf/nL8o53vKNVAs4zzjhDzjzzTNm4caPzbVq7dq2sWLFC/vu//7vzMiaT
iVx22WXy1re+VdswSs0VV1yhnQXkoIMOkt/4jd/oaYvi1rWOx8x1Hfjud79rfC5v3ry5t0S2COuK
K67Q9qh78YtfLMcdd1xPWzSb6sFWNTPX9773Pe1wS1UPlvvvv1/52z66fT/88MNy0kknyXe/+11n
y1RNESwy7PLOFc9Wbq1du7b2730HNwq6IAc5OHrWdMJxIgL2JpOJ3HjjjfKe97xHTjvttE4Pfued
d568+c1vlpUrVzp/cHzkkUfkbW97m7z//e83Grtbdsstt8jJJ58s7373u2XTpk1OtysW//iP/6j9
zrvf/e4etuRZsV2bXdTxmLmsA5s3bzY+z+68807tjAbIR4zXmjLVg+0999zT+NlTTz0ld955Z+Pn
Dz74oHLIxLp16zpvl0uPPPKIrFixQv7iL/6ic56p9evXy1VXXSVnnHGGHH744crvDr280a8UhxGe
ffbZs4IJoYIbhTVr1shb3/rW2u364he/GGSbQprae++9lX3QmTooDsVxCFXmuqEKfW7XEOvk6173
Olm2bJnsu+++sueee8quu+4q8+bNk+2220622WYbeeaZZ2TTpk2yceNGueeee2TVqlXyX//1X07f
+uy3336yfPlyeelLXyp777237LzzzjJnzhzZvHmzbNq0STZt2iQbNmyQe++9V+688065/fbb5YIL
LjBe/mGHHSavec1r5OCDD5bnP//5stNOO8nznvc82bhxozz66KPy85//XK6//nq5/PLLa7vP53rs
faqeSyHLsFzHFyxYILvttlvvdRzp4bzHkExPT8vRRx8thx12mCxbtkx23XVX2X777eV5z3uePPPM
M/Lkk0/Kxo0b5f7775d7771X7rjjDrnuuuvkmmuuCb3psGD70O8zV4YtkzwbXT/3aeHChfLOd75T
Fi9eLLfeequcffbZrV4MNG27zdDwqakpmTdvnnzgAx/Yul1f+MIXtvY4GdL9UhvgQHhF4qKQkU0C
HIAfIc+tmAIcQBfUWQC507X9Yw5gNDFJjhpzgKO8DW2CErptdpX7rm67Qucu6dN06A2AmTaVsVyh
fVXiIZwccCd0DyR0w3EDAKA/5Qf/EDME9i319kXX49M0S2TbgEmT3OuNTvAko9Bre/KXK/XQKzji
UNRD6mM6qtcRjh0AAP4UwY3ym/bRaJR8EADoGz04EtE1yMFFEX1SPQQXkWnMFmvZ9NEbDAAAbFEd
jhLDy4Ui8MLLDjO27aXYjn+KCHBIGuPQTbapKajhIthhO2bMZt2c3O31maek7fGJ9WHeRtdrSLmx
0PU87RqEsO1VY3te5lYH4Af1BEDuqj036u7rIdrC1TwZfW9LrNd/X89TTcffZY4PX2zX6/o5kgAH
AKcISAEAAOTBpkeBKkFqrAEMW/TgCG+wAQ6brtfM4gHU40LcTjlaz7UDAADkItTMj8AgAxw8hAF+
uMr+DAAAkJNcH/aH1kMD8RtkgAOAP9zQ2qPMAADIU3lWFN13UpLrfiF9BDgykutFJNf98inWMot1
u2w1JfZt+tz0s5ilut0AAPQp1/tlrvulYhLUCSXmbesbAQ4AznBRjRvDhwAACCPXNlKu+4V0DTLA
YfO21eRzAIiRzdRjAAAAbaiemWiDwJdBBjj60DZoAgAAAEBtNBqJyJa2di4PyansR3lmFF6U9INp
Y9uLNsChO4AuAwYul9W03cXfQwY6fJZpH2XoY11oj4urXlMdNZme2mVwtEsuEM4vuEadAuBCEdgo
lKdaD7H+trpup89AjslUruVnmOp3TX/btO5YxZI7rRpECjnKIKVlRxvgSB09OAAAAAC3+g5s9GE8
HofeBGP0KOgX5d0eAQ4gQ6lGzDFT3XHk+AEAAAwPbUAzBDgAIGJtuiYCAJCD6nCIlHo4AAiLAAcw
MKrhU/QYiEt57CXHAQAwBEVwo+4eyL0QoZErMH4EOIABMckNQ48BAAAQSl3bg/YIAFN26YABJIUG
AgAAiF25FwdtFwBt0IMDyFDXxgCNiPhwTAAAQ8NshAC6IsABAJ5NJpPG4UAhG200GAEAsWJKzP6k
3h5ou/3UrbxFG+BI+USrO2l0kei2n9d9x1YsU4umfOzLYk1CpFuv7ec5sH1z1HQNqEvo2vYm22bb
dNuty7cyhGMNPeoBgD4VM6aMRuqR9JPJxOmDqm59TTO51A2lmUwm0c/80nYIUGztBJt1t2kfuVyv
LZvttl12SqINcABALujBAQBAO7EHCFJTDeDklFSeHhwoI8CBTsbjcauLSeoXziEJ3fOkeCNTXk8f
9SenGz0AAEChCG5Up94dantHtd9FG7RrECR0OxoEOLwYSsWtzk0OuET9AgAAcKNuGA2QIwIcjtlE
/FLCQyd8Kc4h6hgAAIAbTTm8aG9t4TqnC8IhwOGBrtsTADVutgAAAPaGPBQFw0SAA95xUYUNm8RR
Luqe7YwqAAAAIeiCG7RpkCMCHOiEC2K+Yji2NtvQNSDRNC7VxRTNMZQpAADwJ8bhtdXtiW37YuIq
zQBlHN4gAxzMlhAXjkf+SBhaj/IAACAd1alWq0IMRVdtU055NnLYB/Qj2wCH6QWm7wevpvXo1u9i
+0JeGJqORzXa7Tv63fbGY7MtXIhn8j10pGnZpt9rUp1SzfQ31W2oe4tCTh4AAOIwHo8bPxuNRtrg
humy2lINMzFNzK5qb8TaXu3j2ajMtIxiLS+RuLetT9kGOFToMRAXjkf+hv4gr2uYAACA+DXdz4sZ
OELc03V5NnJpZ/CMAFPmoUjAg1QiorCT+rElAzkAAEC+aOflY5A9OESoxEDfOOcAAEBucukhgWfb
qhzTtEUb4LCtWKpx99VeA9UuZTyIuReqTJni070u4zgp92ZdyqauGyxlDACAH0VOjaY8HL6GpxTP
LUz12g/asXmINsDhW1MiQtNkPQAAAACGw2Xy0DrlAAq9CIBuBhvgCKHuQkUghTJAXoq3OD6nZiM5
KQAAeSm3G3jZCnRHgKNnDIUBhqGPc51rCAAAeSChOeAGAY5AuIAhR0N54xBD/gtmIAIApCjklKYx
Tqda3abyf/tuV6XUfgjV9kqpjIao7vhEG+Do+2Tu42FBdwHzuW7fdDeFUPuVS3nGsh/FdsUw3Krt
+qrb3KYh05SzR7Us3+URS51AHKgPAFKhu175CjToekiEDnDUzeDhYrhrqvcHXVvY57MTzy3pSCrA
kTsqMFJGlmn1EJQhlQMAAH1qmslExH8SUNTTvQhyIdaXf4hPtgGONpWeEwQww/zgAAAgBFVgA+FU
k6OW/6ZCWxK+ZBvgQFpSH6IzNBynYeC8BADEpumeNJlMZDQaBevFYZMkNLX7bF3P1bqh90AIBDjQ
i6YLXTV50lCSVMYs1nwqKVOVaazlWd5mAh0AANQb2uwnddPZts0VUvyOQAh8IMCB4Jg6F4gT5yYA
AGaGdJ8cWlAHaSHAgU5cRVzbjtdDeCn2RkB7HEsAQEyKoSckGQ3PRW9fem/AFwIc6EQ3lKRN0IIH
qbQwhAUAAIRSBDFCJD6va+Pk3u4JuX+5ly38IMDRA5Nu3qmdwOXtVU0NVXfT6bsMcuhmH3JqLCLs
+npsEuzr+rmK73qQ6vkCAMhXXb4H03tp13uuLsdEjvfLNvvquq0Y+gVpjsfTp9jKiwCHZzwchkX5
IzSfSbRIygsAGJq6GTxM7rO+XihwH26P9nl+YjoPCHCgE5eVOKYTok+x9ixR9chp8zv0w6QeVb9D
3hsAQOpCDFGpk/s9lSEqSA0BDjhX9wAV+uYTm8lkEnTYSRtttivWfQjNZgiLimkdqn4v1uAaAAAx
0iUvbTtNKgB/CHDACy7w7cXyBqDLmFYAAADEr2tPXSAVBDhqMEuEvepDss88BCni5tI/m/PW5/HR
bZduWl6TwNgQs74DAICZyj1NurYfgNgR4AAiQAAIAAAgbqPRKPQmWJuamqK3LrJGgAMIpO7mEkOk
vDrNbyq5QmKm64Vhw2YqNY4lAAB6usBGSvdTAhrIHQEOIAIx3Ri58cUppiAYAAAqffR0CNFeyeUe
TFsPOSPA0UGbt7FcCJ8VoixSKv9Q26rqodH0WUrlWmiTW0c160j1u13W1UZ1+FI10NHlWKR4/MBx
AxC/PgIbxYwmxbpSeFiP5fpd97IkVPu8yNGn+g7iEXJ4Vtu6QIADAAAAgDO+pkevW04KAY7Y6IIL
QMrSz5QDDECRC4Ob+DDRCAEAYCbaRXYIECFX9OAAEkCiTxQ49gAAIHW0Z+ALAQ4ASAANAQBALHTj
8WPtFVCdIrXtbwHEjwAHjPSZVDEVbZJW2uKmGlYMyYOpAwCA0EwCBEUS0CYhkhXaBDZSp9vvoZYL
8kWAAzCQ6hSdqW43AACIV1O7YjKZyGg00gY5QqE9BOSPJKOARjmJVaieKsWbhzZvIKrbPcReNgAA
AACGo3UPDpM3wrw1zkfTsSw/LHOc7fge6jL085HADgAA7amGkrS9t3YZllL+TZseISGGwMSkbXtv
6O1EhOe67k23ebgqf1c3f3LKD8CpbW9BF4zoul+6Y2lyk0u1TEVmbnvT/++q6FlRPc/qzru265ua
mjKa51wVvKr7PKVjWddzxWT7XZwrNsvBMFFfAMTAJkBQDUTULatLjg6TYS+q7fZ9fQ15/e4a0Kj+
vu9Ah6sXeCHWnSLbPDQp1XGvPTiQvqZjmXIAqwvf+1gEIro+kDcZwrEBAADuqV5qtc2xUX6ILto7
bdbf5tli6G0f3YurKnpwIDTXda9TiJYTYDhUx3rIGaldc90zBFtUy5WyBQAgLO7FAHxq1YPD9IJk
GplFurg5uUE5+sf1CACA/vhq23A/B2DC2zSxPLjlo2sXQZhp6hqYW2LXkPkpXOQ0AQBgCLrk79J9
Vm4DqIa3qO7X3LcBmJjukrjQxXdE1A/LXMTaqyYJ0v296feqv43H4xk3vtyPk+86apJzo5qbwzR5
qC9dg1x1v+tjH6qNJRKBAgDQzCRPRpt7p2m+jmIoabHu4nfl5KE2gRcAw+CtB0ed1N9AY4ucjl0M
dbJpvTmVc0woVwAA/PHV85chKgBMkuj2FuCoe3OK9ITuPeBSDG/zyzfr3BONNu3r0LYBAAB0w70b
GK7yCAJVXKHXHhzoj88gBDcXtyjPflHeAAD4Y/tCs+n3ubxg68LVsGhAJeT51WYyk3L6hdFoNKtu
9xbgyOnNf+yKg2xzIVP1bMgl6ZPLfDK+t6P6PV2+labvuTgHbcbk6rqVxVTesS0b8eP4A4hFOW9F
HV1eDNO8Gbp1t2mLFj1rR6PRjPWXc3HoemHmeB22zTtiOrSnnHslhXJMYRtd053XXYV8Jmqz3Opz
TdOzaK89OIZYEQEAAIChsAmOqH4/Ho+9PeDFjmco9CGFHhwmvyPAkaGUoq+hpVJGrrYz1EwmAAAA
CIMcZBgScnBkim74aGI7cwzHHwAA+EI7ww/KFUNBgCNDPi5gqrF79BappxvvGKLMmGINAADEyCS3
G+3N7ig7DMUwB7KhtaahDS4SmiIMbnQAACAmtE0A2KIHB1rj5jNsquNPoAsAANignQnkrWnWR1fo
wQEMTHn+aAAAAADog8lQNFv04ICRIc03DgAAAD+apnqlTQnkq3x++37ZOUjQ2AAAIABJREFUOpgA
R5uZI9omh1R9v8+LddvhAW32o+77ur8PnU25mB4L03W02Rab7fZdF2xngAFsUe8A9KUpEFAYj8ed
Pgup2CcSiQ4Dx3I23Xnti+5Y+HpuqQYziv/f5rm17bYNJsABOwQ3AAAAYIuhssDw9HnOT8c4lSXg
StvpbWPtnYMtymVePTYcDwAAAGDY6MGBQWPIAwAAgFvk2QCGI7YhZ1kFOCaTyYy38lxEoTI1NbU1
wEFdAQAAsBMqvwAAFLIKcAAAAAAqbZOso73Y3ugC8Cumcz6rAEf5jTzQBUNWAADIVzXBJe1GALAT
2zPTdGwbBLjUpn5Xhzi1/T38IwAFALBRHsZMcAMA8mPUg6PpBhDjA0Yf+Td4yMoXxxMAgOEo7vsE
O5pVe72Mx+OAWxM/kx5CtDeRm5jqtDLAobvYx5igsWlbXHVHrL7hj2mqSt26XUwJ3HV/6+pKH/VH
teziWJa3o27q2BBCbkNMdRpwjfoMDNt4PJbRaLS116bPwEY1MNBWyECCKlmo6rOcE/2btCnrfmPb
toz52SJXqSbL9ZkHw2bZUebgIPo4Ez040mEapCtwPAEAyBs9ENojb4k5enBgiGKq02mGpwIiPwMA
AAAAAPHJahYVoIq3DAAAAO7E1h0dGJJQQ/tVn8d2zhPg6CC2g4h6RXBDFeTgWAIAAACIWYyBjVgR
4AAAAABgJLWHHSAnumS3vpad0nlPgAPZimlWFAAAAACAXwQ4AAAAgI54kQIA8TAKcOR24S7e7KNf
KdSjol642FZyfwAAkK/iXs49PR2+jlV1uTxnxC3Xc9ZkiMkQpi5WBjhyLgif45dy1lRuujKr+53r
+lPehi6NjvLvq/vTdlvryqM8XCbmoTOxbpdI3NsGd3THucv1BgBc41qTDhfHyuTZofyd6t9C1Rfq
6WwhE3b6Wrbp0Pzyi/5q3cylrgyyBwfQh+pDWF0ABgAApC3Vl2aj0Sj0JngRw1SWMR935Gtqaqrz
S6Kcnk3IwQEjQ7hQ10U0bZbV5TMAAACfTAIbKbZVQm5zdd3Vt+kplieQKgIcQAk3IAAA4ILtyyFd
IGI8HndeVmztHd2w+Lrvtv2sbzFtC9JhMsSk62+HggDHgOgSINmcMCF7eDSNe6wbh2Zz0WgrlotM
uSzqyspFfpGuywK6oJ4BiEERYOg6RKWvISLFelJIsq/aRptrv4v9brN+7lNoq89nlNwR4EDWyHvx
rLokqkMvEwAAbPkKGugCJ20CFiZj80Ny1YNDp+uxMk3gCNiih4Y9AhwJ0vW86DIDSNtlpsBlTg0X
QmbPrs7gEnJ7+lZ9wzaU/QYAoGA7O5xvLtqZumWk2JYF0B4BjgTpeiV07bUwtAffIRnqMa32Whlq
OQAA0mPzQD7k+13XobQEQGAq5fPLZph6Kghw1OjjYNtE0nXd5Ipl68Z2lt/o+5w1xJbpDcdFtuoh
DGnxmU/FtnHguszrzpW6bcz1WAMA4qW7Z5oMUTH5bcz3uGq7rc1+Fd9X/bfqt64/9/Vb1PN1PGzO
S5PPdaovnF2fy11yFPrmev0EOBLlOhkmUevZeOOfB9MhWhxrAEAXuhdOTWxfKMSeVyMmlFN+fB1T
X4lu0YwAB0TEzwMZQ1SQI+o1AMAnX8MeGKLiHkNU4ELK51fK226KAEeCimk/q1xV2JyGaaS+/bBT
nSKX+gAAw6MastvUprJdLroJeZ+mjQDkgQBHorgIA2aYPQUAhqXvwIPP3FYAukm13ZdK/pyYEeBI
kI+30b4T5tjoMhNMl9+aLK+NIV6UYmvkkV8GAIalCG60nSo+tXtFeT/rDLENAoikW/ebEn+muj8h
EeBIFJUdMMO5AgDDQvJNAKnmW6EHhz0CHAnymTUYyE156jkAQP7aTB1qk4NjPB6LSPOQGJtlAwC6
IcCRkaYpw3KfRWLIjQfXQ3IAAEhRNcjQZ9ugGugo/ltE3Zuk/L06ulwi3PMBYDYCHIF0vSmZzqle
3FDL30810NGlkdJ1Tvqm75fHwcVQjk37Ubdt1TdINvlWiuU0zeKjyw2TSi4X+MfxAOBCXRCg71mz
qtswGo1kPB5rAxQ2yVAZn79Fn/s/9LJ2LeRQMpv1+tzmVIfXxbbdBDgyUu7BUdeLI6aK51JdEGIo
YurBkXMdAwDEzSaw73obTO/NupcuMSeATxHlFReOB3whwBEJn70ChjKEgwdsAAAgIkECHHXbwGxe
ANAvAhwRmEwmMh6PB9kDAQAAIEe6JKM2Q1RQjzY0XKAepY0ARyRiG7sEAAAAAOjO9PmO50B3CHBE
oE33RdU4Tk4MAAAAAAivbpIC+EeAIxIMTwEAAMgLPXSBPNRN4GD6O3px9IsARySo0AAAAPnQ5dig
7Qekoa4nRpvzl94b/couwOFzNpJUhSiLPqcv5VjP5vtCSpkDAPqSYi+IcnAjtW2vU52Gt833q3jY
Q4qqve2b6nHK53suiY+1AY42F6HQB1SVrVp1YQ693S407UPXSGNbunpisw2637SZCs62DPq6Kdvk
ZKnLx1L+b5syyPmijnY41gBcqruXmzS2i3ZO9fd9XqPG47GMRqPW7ctUrqNtttPku6o2SkixbEdM
Qj7wumivuvx9tX2d07CTlAMbdeWbXQ8OzEYPjuFpE/TpgjIHAPQptftOattroggmmSRMpAcHcmQy
qUPK537XbY/tnM4qwDH0DLU2Nxvko69eOwAAYBhctifKvW7KQRMAcCHd/igNuEACAACkjfZc/oog
x5BfTiI+XHvSl1UPjgIVs39tk08BAAAUqmPbXeWOQhiqtmCsOTiAaiJRpCm7AEdTheShuz9tLwox
D60JtW4urACAoeIhI10pTU4AlJled6i38csuwIEw6MEBAAC6qmbx5yECQN9SnJIasxHgyAgnJArU
BQAAEDPaKogNSfrzQIADAAAAyfDdU7Tcm2Q8Hht/NzeuHvJ4WIQvXesWdTJvswIc1ZtGHxWgvE5f
68ulIrdJ2tQnXb0pPq/b/rrjH2pfbOq/y3PHdllt6kmIcx4AABWXQQxdkKJQ1z3dNIDRdO9M8Z7q
MglouV3Xx9vxFMvbt5BBONXxsDnHfeTJGHLdGY/HMhqNvD1n9l229OAAAABAMqoBC9cPcG3yiuX8
UOSyB0fO5YRw6MGBOgQ4AAAAgBo8CNkj+TyAPhHgAAAAgHcEC+KiOh42QwAIaMAE1wP4QoAjEPIe
IJS6hodNrpGuywEADEPo/FqhxLq/JtvlMj9CrOWANJWvJwxRQR0CHIH0kVgVMEH9AwD4lPN9Jtd9
awpw5Lq/iI9NDyMMGwEOQIFAFAAAbjCsIS5Nx2MymcyY9aTNb4vfAzq0q+ELAY5AOKnjZzuUAwAA
YGhoKwEIiQAHBoGeGAAA+GMyHj7GN/vl7c69fZD7/iE/DFOBiWpdmI7hZjPECkpSnGf5TEZVV7+L
rpdtt6u6PN12684tn8cy1WWjXxxLAG2MRiNvyx6Px05+W2xj+fqm2u5iKEb5+7ldG9u2s+rKpM3v
fcrt2Ljg87y0LW9fzzsxByVtjsdkMlE+P8R6rEMdh6b10oMDg0APDgAA/FLldNA13EOymY0hJUPY
R+SFHhwwMasHR6DtAAAAQEZUAYyQwQ3Tt8EAgPQR4AAAAICVmHto5EzVawYwRZAPvvmqY3XLtcrB
wclQr+u0WrkqysPFnOpFAyrnsbIi+nwePvOU5FieAADkhHs1XIi5Hg1l6FjuQhxDbQ8O1UOpabLG
ISFi3o+inKl/9shPAgCwleIMKjloSohetNMBEzH0BMr95eXQ9XlMGaICAAAAa6oGLA/bAIA+EOBA
Uug55B5lCQAAgFDK074SDIWt2gBH+YGHSobYDPWBnMAOAMCWr3Htut4bo9FIxuOxchmj0UhERPu9
pt/lru1xo80AF1z2zFI9Y1avTdTfuNgcj76P5YwAR93Khzj/sO5kzXW/fdH1uqjmgNA9yJuWfzW5
aTk67EMfiUDL42q73nCqv6M+54tjC6DgIrBRDjwUQYVimbq2kypoUQ1QVIMhbbY9p+tem7ZQXRvE
Jl+Zz3LM6Rj1QVf/XZRn3flrct7ZnJdN+WNi5zOganudtvltXU4+F3XL9/NXHXpwAAAADETXRqZp
LwwbpsGSpt/FylUCR3pwIAQXPTjohZy+ZHtw1KEyAuFVe21wXgIAEDfu1Ri6pp4hgE/TVDIgDa7O
VaLoAICu+sx3kUtuDaZyRa50vTt4QZeOnIawz+rB0XShTXkngSa6vBm+Gx6TycTowu/6/Ou6X3XB
Ea4NAJC+LvcFV/fIYthLOaCRS3ADGCpdcIP2Y7zaBqRiO5YzenBUkzKKxLfBQI5sEoF1XVcT3TZw
fQCAfDXl2KhLKlr8K/7uKolp2wSmAMIw6cFh+n2EldOx0ubgUPE5awQwJKmcO7ZZ2QEAaCvVoRy6
YSgp7hNgqlr3GaaCvnQOcJSj9iJUVqALzhsAALbI8Z5IEANDRg4OhDArwEHFs5PqW4aQfNS5am4L
PMu2jlKmADBcPts4Ie4vrtfZdy6v8nppfyJGBDfiMKTynxHgML04pjg0xaa3yRDnHQ91jEMn07TZ
767b3uV3XfNomP7OZM7zHOp5DjgOwLDokm825dAwuR82/bb8WbH+6nerPXvbqO5T3XVNda2L5TpY
voe6uFfG2v6Mpbxj4iIHTdf1lv+372WnWhdskhjb7rPPl4w+rzcpHWttDw6iwfDNVw+OpuVTp+2k
dIEDALilCoLYyuH+Un3Qpc0BIAY5XF9NWSUZHVJBIS1Nb3/IHQMAAHwhoAEAYVkFOIDYEcCol2N3
QwBA3FTdwrn3IHcmw39Dado2zkvEoG09zDbAkWKeEBG/47J8Cn1hrkrlePetKJfYjhcAwD+bPBk2
bMa7p6Q8LSztEBRM6kKfuVpc/RZxyTWZa5f9yTbAATTJ7cTvgjIAAPQth3sPeb3QVYo9OIAYtE3i
S4AD2Qp9swAAAPlwPUsKUKAeAe4EDXCkcnNIdbhLVdfkmql3tazWszbZzVOpowAAhMCMIUA9pu0F
wlAGOHzeqMrL9v0AzYnfXvntRKrK42Bt9yX1IA8AIA2p3GuqLw24Tz6LfFdx4lmjXqrbnsvxTLX8
YzYdy8W3642xqXeFzTg3XY+NFN/qV/fJpLynpqa2znev2+fYx6Sqem809fDoUmZAW7o6Fdu5BMC/
FO411W00aVPYfB6DupcmJtvd1IaKeZ9j3jYbfeyXj+Os6o1sI+XzMuZti9GQyiuKISoicRf60Ieo
DBllBgBAs6ENUam2C9q+NMNwMEQFvsT+Yjm0YAEOTsZ+dS3vHIaqdEUdBQDA3NDum0NtHwEIR5Xs
eGjX4CbMogItTpZ+pDj0CQCgNxqNZvx3MfwTYQ2t9wnSVa6rtBPzZTpsuTptag7XL1UahLZDqaZN
TxIfXfVDnaC6/By59lroUt6pX0R1Xbh0x7mv/Z9MJq3OsdSPCwAMRRHcKLctttlmm8bv59j+iFH1
LWjTfdX2ePBgCpe6vKmn3sXFJkdLU1Aj5WNss+1Nv6UHBwAAgEcmb6DQv/JxsQlkcGzhG4GyYRhK
4vnqflZ7OdoujwAHEAHdGyQAQLpyaZTmRvcGVNerl3s2gD7lcM0p9mE0GnkbrhlFgMNHFxtVY8Jk
HTlUIKSFOgcA+ai+kcolyGH7pi1FNsNGcznu0HPZjktpSmF0M6RjWtdjY2pqyvh+0rastAGOuguz
6cXadG7w8ptr00SLTdtgsm2qdZh0Vaz7TtdK2vbG5+sm6iuw5HLubxfLjDm3hct12wb4EA+OF5AW
VU8AE7E+ENs+cMV2LTPNuWbbg8NnmwWzqcqszbOFzawUTdcA1XfabHdK9cLXttouN6b2fi65H03L
tO2wwC7ndBQ9OETa3fxNl9fExw0p9eEFqW8/AAAxqD4YVZNI64Ru6Npkss/VUPc7RTbHyvbFJT04
ZhryNcNETmXT5gVy1/1u87toAhxAIZeswAAAFEIHLnRs3lgDQ8d5AzTru8dN8ABH1+SKQ53qdQj6
PG7ckAAA4H4IxIpzE2gneIBDhBMXAAAgBrTJMFTVhIehzoXUelMNMfHwUOnyYcSSc4gAB6JDfbBH
GQIAAHTjOsigy6mRYs4NAhvDkUpgoxBFgAMAACA21YZb24ShsYvljbUr1e3P6VjBv1iCDMV6i/Mz
9uvOUKdJHuL1pimo1XX20zbLaCPZAIeuoIZQyXI1xAsGACA+5be4RX4v31OD9qVoqOaSs6x6rMp/
AwCXuN7ELdkAR0g5NARS1qb8udgAAGzUNWR1UmknxDiNY9NLDpO3xHU9bjA8TXXFd30Yak+GXJlM
fZrT9cb3vUA3zMUlbYAjthtfIdR2FZXX1VSmPufMbsvFPrk+LrblTVQVMaD+Aekpdw+36eVQ9zvV
2HVdd/S6+6HNWPhYpmZvWnfbHjOx7A+a+crdYPJA6ovNupvyfYzHY/sNs2RyrEI92Ps6nm2uOa6f
B0PWURVdPVDVAV0g3ce+04Ojg9QjdKmjBwcAoE9t7/sxPJikyqYHByASrgdH6HXDraE9Q/hOGhtV
D47YVS8YviNg5Yid74rftG8AAADYgvYRTMTcBZ86DLiTVYAjx4sDQQ4AAPzI4Z6awz4AKeMczA/H
NG3JBzhC6bvic6IBAOBWivfWWKay7JtujDfQB5tcMYgLx8ytPoeg6GQR4Mi1gpanpQMAAG74Hmvc
l/JUr7kzyWEwhHJAGNStfAzxWJZTOPjY/76TiOokH+DIvZLmvn8qdTOoAADgSoqJK6vBmSG3E4C+
cb6lLcTDdix8TwtODw6Hcq+gue+fSjFV3pDLAAAAAICdoQY3isDGkPY7+gBH7klE0WyoFyIAQDfl
RlzdVK25DE0BAKjVPT8U94hYe+iZaNvzcGpqSkajkfXEFamU2dTUVPwBjjLV2/w+ZxspTxWbkxgD
CbbbFOM+IT3UIyBuurdTdcM6il6CTeoCJKpll9evC6Soll00RlWfq+R6vYqp+3MbMW+bSqhgoIvy
Ks5rly/Kcn3pFvLNvq/16hLB2j6/xVxequdkn89UsfQQKbYh+gAHPTiGi+MNAGij3ICte0DjvgIA
w5Dr9V4VfDQNzIvQgyOoXCtnanSVmuMEAIhF9U2dSY8NAABS5rPnVSrPepPJJP4ABwAAQBfVBln5
7Rb5OPwwHUqMYetrNodUHspQL8WZrmylOByvj+1qc2+xCnD0MXwk9UQwcKNrHYj1QgAAyFuX+1Ys
45i7Snnb0Z++6gn1EbkZap1uu9+dAxx1XT37TBbTZ1LRPpk0iHLZVxNFeXRtKDLNLACkq3r9TiE5
nM19q5Dafcsm+Z2v3yFOffXc8LE+6mJ/bK8pKR4reh7Va5tY23sODhKEmqOXCgAAM9kGOHzMpoB6
urI1PXa8mBgGn0OZqD/5yGmIiun9bMjDJ5vKqG096BzgMLmR5drLwrXJZCLj8TjqBliM2wQAyFd5
+tWiPVFt+DVljC++X3w+5Aajb6btA10DlTYjgDZSukYU2zoajbbel3z3OEpN+TnYJLBR/V2Z1x4c
Qz5IbcUc3AAAwBdV8KGak0L3xi7kG73qursGVWJuBzRtm4ttjnm/YY/jiyGpq++j0Uimpqa23hva
TOlqs942n4dWlE9RNl3v6U4DHKqNcF2gIQ+Q67cM1VwRsVe+Ptnm0bDtMsuxSAfHCkiLLgBQDm7o
Eo4XPQCK31QbjnU9OVw1Ll32EgndDuiyXlfBjViHNce0LS711aupbnx8m+/brs/lsn2KtZdZ3zlT
Ylm36+UWx7d8netyzF0+D8VyPlTve+V7c9dtpAdHJEI3agAACMHlfa9uqEOZjzdm1WWXh9Z0EXM7
IMUHDsSB44shCRWwSi3A5+v512uAA+ZirHSxoGwAAAAAIA8+X+4T4AAAABiI1MdoY9hcTx0NdKG6
Ttr23sj5Gl03ZK2cc8OV5AMcTfkwbPKB9HGxtMnjESLTeK65KlLdbgDIXXHf4QHGndS6LwNlXWdZ
QHxSHZrve3ttr9Exl2f1/K0mEXcpqwBHzAe1yma7U91nAADaKKZRL8SaiC8F5fZC19lQCDYhtLYz
KwE++Hj+cnGNjl31/CXAga102eQBAADqpN5ABkxR1+ELCZfjlnyAI9VK4HMaLAAAACA3IYZpA3Cj
rxf02gAHwyH6lUJ5F+OmAAAYKtVwGe6RyJ1pHedcyJ/qGKfc4zzVumuSj7LtsmyX5zPfRh1lgKO6
I9UH25gPvM22hdovXXkXQmxfsc5iLHQqyZ1yTY4KAKkbj8cyGo2U1+lqZnXXmda70DXUQifPG2Ie
jaHey0PkpDGZ4aGu/eriGIU+t1RsH+B8nre+yssm6aWLY2kzoYSK7vruc5YTl7+1SWng8vmzuh11
1y3X1zJ6cESmqbzpNeEH9RsA0ESV0JAZSTBkPqfJRLzaBq5SDqimWo9j7cHRZ3kqAxzcoPvVVN6T
yWTrv767+FQ1ReZTVN2PXPYLAOBG3bR25b8DwFDUTdNr+pu2nyE+Nser72BR8klG0b+cLkj04AAA
qJRfLKT8NhKoyjV3Arqr1om6pK65tJdT7oWkO05Dpw1wxFqJm3JApJIboknTmKdYKm6q5VqnXK45
7RcAwB0C4ciNTe4E089C5n1AN3U9NOrKO5Znkq76mOK1r3VUjxPnxxb04EgEFRYAAHvVN3MxJC4F
QqAHB6pUeYdyE3svDZUip0V18gdskWWAgzmyYYq6AQDDYfqGsu43wJBQ74eJZ6g0FLkZCxynmbIM
cIhwggIAgGc1jR0nCR4ADEdMQ/9t5LAPvmQb4EgNuSAAAPCn3HvDpAs292PEzDaPBlDIsZ7oAte2
U57afG6znrbLbjPcKNV6ULfd0QY4bCterAGDcib2uq5FsUbjUj0pYt2uoeJ4AMOiy7ivy3+hGyOt
+n3db+vutbkNUVHdr2Pel5i3zRdfOQBC1+lUZ9qIOSeDTXma/tbHMesj2WbT31XHs+2xbluGLve7
uqw229J1GEvdd32eH67rSbQBjqGJNSADAIBOzA8GBZs3X0CK+q7DqQY2hi7HYzYajbwl0e27B4er
4FaqL6t1kurBYSvVgwQAQCpSCGwA8K/c7qYNDsRnSOdltgEOAADQD6abBEAPDvSt61AKXT3lvpW2
7AIcQ76w2p6MsZZdrl2qAAAAcsFwa/Sljzwyfa4vBjn1yMwuwAEAAJCSNuOkgdjQcyMO1WOQy7Wk
ab9U9c42T0YuZTdUBDgQrWKmGW6aABCnYhaTnN789K3tm0Ia3ojJEN90x6ickDKnnjTlGVGK+42P
mUqQlygCHDmdiDZS23/fwYeiXhDkAIC4NU3XypvdZk1JGV0EMCjzeISYJtPF702nG+ZhMx7V620K
wVCTelPsV90036HEfF4jggBHuZKWH2Src/fmxHa/Ynjg931scj32AJCamHsU+LoX9jm+O/T9HGo+
gwgxLjfW9cay/tzEXp7lwMZQ63wbKW2rT14DHNVGT1OhNz2w53iQ6hqCqmirqsz61DT+zXR7VZr2
JcfjnzuOGZCfVAMctmOwfTF5a961TEPuc67X/xTLrHhJWK5HbYNqqtwG1XZ7n8c+1noWw3a5aJP3
xTRoUddrw+S3vgKTfV4PuqwrxvuaSP/thOA9OAoMU9ki554rAABgixQfnNFezMfZZogKdSweKR+P
HLc711ktUxI8wFEXCUb8OG4AAAB58vl2HO6Q5BWYLXiAQ4STMVUcNwDIQ6g3gLnNvmJahj7fvHNv
[...]
AADJ04MDGkwtLc0KAOXmOgfQOAQcUAcMYwCAXxJqADSmlsHcGDXqxSPf+x7sjWYxry/1vAvFfJ7F
9gIo54Sa5fw8cu07k8lENpvNW/b+27LZbFF1KbbeA/3s8r2PXJ9xOecWGUwbDeY4KmROlcGUkW+/
wimA0tn/PN2o31MBGpkeHFAHDDsBgF9yHQRoTAIOGCBfngAAAGqHVVQAAACA5OnBAfALeuUAAEC6
+g04fOGnFBxHjaFck3SWQiF1y/Wcck6sCgAAlIYeHAC/IIgDAIB0mYMDAAAASF4mq281AAAAkDg9
OAAAAIDkCTgAAACA5Ak4AAAAgOQJOAAAAIDkCTgAAACA5Ak4AAAAgOQJOAAAAIDkCTgAAACA5Ak4
AAAAgOQJOAAAAIDkCTgAAACA5Ak4AAAAgOQJOAAAAIDkCTgAAACA5Ak4AAAAgOQJOAAAAIDkCTgA
AACA5Ak4AAAAgOQJOAAAAIDkCTgAAACA5Ak4AAAAgOQJOAAAAIDkCTgAAACA5Ak4AAAAgOQJOAAA
AIDkCTgAAACA5Ak4AAAAgOQJOAAAAIDkCTgAAACA5Ak4AAAAgOQJOAAAAIDkCTgAAACA5Ak4AAAA
gOQJOAAAAIDkCTgAAACA5Ak4AAAAgOQJOAAAAIDkCTgAAACA5Ak4AAAAgOQJOAAAAIDkCTgAAACA
5Ak4AAAAgOQJOAAAAIDkCTgAAACA5Ak4AAAAgOQJOAAAAIDktVS7AgAA1Lcvf2VZPPb4ukMe/69/
cHKcesr4KtQIgHqkBwcAAGX14XnHxLBhzYc8fvMtL8SuXT1VqBEA9UjAAQBAWY0bOzR+7QNHH/L4
hg074/Y7Xq58hQCoSwIOAADK7j0XTo2jjhx9yOP33NsVq7q2VqFGANQbAQcAAGXX1JSJqz52fDQ1
ZQ54vLc3G//yjeejtzdbpZoBUC8EHAAAVMQRHaPikounHfL4Sy9vjh/d/3oVagRAPRFwAABQMb/6
/qNi/Lhhhzx+620rY+PGXVWoEQD1QsABAEDFDBvaHB/98DGHPL5jx974928ur0KNAKgXmWw2a8Aj
AAAAkDQ9OAAAAIDktVS7AgCk4aWXt8STT22I5Ss2xZq1O2LLlj3R05ONUSNbYtToIXHUEW1xzMz2
OO20CTF61JCSlLl7d2888+zGeH75pnjllS2xdt2O2Lp1T+ze3RtDhzbHiOEtMXHisJg2bVTMnNEW
p8weH8OHD/7S1tubjReWd8czz26MlS9tjjVrtsfmLXti9+6eaG1tjra21pgyaXjMmNEWJ54wNo6Z
2R6ZTKb/Hefxs4fXxLp1O+PNjbti48ZdsWXL7ti5syd27uqJnTt7YteuvZHJZGLkiJYYOXJIHH74
yJhxdFscd2x7HHVkW1Fl/fiB12Pdup2x4c2dsXnz7ti8ZXfs2NET27fvjT17eqOnpzeGDGmKEcNb
YsTIIXHYlBFx5BGj45iZ7XHcsYN/r+Xws4fXxIYNO2PDm7uiu3t3bN68+xft1hO7dv/i/7t6ork5
E62tzTF69JAYO2ZoHDZlREybNiqOO2ZMTJ06MmrwrR2gkscJAKTGEBUA8nr2uY3x7e+sjJUvbS7o
+c3NmTjzjInx/l85Mg4/fOSAyly3bkfc/f2uePBna2LHjr0Fv665OROnnzohrviVI2P69FFFl7tt
+96470evxQ/vezU2de8u+HVjxw6Ni98zNd7z7qkDDliuuvpHA3pdRMT06aPive+ZFu/qnFJQ+DCY
siZMGBbvPv/wuOTi6dHaWnhH0Hxlfv2rFw64PoXsv1Bj2lvjnedOiQvOPzwmTxpe8npU+32W8jjJ
9V5K+f7L3ZYA1B89OADoU29vNm75jxXxgx++WtTrenqy8dDDa+PhR9bGR+YfGxddOLXg1+7a1RO3
3/Fy3HNvV/T2Fp+/9/Rk45HH1sUjj62L6/7w1Djh+LEFvS6bfatXw63feTG2bS88UNln48Zd8e3v
rIzv3dMVv37l0XH+uw6vaE+Arq6t8bVvPBeLH3wjfue3TxjwzXkh1q/fGbfetjLu/8kb8fHfOq7g
Nk7Bpu7dsejuVfG9e1bFO8+dEr/xwRnR3t5a7WqVTCWPEwCoBnNwAHCIbDYbX/3as0WHGwfuI+L1
17cV/Pw3Vm+Pv/r8o/G9e1YNKNw42K5dPQU9b/v2vfEPX34qvnHz8wMKN/a3deue+Jd/fT7+8cal
RfU8KZUXlnfH57/wWLyxenvZy1q3bkf83f98Mp54cn3Zy6q0bDZiyYOr44//7KF47PF11a5OyVXy
OAGAShJwAHCIH973Wjz4szUVK++ll7fE5//m8Xj9jcrecHV3744vfPHxeOKpDSXd78+fWB9fuP7n
sXlz4cNcSmXL1j1x/d8/EVu27il7WT092fjyV5ZFV9fWspdVDTt27I0vf2VZLLp7VbWrUnKVPE4A
oFIEHAAcYPOW3XHrf66sWHnd3bvjH778VGzbVtkbrT17euMfb1war75WeC+TYnR1bY0vf2VZ7N3b
W5b957Nx466487svV6Ssnp5s/Ps3l1ekrGr51q0vxg/uG3hvplpVyeMEACrBHBwAHOCRR9fFzp25
h3fMOmlczL2sIw4/bGSMHNkSmzfviTc37oxlT2+MRx9bW1Rg0NOTja/8f0/3O6HnxInD49yzJ8cp
J4+P8eOHxaiRLbFjR09s2bI73li9PZ54ckM88dT62LKl8JDkX//thXhxZf6JUydOGBbnnjMlTjl5
fEwYPyxGjmyJbdv2xvoNO+PJpzbEgz9bHevX78z5+uUruuNf//2F+PhvHV9wvfryv/7unTG6rTWy
vdno3rw7Vq7cHPf9+PV49rmNOV/zg/tei0vf1xHjxg4tqqx9kzfu3dsbW7fuiZdf2Ro/WfJG3qEa
zz2/KVa82B0zZ7QXVValfOn6d8aoUS3R0tIU2exbw5K2btsTr7yyJV5Y0R0PPbSm3+FJt3xzRRzR
8dZKMrWqkscJANQiAQcAB3j857nnVDj/XYcdcrM+btzQGDduaMyc0R6/esWR8fgT6+PW21YWNP/G
3d/viudf2JRze0tLU3zwA0fFey+aFi0tB3Y6HD26KUaPfmsZzDNOnxh79vTGD3/0Wtz53Zf7vVl9
+JG18ZMlb+Tc3tyciQ9+4Oi45OJDy21vb4329taYcXRbXD73iPj+D16N225fGT09fc8b8sBP3ojZ
s8bHWWdMzFunfMaM+cXNZ1Mmxo8bFuPHDYuzzpwUd3+/K775rRV9vqa3NxtLl26IC84/fEBltrQ0
xZgxQ+PUMUPj1FPGx2OPr4sbb3o65/woTz61oWYDjnHjDrx5Hz16SIwe/dbyt+ecPTk+9Osz4ydL
3ohvf+fFnOFeb282vvb15+Jznz3rkGOiVlTjOAGAWlKbV2gAqmbt2tzzYFw+98h+X3/6qRPir//i
zLj0kul5l6LcubMn79wGw4Y1xx9+6pS47H0dBd1QDhnSFJdeMj2+8Lmz46gj23I+r6c3G7fd/lLO
7UOHNsenP3lyzLm0/3KHDGmKuZd1xH/9xMl5l0z9zm0ro6cEE6ce7NJLpsc7zpqUc/vSp98sWVln
nD4xLr1kes7tzz6XO6iqda2tTXHRhVPjc599R0zNs7TxG6u3x+IHV1ewZqVRyeMEAKpJwAHAATZu
yj1cZOyYwpbMbGlpig/9xsy44leOyPmce3/4at55N6753ZPi+OPGFFTe/trbW+O/fea0mD59VJ/b
Fy9ZHavX5A5xfueq4+OkE8cVVebsk8blHYayes32WLKkPDfGF16Q+5f31SVeJeOd50zJuW1T966S
llUNEycMi//3U6fkHa5x9/e7Klij0qnkcQIA1SLgAOAALS25e10Uu6xkW1vfgUhvbzbuzbME7QXv
OixOPWV8UWXtr7W1KcaPG9bntu/dk7vXyDnvmJz3l+58zjl7cpyd57WL8pQ7GB05gpyIiM1FzElS
iEmThucuqworxpTDuLFD4yMfPjbn9tWrt8crq9JbNaaSxwkAVIuAA4ADjB6du5fGN7+1InbvHvyq
ICte3JzzhjiTKWwozEC8smprzl+rM5mIKy4fXLnvz/P61au3x6oyLKc6bFju6bS2lnwJ0NzDbPIN
R0rN6adOiKOOHJ1z+zPPpjeko7LHCQBUh4ADgAMceUTuG7unn9kYf/5XD8eDP10de/YMPOh47vnc
qzqcesqEmDCh794Xg5XvxvSkE8fF4YeNGNT+Dz98ZN7hLc88m/t9D9T2HbknVB0ypLSX+bVrc68Y
M3r0kJKWVW1nnJ57Utj+Vt+pRZU8TgCgWlzRADjA7JPyzz+xZs2O+Of//Wx84tNL4qv/8mw8+ti6
2LUr97KyfXnp5S05t5104tii9lWMFS/mvjGd1c/7LtTsWbn3s+LF7pKUsb9Vq3K3ZXuOIUID9dAj
a3JuO6IjdzCWonzzv6xZs6OCNSmNSh4nAFAtlokF4ADnnD05vn3bi7Gln3H5O3bsjcVLVsfiJatj
yJCmOPWUCXH+uw6LWSeOi/5GK6xZm/sGccbR5VtqdE2eyUWPPaY05R4zM/d+ynFj/OP7X8+57fA8
K4IUa+myN+N79+SeYLNUAVGtGDc2dy+ijZvSm1C1UscJAFSTgAOAA7S2NsVvf+z4+Mcblxb8mj17
euORR9fGI4+ujWnTRsZv/vrMvD1BNuW5QSx0pZaB2LgxX7m5V84oxtg8K3C8maf8gfj+D16NRx5b
l3P7iccXvwrNPj092di6dU+8smpLLPnp6nj4kbWRzTEFx/DhLXHOOwY2OWutGjUq95CbnTtzD/eo
ReU8TgCglgg4ADjE6adNiI9++Nj4t1teyHlTm8urr26Lv/+fT0bneVPiqo8eFy0th46G3Lkz95CW
ESPKN5fDjjzljhxZmnJH5dnPQG+Md+zYG0OHNkdvbza6N++OlSs3x4/ufz3vnB5NTZk468ziQ4er
rv5R0a/54AeOiuHDG+crRe/g59kti0oeJwBQixrn2wgARbnowqlx+GEj4hs3vxCr8wztyGXxktWx
ceOu+NQnTu4z5GhEA11o5Pf/4CdFv+Z9752etzdJqZxx+sS46MJpZS+n0rZuyz1Ea+jQ5grWpHC1
fJwAQCX4xglATiccPzY+/1dnxW995NiYMqX4FUaefmZj3H7Hy4c8PmxY7hvEfDeWgzU8T7nbSlRu
/hvjyvyuMG7s0LxL1pbKybPHx+9dfeKAg5tatiXHMsYREaPzDF9JSaWOEwCoFD04AMirpaUpLnz3
1Hj3BVNj+YpN8ejj6+Oxx9bFhjdzLxm6v+/dsyouvmhajGn/5dwaY9pbY/v2vodrbNy4K8aV6Rfl
sWOHxrZc5W7aVZJfsvPN81Gu97W/ttGt8YefPjVviDRYTU2Z+JU5R8T7rzgympvqMN2IiBV5loKd
OLE8yxhXUiWOEwCoNAEHAAXJZCKOPWZMHHvMmJj3GzPjpZc3x88eWhM/WbI6duzIPbdET082Hvzp
6phzacfbj02aNCJef6PvYS8vLN8UM45uK3n9IyImTx4Rr762rc9ty1d0x9FHDb7c5StyLwU7efLw
Qe8/nyM6RsXv/e5Jcfhhxfe2KVQmE/GXf3pGHHFEfS0Le7B881ZMnzaqgjUpvUocJ33JZgc+TAsA
CmGICgBFy2Qijj6qLeZ/6Jj40vXnxmWXduS9cXnu+U0H/PuoI3PfHC9d9mapqnmImTNyBxjLSlTu
00/n3s/MGeVZAnfixOEx/0PHxF/82Zllv2nNZiPu/eGrZS2j2jZt2hVPPrU+5/ZyfY7lVsnjpC+7
duWe5BcASkEPDgAGZfjwlvjNX5sRQ1ub4/Y7XurzOa++uvWAfx93bO5lKZ95dmO8+uq2mDZtZEnr
GRFx4vFjc25b9sybsXr19gHNNbLPG6u3x7JncgccJ56Qu/xCZDIRI4a3xMiRQ2LypOExY0ZbHH/c
2Dju2DEl+2X861+9MCLeWvr3L//6kT572ix+cHXMOmlcnHP25NIUWmO+d09X7N3b9/JBLS2ZOOnE
wX2O5VaJ4ySXpqZM9Pb23XZbt+4xJAaAshJwAFASF7zrsJwBx8HzXhxzTHuMHjUktmzte0LO/7zj
pfiD/zKr5HU84ojRMWXKiFi9+tCb9mw24vY7X45rfvfEAe//9jteyrms7pQpI6Jj+sCGNuwLHSpp
yJCm+PhVx8d//9vH+3xPX7/5+ZhxdFtMnFjeYTeV9vQzb8b3f9CVc/vpp02s2SVxq3GcHGzYsOac
8+u8smpLTJiQ/vwlANQuQ1QAOER3d+4VJHIZObLwlSWamzJx0Xum5tz+2OPrYsmDq4uuw/5yLW17
2fs6+nw8IuJnD62JRx9bN6DyHnpkbTz08Nqc2+fkKbdWzZzRHu977/Q+t+3c2RP/9M/PRE9PjkQn
QS8s746v3PR0zpAqIuKy9/XdHrxl3LjcE+n+/Mncw34AoBQEHAAc4n986Yn48QOvF/WaVV1bcm4b
O+bQm573Xjw9b3f1r9/8fPz8ieJviLLZbCy6e1Xc8E/L+tzeed6UvJN9/v9fezbvBJN9efqZN+Nr
X38u5/Ypk0fEeedNKWqfteLKXz0qJuXopbHypc1x2+0rK1yj0tuxY2/c8d2X42//x89zrrITEXH2
WZPiqCPLMwFuvZg2NXcvpZ89tCbWrttRwdoA0GgEHAAcYteunvj6vz4fn/+bx+P5FzYV9PxvfuvF
nNsnTTr0BnnkiJa45OLcv4bv2dMb/3jj0rjt9pdiZ4GTEz79zMb43Bcej2/d+mL05uhZ0NyUiQ/+
6tE597FrV0/8/f96Mr5396rYu7c3b3l79/bGortXxZf+4am8Eyh+8Mqjk11OtbW1OT5+1fE5ty+6
e1U8/UxxgVClvblxV+zZ0xvZbDay2Wxs27Yn1qzZEQ89vDa+8W8vxKc/89O47faXcs4dEfHWsqrz
PnRMBWudpnzz3Ozdm40vf2VZbBpADzEAKERtDiIFoCaseLE7/ub6n8cRHaPirDMnxQnHj40xY1qj
bXRr7N3bG5u6d8eTT22I+370Wt5fZs88fWKfj18+94h4cumGeOWVvnt/ZLMRd3z35fjx/a/HuedM
jlNOHh+TJw+PttGt0dObjS1b9sSbb+6MZ57dGD9/Yn2s6tra534O9o6zJsXSZW/GT5a80ef2np5s
/MetL8Z9P34t3nnulDh59viYOGFYjBjREtu3741163fGU0s3xIM/XR3r1u/MW9b57zoszjqj7/ef
iuOPGxPveffUuO/Hrx2yLZuN+Of//Ux87rNnRdvo1irUrn+f/qMHB/X6lpamuPb3T4ox7bX5/mrJ
WWdOjH//5vKcgV9X19b4888+HJdcPD1mzxoXkycNj2HDmqM3+1aouW3rnli3fmesyTHEDADyEXAA
0K9XVm2NV1YVFh4cbPjwljgzxw3+kCFNseD3Z8Vf/vUjOScmjIjYvGV33HNvV9xzb+7JH4v1sY8c
G6+/sS1eXLk553PWrd8Z/+fOl+P/3PnygMqYOaM9PvbhYwdYw9ryG782I558akNsePPQQKe7e3d8
9WvPxac+cXLZV+motKFDm2PBf5mVd+Uffmn48Jb4wPuPim9+a0XO52zZsie+858r4zv/mf7wJgBq
iyEqAJTV/A/NjBEjcufpEycMi08umB0j8zynHIYMaYpPXDs7jjxidFn2f/RRbfGJBbOipaU+LrXD
hjXHVR87Luf2p5ZuiHvzrD6SoimTR8Sf/bfTY/ZJ46pdlaS89+JpZfu7AoB86uNbFwA16aILp8a7
zjus3+cdd+yY+PM/PSPv5J/l0N7eGn9y3elxzjsml3S/554zOf74j06r2SEbAzV71rjofGfuyVL/
49YXcw43Ssm+Xgif++xZMX3awJb2bWTNTZn49CdPjmlTR1a7KgA0GAEHAIeYmGPVjEI1N2fi1648
Oj5axPCMKZNHxF/86Zlx8XumRXPz4Mc5dHQU9gtya2tTXPP/nBi//VvHD3qOhbFjh8bvXHV8/N7V
J0Zra31eYuf95sxoz9FOPT3Z+Kd/fibvhKu1bNq0kTHvN2fG333x3Hj/5UfGkCH1+RlWQltba/zx
H50Wp5w8vtpVAaCBmIMDgEP80adPiQd/uibuuber4Ik7IyKamjJxxmkT4oNXHh1TJo8outyRI1ri
I/OPifddMj1uv+OleOjhNbF3b+6VLQ6WyUSceMLYuHzukXH8ccXNmXDBuw6Lc8+eHPf+8NW45/td
sXlL4Ss9tLe3xqWXTI+LLpxWt8HGPiNHDomPffjY+PJX+l6Gd/Wa7XHzLS/E1b99QkXr9bsfPyHe
WL091q3fEd3du2Pzlj2xe3dP7N7dG3v39sbu3b3R09Mbzc2ZGNraHG1trTFu3LCYeviI6OgYHScc
NybGjx9W0TrXu1GjhsSnPnFyPPHkhrjjuy/Hypdyz3dTiKamTHRMHxUn5FmpBYDGlslms4V/cwSg
4XS9ujWefmZjvLhyc7z22tbYsnVPbN++N5qbMzFixJAYO2ZoHHnEqDj6qLY47dQJMWrUkJKVvWPH
3nhq2ZuxfEV3dHVtjXXrdsS27Xtj9+6eGDq0OYYPb4nx44ZXmD/bAAACCUlEQVTF1Kkj4+gjR8dp
p06ItrbBDwvp6c3Gc89tiuee3xgrX9oSq9dsj61b37phbm1tjtGjh8SUySPi6KPa4sQTxsaxx7RH
U6LLwEKlrFu/M558cn280rU1Xn99W2zcuCt27OyJnTv3RktLUwwd2hxDhzbH6FFDYkx7a7SPGRoT
xg+LKZOHx5QpI2LypBF1HyACMDgCDgAAACB5YnAAAAAgeQIOAAAAIHkCDgAAACB5Ag4AAAAgeQIO
AAAAIHkCDgAAACB5Ag4AAAAgeQIOAAAAIHkCDgAAACB5Ag4AAAAgeQIOAAAAIHkCDgAAACB5Ag4A
AAAgeQIOAAAAIHkCDgAAACB5Ag4AAAAgeQIOAAAAIHkCDgAAACB5Ag4AAAAgeQIOAAAAIHkCDgAA
ACB5Ag4AAAAgeQIOAAAAIHkCDgAAACB5Ag4AAAAgeQIOAAAAIHkCDgAAACB5Ag4AAAAgeQIOAAAA
IHkCDgAAACB5Ag4AAAAgeQIOAAAAIHkCDgAAACB5Ag4AAAAgeQIOAAAAIHkCDgAAACB5Ag4AAAAg
eQIOAAAAIHkCDgAAACB5Ag4AAAAgeQIOAAAAIHkCDgAAACB5Ag4AAAAgeQIOAAAAIHkCDgAAACB5
Ag4AAAAgeQIOAAAAIHkCDgAAACB5Ag4AAAAgeQIOAAAAIHkCDgAAACB5Ag4AAAAgef8X0K+vgMVj
/3YAAAAASUVORK5CYII=
" width="800px"&gt;</msg>
<status status="PASS" starttime="20230405 16:37:12.554" endtime="20230405 16:37:12.964"/>
</kw>
<msg timestamp="20230405 16:37:12.964" level="INFO">xpath criteria: //android.widget.TextView[@content-desc="VISUALIZZA DATI CARTA button"]</msg>
<msg timestamp="20230405 16:37:12.964" level="FAIL">ValueError: Element locator '//android.widget.TextView[@content-desc="VISUALIZZA DATI CARTA button"]' did not match any elements.</msg>
<status status="FAIL" starttime="20230405 16:37:11.343" endtime="20230405 16:37:12.964"/>
</kw>
<msg timestamp="20230405 16:37:12.964" level="INFO">${elementPresent} = False</msg>
<status status="PASS" starttime="20230405 16:37:11.343" endtime="20230405 16:37:12.964"/>
</kw>
<kw name="Run Keyword If" library="BuiltIn">
<arg>'${elementPresent}' == 'False'</arg>
<arg>Click Element</arg>
<arg>${buttonChiudi}</arg>
<doc>Runs the given keyword with the given arguments, if ``condition`` is true.</doc>
<kw name="Click Element" library="AppiumLibrary">
<arg>${buttonChiudi}</arg>
<doc>Click element identified by `locator`.</doc>
<msg timestamp="20230405 16:37:12.964" level="INFO">Clicking element '//android.widget.ImageView[@content-desc="Chiudi"]'.</msg>
<msg timestamp="20230405 16:37:13.107" level="INFO">xpath criteria: //android.widget.ImageView[@content-desc="Chiudi"]</msg>
<status status="PASS" starttime="20230405 16:37:12.964" endtime="20230405 16:37:13.107"/>
</kw>
<status status="PASS" starttime="20230405 16:37:12.964" endtime="20230405 16:37:13.107"/>
</kw>
<kw name="Evaluate" library="BuiltIn">
<var>${x}</var>
<arg>${x} + 1</arg>
<doc>Evaluates the given expression in Python and returns the result.</doc>
<msg timestamp="20230405 16:37:13.107" level="INFO">${x} = 1</msg>
<status status="PASS" starttime="20230405 16:37:13.107" endtime="20230405 16:37:13.107"/>
</kw>
<status status="PASS" starttime="20230405 16:37:08.337" endtime="20230405 16:37:13.107"/>
</iter>
<iter>
<kw name="Sleep" library="BuiltIn">
<arg>3s</arg>
<doc>Pauses the test executed for the given time.</doc>
<msg timestamp="20230405 16:37:16.110" level="INFO">Slept 3 seconds</msg>
<status status="PASS" starttime="20230405 16:37:13.107" endtime="20230405 16:37:16.110"/>
</kw>
<kw name="Run Keyword And Return Status" library="BuiltIn">
<var>${elementPresent}</var>
<arg>Element Should Be Visible</arg>
<arg>${visualizzaDatiCarta}</arg>
<doc>Runs the given keyword with given arguments and returns the status as a Boolean value.</doc>
<kw name="Element Should Be Visible" library="AppiumLibrary">
<arg>${visualizzaDatiCarta}</arg>
<doc>Verifies that element identified with locator is visible.</doc>
<msg timestamp="20230405 16:37:16.254" level="INFO">xpath criteria: //android.widget.TextView[@content-desc="VISUALIZZA DATI CARTA button"]</msg>
<status status="PASS" starttime="20230405 16:37:16.110" endtime="20230405 16:37:16.254"/>
</kw>
<msg timestamp="20230405 16:37:16.254" level="INFO">${elementPresent} = True</msg>
<status status="PASS" starttime="20230405 16:37:16.110" endtime="20230405 16:37:16.254"/>
</kw>
<kw name="Run Keyword If" library="BuiltIn">
<arg>'${elementPresent}' == 'False'</arg>
<arg>Click Element</arg>
<arg>${buttonChiudi}</arg>
<doc>Runs the given keyword with the given arguments, if ``condition`` is true.</doc>
<status status="PASS" starttime="20230405 16:37:16.254" endtime="20230405 16:37:16.254"/>
</kw>
<kw name="Evaluate" library="BuiltIn">
<var>${x}</var>
<arg>${x} + 1</arg>
<doc>Evaluates the given expression in Python and returns the result.</doc>
<msg timestamp="20230405 16:37:16.254" level="INFO">${x} = 2</msg>
<status status="PASS" starttime="20230405 16:37:16.254" endtime="20230405 16:37:16.254"/>
</kw>
<status status="PASS" starttime="20230405 16:37:13.107" endtime="20230405 16:37:16.254"/>
</iter>
<iter>
<kw name="Sleep" library="BuiltIn">
<arg>3s</arg>
<doc>Pauses the test executed for the given time.</doc>
<msg timestamp="20230405 16:37:19.257" level="INFO">Slept 3 seconds</msg>
<status status="PASS" starttime="20230405 16:37:16.254" endtime="20230405 16:37:19.257"/>
</kw>
<kw name="Run Keyword And Return Status" library="BuiltIn">
<var>${elementPresent}</var>
<arg>Element Should Be Visible</arg>
<arg>${visualizzaDatiCarta}</arg>
<doc>Runs the given keyword with given arguments and returns the status as a Boolean value.</doc>
<kw name="Element Should Be Visible" library="AppiumLibrary">
<arg>${visualizzaDatiCarta}</arg>
<doc>Verifies that element identified with locator is visible.</doc>
<msg timestamp="20230405 16:37:19.414" level="INFO">xpath criteria: //android.widget.TextView[@content-desc="VISUALIZZA DATI CARTA button"]</msg>
<status status="PASS" starttime="20230405 16:37:19.257" endtime="20230405 16:37:19.414"/>
</kw>
<msg timestamp="20230405 16:37:19.414" level="INFO">${elementPresent} = True</msg>
<status status="PASS" starttime="20230405 16:37:19.257" endtime="20230405 16:37:19.414"/>
</kw>
<kw name="Run Keyword If" library="BuiltIn">
<arg>'${elementPresent}' == 'False'</arg>
<arg>Click Element</arg>
<arg>${buttonChiudi}</arg>
<doc>Runs the given keyword with the given arguments, if ``condition`` is true.</doc>
<status status="PASS" starttime="20230405 16:37:19.414" endtime="20230405 16:37:19.429"/>
</kw>
<kw name="Evaluate" library="BuiltIn">
<var>${x}</var>
<arg>${x} + 1</arg>
<doc>Evaluates the given expression in Python and returns the result.</doc>
<msg timestamp="20230405 16:37:19.429" level="INFO">${x} = 3</msg>
<status status="PASS" starttime="20230405 16:37:19.429" endtime="20230405 16:37:19.429"/>
</kw>
<status status="PASS" starttime="20230405 16:37:16.254" endtime="20230405 16:37:19.429"/>
</iter>
<iter>
<kw name="Sleep" library="BuiltIn">
<arg>3s</arg>
<doc>Pauses the test executed for the given time.</doc>
<msg timestamp="20230405 16:37:22.432" level="INFO">Slept 3 seconds</msg>
<status status="PASS" starttime="20230405 16:37:19.429" endtime="20230405 16:37:22.432"/>
</kw>
<kw name="Run Keyword And Return Status" library="BuiltIn">
<var>${elementPresent}</var>
<arg>Element Should Be Visible</arg>
<arg>${visualizzaDatiCarta}</arg>
<doc>Runs the given keyword with given arguments and returns the status as a Boolean value.</doc>
<kw name="Element Should Be Visible" library="AppiumLibrary">
<arg>${visualizzaDatiCarta}</arg>
<doc>Verifies that element identified with locator is visible.</doc>
<msg timestamp="20230405 16:37:22.559" level="INFO">xpath criteria: //android.widget.TextView[@content-desc="VISUALIZZA DATI CARTA button"]</msg>
<status status="PASS" starttime="20230405 16:37:22.432" endtime="20230405 16:37:22.559"/>
</kw>
<msg timestamp="20230405 16:37:22.559" level="INFO">${elementPresent} = True</msg>
<status status="PASS" starttime="20230405 16:37:22.432" endtime="20230405 16:37:22.559"/>
</kw>
<kw name="Run Keyword If" library="BuiltIn">
<arg>'${elementPresent}' == 'False'</arg>
<arg>Click Element</arg>
<arg>${buttonChiudi}</arg>
<doc>Runs the given keyword with the given arguments, if ``condition`` is true.</doc>
<status status="PASS" starttime="20230405 16:37:22.559" endtime="20230405 16:37:22.559"/>
</kw>
<kw name="Evaluate" library="BuiltIn">
<var>${x}</var>
<arg>${x} + 1</arg>
<doc>Evaluates the given expression in Python and returns the result.</doc>
<msg timestamp="20230405 16:37:22.559" level="INFO">${x} = 4</msg>
<status status="PASS" starttime="20230405 16:37:22.559" endtime="20230405 16:37:22.559"/>
</kw>
<status status="PASS" starttime="20230405 16:37:19.429" endtime="20230405 16:37:22.559"/>
</iter>
<iter>
<kw name="Sleep" library="BuiltIn">
<arg>3s</arg>
<doc>Pauses the test executed for the given time.</doc>
<msg timestamp="20230405 16:37:25.564" level="INFO">Slept 3 seconds</msg>
<status status="PASS" starttime="20230405 16:37:22.559" endtime="20230405 16:37:25.564"/>
</kw>
<kw name="Run Keyword And Return Status" library="BuiltIn">
<var>${elementPresent}</var>
<arg>Element Should Be Visible</arg>
<arg>${visualizzaDatiCarta}</arg>
<doc>Runs the given keyword with given arguments and returns the status as a Boolean value.</doc>
<kw name="Element Should Be Visible" library="AppiumLibrary">
<arg>${visualizzaDatiCarta}</arg>
<doc>Verifies that element identified with locator is visible.</doc>
<msg timestamp="20230405 16:37:25.689" level="INFO">xpath criteria: //android.widget.TextView[@content-desc="VISUALIZZA DATI CARTA button"]</msg>
<status status="PASS" starttime="20230405 16:37:25.564" endtime="20230405 16:37:25.689"/>
</kw>
<msg timestamp="20230405 16:37:25.689" level="INFO">${elementPresent} = True</msg>
<status status="PASS" starttime="20230405 16:37:25.564" endtime="20230405 16:37:25.689"/>
</kw>
<kw name="Run Keyword If" library="BuiltIn">
<arg>'${elementPresent}' == 'False'</arg>
<arg>Click Element</arg>
<arg>${buttonChiudi}</arg>
<doc>Runs the given keyword with the given arguments, if ``condition`` is true.</doc>
<status status="PASS" starttime="20230405 16:37:25.689" endtime="20230405 16:37:25.689"/>
</kw>
<kw name="Evaluate" library="BuiltIn">
<var>${x}</var>
<arg>${x} + 1</arg>
<doc>Evaluates the given expression in Python and returns the result.</doc>
<msg timestamp="20230405 16:37:25.705" level="INFO">${x} = 5</msg>
<status status="PASS" starttime="20230405 16:37:25.705" endtime="20230405 16:37:25.705"/>
</kw>
<status status="PASS" starttime="20230405 16:37:22.559" endtime="20230405 16:37:25.705"/>
</iter>
<status status="PASS" starttime="20230405 16:37:08.337" endtime="20230405 16:37:25.705"/>
</while>
<status status="PASS" starttime="20230405 16:37:08.337" endtime="20230405 16:37:25.705"/>
</kw>
<status status="PASS" starttime="20230405 16:37:08.337" endtime="20230405 16:37:25.705"/>
</kw>
<kw name="Wait Until Page Contains Element" library="AppiumLibrary">
<arg>${visualizzaDatiCarta}</arg>
<doc>Waits until element specified with `locator` appears on current page.</doc>
<msg timestamp="20230405 16:37:25.800" level="INFO">xpath criteria: //android.widget.TextView[@content-desc="VISUALIZZA DATI CARTA button"]</msg>
<status status="PASS" starttime="20230405 16:37:25.705" endtime="20230405 16:37:25.800"/>
</kw>
<tag>GET</tag>
<status status="PASS" starttime="20230405 16:34:54.633" endtime="20230405 16:37:25.800"/>
</test>
<status status="PASS" starttime="20230405 16:34:54.475" endtime="20230405 16:37:25.800"/>
</suite>
<statistics>
<total>
<stat pass="1" fail="0" skip="0">All Tests</stat>
</total>
<tag>
<stat pass="1" fail="0" skip="0">GET</stat>
</tag>
<suite>
<stat pass="1" fail="0" skip="0" id="s1" name="LoginLunga">LoginLunga</stat>
</suite>
</statistics>
<errors>
</errors>
</robot>
